+++++++++++++++++++++++++
+++++++++++++++++++++++++
+++++++++++++++++++++++++
+++++++++++++XX++++++++++
++++++X++++++++++++++++++
++++++X++++++++++++++++++
++++XX+++++++++++++++++++
+++++++++++++++++X+++++++
+++++++++++++++++++++++++
+++++++++++++++++++++++++
++++++++++++XX+++++++++++
+++++X+++++++++++++++++++
++++X+++++++++++XXX++++++
+++++++++++++++++++++++++
+++++++++++++++++++++++++
+++++++++++++++++++++++++
++++++++++++++XX+++++++++
+++++++++++++++++++++++++
+++++XXXXX+++++++++++++++
+++++++++++++++++++++++++
+++++++++++++++++++XXX+++
+++++++++++++++++++++++++
+++++++++++XXX+++++++++++
+++++++++++++++++++++++++
+++++++++++++++++++++++++

+++++++++++++++++++++++++
+++++++++++++++++++++++++
+++++++++++++XX++++++++++
+++++++++++++XX++++++++++
+++++XXX+++++XX++++++++++
++++X+XX+++++++++++++++++
++++XXX++++++++++++++++++
++++XX+++++++++++X+++++++
+++++++++++++++++++++++++
++++++++++++XX+++++++++++
++++++++++++XX+++++++++++
++++XX++++++XX++X+X++++++
++++XX++++++++++XXX++++++
++++++++++++++++X+X++++++
+++++++++++++++++++++++++
++++++++++++++XX+++++++++
++++++++++++++XX+++++++++
+++++X+++X++++XX+++++++++
+++++XXXXX+++++++++++++++
+++++X+++X+++++++++X+X+++
+++++++++++++++++++XXX+++
+++++++++++X+X+++++X+X+++
+++++++++++XXX+++++++++++
+++++++++++X+X+++++++++++
+++++++++++++++++++++++++

+++++++++++++++++++++++++
+++++++++++++XX++++++++++
++++++++++++XXXX+++++++++
+++++X+X+++++XX++++++++++
++++XXXXX+++XXXX+++++++++
+++XX+XXX++++XX++++++++++
++++XXX++++++++++++++++++
+++XXX+++++++++++X+++++++
++++XX++++++XX+++++++++++
+++++++++++XXXX++++++++++
++++XX++++++XX+++X+++++++
+++XXXX++++XXXXXX+XX+++++
+++XXXX+++++XX++XXX++++++
++++XX+++++++++XX+XX+++++
++++++++++++++X+XX+++++++
+++++++++++++XXXX++++++++
++++++++++++++XX+++++++++
++++XX+++XX++XXXX++++++++
+++++XXXXX++++XX++++X++++
++++XX+++XX+++++++XX+XX++
++++++++++X+X++++++XXX+++
++++++++++XX+XX+++XX+XX++
+++++++++++XXX++++++X++++
++++++++++XX+XX++++++++++
++++++++++++X++++++++++++

+++++++++++++XX++++++++++
+++++++++++++XX++++++++++
++++++X+++++XXXX+++++++++
+++++X+X+++X+XX+X++++++++
++++XXXXXX++XXXX+++++++++
+++XX+XXXX+++XX++++++++++
++X+XXX+X++++XX++++++++++
+++XXX++++++XX+++X+++++++
++++XXX+++++XX+++++++++++
+++X++X++++XXXX++++++++++
++++XX++++X+XX+++X+X+++++
++XXXXXX+++XXXXXX+XX+++++
++XXXXXX++++XX++XXX+X++++
++++XX++++++X++XX+XX+++++
++++XX++++++++X+XX+X+++++
+++++++++++++XXXX++++++++
++++XX+++XX+X+XX+X+++++++
++++XX+++XX++XXXX++++++++
+++X+XXXXX+X++XX+XX+X+X++
++++XX+++XX++XXX++XX+XX++
++++XX++++X+X+X++X+XXX+X+
+++++++++XXX+XX+++XX+XX++
+++++++++X+XXX+X++X+X+X++
++++++++++XX+XX++++++++++
++++++++++X+X+X++++++++++

++++++++++++XXXX+++++++++
+++++++++++++XX++++++++++
+++++XXX+++XXXXXX++++++++
+++++X+X+XXX+XX+X++++++++
++++XXXXXX+XXXXXX++++++++
++XXX+XXXXX++XX++++++++++
++X+XXX+X++++XXX+++++++++
++XXXX+++++XXX+++X+++++++
++X+XXXX++++XX+++++++++++
+++X++XX++XXXXX+++X++++++
++++XX++++X+XX+++X+XX++++
+XXXXXXXX+XXXXXXX+XX+++++
+XXXXXXXX+++XX++XXX+X++++
++X+XX+X+++XX++XX+XX+++++
+++XXXX+++++X+X+XX+XX++++
+++X++X++XXXXXXXX++++++++
+++XXXX+XXX+X+XX+X+++++++
++++XX+++XX++XXXX++X+X+++
+++X+XXXXX+X++XX+XX+X+XX+
++++XX+++XX++XXX++XX+XX++
+++XXXX+X+X+X+X+XX+XXX+X+
++++XX++XXXX+XX+X+XX+XX++
++++++++XX+XXX+X+XX+X+XX+
++++++++++XX+XX++++X+X+++
+++++++++XX+X+XX+++++++++

++++++++++++XXXX+++++++++
+++++X+X+++++XX++++++++++
++++XXXX+X+XXXXXXX+++++++
+++++X+X+XXX+XX+X++++++++
++X+XXXXXX+XXXXXXX+++++++
+XXXX+XXXXX++XX++++++++++
++X+XXX+X++++XXXX++++++++
++XXXX++X++XXX+XXX+++++++
+XX+XXXXX+++XX+++XX++++++
++XX++XXXXXXXXX++XX+X++++
+X++XX++++X+XX+++X+XX++++
XXXXXXXXX+XXXXXXX+XX+X+++
XXXXXXXXX+++XX++XXX+X++++
++X+XX+X+++XX++XX+XX+X+++
+++XXXX+XX++X+X+XX+XX++++
+++X++X++XXXXXXXX++XX++++
++XXXXX+XXX+X+XX+XX+X++++
++X+XX+++XX++XXXX++X+X+X+
+++X+XXXXX+X++XX+XX+X+XX+
++X+XX+++XX++XXX++XX+XX+X
+++XXXX+X+X+X+X+XX+XXX+X+
++++XX++XXXX+XX+X+XX+XX+X
++++XX+XXX+XXX+X+XX+X+XX+
++++++++++XX+XX++X+X+X+X+
+++++++++XX+X+XX++++X++++

+++++++++++++XX++++++++++
++++++X++++X+XX+X++++++++
++++++X+X+++XXXX+++++++++
+++++X+X++XX+XX+XX+++++++
++++XXXXXX+XXXXX+++++++++
+++XX+XXXX+X+XX+X++++++++
+XX+XXX+++XX+XX++++++++++
+X+XXX++++++XX+++X+++++++
++++XXX+++X+XX+++++++++++
++++++X++++XXX+++++X+++++
++++XX++X+X+XX++X++X+++++
++XXXXXX+++XXXX+X+XX+++++
+XXXXXXXXXX+XX++XXX++++++
+XX+XX+XX+++X+XXX+XX+++++
++XXXXXX++++X+X+XX+++++++
++XX++X+XXXXXXXXX+X++++++
++++XX+X+XX+X+XX+++++++++
++++XX+++XX+XXXXX+++X+X++
+++++XX+XX++X+XX++X+X+X++
++++XX+++XX+XXXX++XX+XX++
++++XX+X++X+++X++X+XXX+++
+++XXXX+XXXX+XX+X+XX+XX++
+++++++++X+XXX++X+X+X+X++
++++++++X+XX+XX+X+X+X+X++
+++++++++++++++++++++++++

+++++++++++++++++++++++++
+++++++++++++XX++++++++++
++++++++++++XXXX+++++++++
++++XX+X+++++XX++++++++++
+++XXXXXX+X+XXXX+++++++++
+++XX+XXXX+++XX++++++++++
++++XXX++X+++XX++++++++++
+++XXX+X++++XX+++X+++++++
++++XX++++++XX+++++++++++
+++++++++++XXX+++++++++++
++X+XX+X++++XX++X++++++++
+++XXXX++++XXXX+X+XXX++++
+++XXXX+++++XX++XXX++++++
++++XX++++++++XXX+XXX++++
++++++++++++++X+XX+++++++
+++++++++++++XXXX+X++++++
+++++++++++X++XX+++++++++
+++XXX+X+XX+XXXXX+X++++++
+++++XX+XX++X+XX+++++++++
+++XXX+X+XX+XXXX++XX+XXX+
++++++++++X+++X++++XXX+++
++++++++++XX+XXX+XXX+XXX+
+++++++++++XXX+++++++++++
+++++++++XXX+XXX+++++++++
+++++++++++++++++++++++++

+++++++++++++XX++++++++++
+++++++++++++XX++++++++++
+++++XX+++++XXXX+++++++++
+++XXX+X+X+X+XX+X++++++++
+++XXXXXXXXXXXXX+++++++++
++XXX+XXXX+++XX++++++++++
++X+XXXXXX+++XX++++++++++
+++XXXXX+X++XX+++X+++++++
++++XXX+++++XX+++++++++++
++XX+XX++++XXXXXXXX++++++
+XX+XX+XX+X+XXX+XXXXX++++
++XXXXXX+++XXXXXXXXXXX+++
+XXXXXXXX+++XXXXXXX+X++++
+++XXXX+++++XXXXX+XXXX+++
++++XX+++++++XX+XXXXX++++
+++X++X++X++XXXXXXXX+++++
+++XXXX+XXXXXXXX+X+X+++++
++XXXX+X+XX+XXXXX+X++X+++
+++X+XXXXX+XX+XX+XX+XXXX+
++XXXX+XXXX+XXXXX+XX+XXXX
+++XXXX+X+XXXXX++XXXXX+X+
++++XX++XXXX+XXX+XXX+XXXX
+++++++++X+XXX+X+XXXXXXX+
++++++++XXXX+XXXX++X+X+++
+++++++++XXXXXXX+++++++++

+++++++++++++++++++++++++
+++++++++++++XX++++++++++
++++++++++++XXXX+++++++++
++++XX+X++X++XX++++++++++
+++XXXXXX+++XXXX+++++++++
+++XX+XX+XX++XX++++++++++
++++XXX+XX+++XX++++++++++
+++XXX++X+++XX+++X+++++++
++++XXXX++++XX+++++++++++
++++++XX+++XXX+++++++++++
+++XXXX+++++XX+X+++++++++
+XX+XX+XX++XXXX+++X++++++
+++XXXX+++++XX++XXXXXX+++
++++XX++++++++XXX+X++++++
++++++++++++++X+XX+X+++++
++++++++++XX+XXXX++++++++
++++X+++++X+X+XX+XX++++++
++++XXXXXXX+X+XXX++X+++++
++XXXX+X+X+X+XXX+XXX+++++
++++XXXX+XX+++XX+X+X+X+++
++++X+++++X+++X+X++XXXXXX
++++++++++XX+XXX+++X+X+++
++++++++XXXXXXXX+++++++++
+++++++++++X+X+++++++++++
+++++++++++++++++++++++++

+++++++++++++++++++++++++
++++++++++++XXXX+++++++++
+++++++++++++XX++++++++++
++++X+++X++++XX++++++++++
+++XXXXXX++++XX++++++++++
++++X+XX++++XXXX+++++++++
++++XXX++++++++++++++++++
++++XX+++++++++++X+++++++
+++XX++++++XXXX++++++++++
++++++++++++XX+++++++++++
+++XXXX+++++XX++X+X++++++
+++XXXX+++++XXX+X+X++++++
+++XXXX++++XXX++XXX++++++
+++XXXX++++++XXXX+X++++++
+++++++++++++XX+XXX++++++
++++++++++++++XXXX+++++++
++++++++++++++XX+++++++++
+++++++X++++++XX+++++++++
+++++XX+XX+++XXXX++X+X+++
+++++++X+X+X+++++++X+X+++
++++++++++X++X+++++XXX+++
+++++++++++X+X+++++X+X+++
+++++++++++XXX+++++X+X+++
+++++++++++X+X+++++++++++
+++++++++++X+X+++++++++++

+++++++++++++++++++++++++
+++++++++++XXXXXX++++++++
++++XXXXX++XXXXXX++++++++
+++XXXXXX++XXXXXX++++++++
++XXXXXXXX+XXXXXX++++++++
++XXX+XXX++XXXXXX++++++++
++XXXXX++++++++++++++++++
++XXXX+++++++++++X+++++++
++XXXX++++XXXXXX+++++++++
++XX+XX+++XXXXX+X+X++++++
+++XXXX+++XXXXX+XXXX+++++
+++XXXX+++XXXXXXX+XX+++++
+++XXXX+++XXXX+XXXXXX++++
+++XXXX++++++XXXX+XX+++++
+++++++++++++XX+XXXX+++++
++++++++++++XXXXXXX++++++
++++XXX+XXX+XXXXXX+++++++
++++XX+X+XX+XXXXXX+X+X+++
+++X+XXXXX+++XXXX+XXXXX++
++++XX+XXXXX++X++XXX+XX++
++++XXX++XX+XXX++XXXXXXX+
++++++++++XXXXX+++XX+XX++
+++++++++XXXXXXX++XXXXX++
++++++++++XX+XX++++X+X+++
++++++++++XXXXX++++++++++

+++++++++++X++++X++++++++
++++X+++X+XXXXXXXX+++++++
++++XXXXXX+XXXXXX++++++++
+++XXXXXX++XXXXXX++++++++
+XXXXXXXXX+XXXXXX++++++++
++XXX+XXXX+XXXXXXX+++++++
++XXXXX++++X++++X++++++++
++XXXX++++X++++X+X+++++++
++XXXX+++XXXXXXXXX+++++++
+XXX+XXX++XXXXX+X+X++++++
+++XXXXX++XXXXX+XXXXX++++
+++XXXX+++XXXXXXX+XX+++++
+++XXXX++XXXXX+XXXXXX++++
+++XXXX+++XX+XXXX+XX+++++
+++++++++++++XXXXXXXX++++
++++X+XXX+X+XXXXXXX++++++
+++XXXX+XXX+XXXXXX+XX++++
++++XX+X+XX+XXXXXX+X+X+++
+++X+XXXXX+++XXXX+XXXXXX+
++++XX+XXXXX++X++XXX+XX++
+++XXXX++XX+XXX+XXXXXXXX+
++++X+X+X+XXXXX+X+XX+XX++
+++++++++XXXXXXX+XXXXXXX+
++++++++++XX+XX++++X+X+++
+++++++++XXXXXXX++++X++++

++++++++++++XXXX+++++++++
+++++XXX++++XXXX+++++++++
+++XXXXX++XXXXXXXX+++++++
++XXXXXXXX+XXXXXXX+++++++
++XXXXXXX++XXXXXXX+++++++
+XXXX+XXX+X+XXXX+++++++++
+XXXXXX+++++XXXX+++++++++
+XXXXX+++++XXXX++X+++++++
+XXXX+X++++XXXX++++++++++
++XX+++++XXXXXX++++X+++++
++X++++++XXXXX+++XX++++++
+++XXXX++XXXXXX+X+XX+++++
+++XXXX++++XX+++XXXX+++++
+++XXXX+++++++XXX+XX+++++
+++++++++++++XX+XXXX+++++
+++++X+++X+XXXX+XXXX+++++
+++++X+X+X++XXXXXX+++++++
+++XXX+++X++XXXXXX++++X++
+++++XX+XX+++XXXX+XXXX+++
+++XXX++++++++X++XXX+XX++
+++++X+XX+X+XX+X+XX+X+X++
+++++X++++XXXXX+++XX+XX++
++++++++++XXXXX++++XXX+++
++++++++++XX+XX+++X+++X++
+++++++++++++++++++++++++

+++++++++++++++++++++++++
++++++++++++XXXX+++++++++
+++++++++++++XX++++++++++
++++++++X++++XX++++++++++
++++XXX++++++XX++++++++++
++++X+XX++++XXXX+++++++++
++++XXX++++++++++++++++++
+++++X+++++++++++X+++++++
+++X+++++++XXXX++++++++++
++++X+++++++XX+X+X+++++++
+++XXXX+++++XX+X+X+++++++
+++XXXX+++++XXX++X+++++++
+++XXXX++++X+XX+XXX++++++
+++XXXX+++++X++XX+X++++++
++++++++++++X+X+XX+++++++
++++++++++++++XXXX+++++++
++++++++++++++XX+++++++++
++++++XXX+++++XX++++X++++
+++++XXXX++XXXXXXX++X++++
++++++XX+X+++X++++++X++++
++++++++++++X++++++XXX+++
+++++++++++X++++++++X++++
+++++++++++XXX++++++X++++
++++++++++++X+++++++X++++
++++++++++++X++++++++++++

+++++++++++++++++++++++++
++++++++++++XXXX+++++++++
+++++++++++++XX++++++++++
+++XX++XX++++XX++++++++++
+++XXXXXX++++XX++++++++++
++++X+XXX+++XXXX+++++++++
++++XXX++++++++++++++++++
+++XXX+++++++++++X+++++++
+++XX++++++XXXX+X++++++++
+++XXX++++++XXXX+X+++++++
+++XXXX+++++XXXXXXXX+++++
+++XXXX+++++XXX+XXXX+++++
+++XXXX++++XXXX+XXX++++++
+++XXXX+++++XXXXX+X++++++
+++++++++++XXXX+XXX++++++
++++++++++++XXXXXX+++++++
+++++++X++++++XX+++++++++
++++++XXXXXXX+XX++X+X++++
+++++XXXXX+XXXXXXX+XXXX++
++++++XXXX+X+XX++++XXXX++
++++++++++X+XX++++XXXXX++
+++++++++++X+XX+++XXXXX++
+++++++++++XXXX+++XXXXX++
++++++++++XXXXX+++++X++++
++++++++++XXXXX++++++++++

+++++++++++++++++++++++++
++++++++++++XXXX+++++++++
+++++++++++++XX++++++++++
++++++++X++++XX++++++++++
++++XXX++++++XX++++++++++
++++X+XX++++XXXX+++++++++
++++XXX++++++++++++++++++
+++++X+++++++++++X+++++++
++++XX+++++XXXX++++++++++
++++X+++++++XX++++X++++++
+++XXXX+++++XX+++X+++++++
+++XXXX+++++XXX++XX++++++
+++XXXX++++XXX+XX+X++++++
+++XXXX++++XX+XXX+X++++++
++++++++++++++++XX+++++++
++++++++++++++XXXX+++++++
++++++++++++++XX+++++++++
++++++X+++++++XX+++X+X+++
+++++X++++X++XXXXXX+X++++
++++++XX+X++++++++XXXX+++
+++++++++++XXXX++++XXX+++
+++++++++++XXX+++++XXX+++
+++++++++++XX+++++++X++++
+++++++++++XXX+++++X+X+++
+++++++++++XXX+++++++++++

+++++++++++++++++++++++++
+++++++++++++++++++++++++
+++++++++++++++++++++++++
++++++X+++++XXXX+++++++++
++++++X++++++++++++++++++
++++++XX+++++++++++++++++
+++XXXXX+++++++++++++++++
+++++XX++++++++++X+++++++
+++++++++++++++++++++++++
+++++++++++++++++++++++++
+++++++++++XXXX++++++++++
+++++++++++++++++++++++++
+++++++++++++++X+X+X+++++
+++++++++++++++++++++++++
+++++++++++++++X+++++++++
+++++++++++++++++++++++++
+++++++++++++XXXX++++++++
+++++++X+++++++++++++++++
++++X+X+X+X++++++++++++++
+++++++X+++++++++++++++++
++++++++++++++++++X+X+X++
+++++++++++++++++++++++++
++++++++++X+X+X++++++++++
+++++++++++++++++++++++++
+++++++++++++++++++++++++

+++++++++++++++++++++++++
+++++++++++++XX++++++++++
++++++++++++XXXX+++++++++
+++++XXX++++XXXX+++++++++
++++XXXX++++XXXX+++++++++
+++XXXXXX++++XX++++++++++
+++XXXXX+++++++++++++++++
+++XXXXX+++++++++X+++++++
+++++X++++++XX+++++++++++
+++++++++++XXXX++++++++++
++++XX+++++XXXXX+X+++++++
+++XXXX++++XXX++X+X++++++
+++XXXX+++++XXXXXXXX+++++
++++XX++++++++X+X+X++++++
+++++++++++++++X+X+++++++
+++++++++++++XXX+++++++++
++++++X+X++++XXXX++++++++
+++++X+X+X+++XXXX++++++++
++++XXXXXXX+++XX++++X++++
+++++X+X+X+++++++++X+X+++
++++++X+X+X+X+++++XXXXX++
+++++++++++X+X+++++X+X+++
++++++++++XXXXX+++++X++++
+++++++++++X+X+++++++++++
++++++++++++X++++++++++++

+++++++++++++XX++++++++++
+++++++++++++XX++++++++++
+++++X+X+++XXXXXX++++++++
+++++XXXX+++XXXX+++++++++
++++XXXX+++XXXXXX++++++++
++XXXXXXX++++XX++++++++++
+++XXXXX+++++XX++++++++++
++XXXXXXX+++XX+++X+++++++
+++X+X+X++++XX+++++++++++
++++++X+++XXXXX+X++++++++
++++XX+++++XXXXX+XX++++++
++XXXXXX++XXXX++X+X++++++
++XXXXXX++++XXXXXXXX+++++
++++XX++++++X+X+X+X++++++
++++XX+++++++++X+XX++++++
+++++++X++++XXXX+X+++++++
+++++XX+XX+++XXXXX+++++++
+++++X+X+X++XXXXXX+++++++
++++XXXXXXX+++XX+++XXX+++
+++++X+X+X+++XXX+++X+X+++
+++++XX+X+X+XX++++XXXXX++
+++++++X+++X+X+++++X+X+++
++++++++++XXXXX++++XXX+++
+++++++++++X+X+++++++++++
+++++++++++XXX+++++++++++

++++++++++++XXXX+++++++++
++++++X++++X+XX+X++++++++
++++XX+X+++XXXXXX++++++++
+++++XXXX+X+XXXX+X+++++++
++X+XXXX+X+XXXXXX++++++++
++XXXXXXX++X+XX+X++++++++
+X+XXXXX+X+++XXX+++++++++
++XXXXXXX++XXX+++X+++++++
+++X+X+X+XX+XX+X+++++++++
+++X++XX++XXXXX+X+X++++++
++X+XX+++X+XXXXX+XXX+++++
+XXXXXXXX+XXXX++X+X++++++
+XXXXXXXX+X+XXXXXXXX+++++
++X+XX+X+++XX+X+X+X++++++
+++XXX+++++X+++X+XXX+++++
+++++++X+X++XXXX+X+++++++
++++XXX+XXXX+XXXXX+++++++
+++++X+X+X+XXXXXXX+X+X+++
++++XXXXXXXX++XX+X+XXXX++
+++++X+X+X+++XXXX++X+X+++
++++XXX+X+X+XX+X++XXXXX++
+++++X+XX++X+X+++++X+X+++
++++++++++XXXXX+++XXXXX++
+++++++++++X+X+++++X+X+++
++++++++++XXXXX++++++++++

+++++++++++++++++++++++++
+++++++++++++XX++++++++++
++++++++X+++XXXX+++++++++
+++++XXX++++XXXX+++++++++
++++XXXX++++XXXX+++++++++
+++XXXXX+++++XX++++++++++
+++XXXXX+++++XX++++++++++
+++XXXXX++++XX+++X+++++++
++X++X+XX+++XX+++++++++++
+++++++++++XXXX++X+++++++
++++XX+X+++XXXXX+X+++++++
+++XXXX++++XXX++X+X++++++
+++XXXX+++++XXXX+X+++++++
++++XX++++++++X+X+X++++++
++++++X+++++X++X+X+++++++
++++X+++X+++++X++X+++++++
++++++X+X++++XXXXXX++++++
+++++X+++X+++XXXX+X+X++++
++++++X+X+++X+XX++X+X++++
+++++X+++X+XXXX++++X+X+++
++++++X++X+XXX++++++X++++
++++++X++X+X+X+++++X+X+++
++++++++++++X+++++++X++++
+++++++++++X+X++++++X++++
++++++++++++X++++++++++++

+++++++++++++++++++++++++
++++++++++++XXXX+++++++++
++++++X++++++XX++++++++++
++++X+X++++XXXXXX++++++++
+++XXXXX+++++XX++++++++++
++++XXXX++++XXXX+++++++++
++XXXXXX+++++++++++++++++
++++XXX++++++++++X+++++++
+++++++++++XXXX++++++++++
++++XX++++++XXXX+++++++++
+++XXXX+++XXXXX+X++++++++
+++XXXX+++++XX++X++X+++++
+++XXXX++++XXXXX+X+++++++
+++XXXX+++++++X+X++X+++++
+++++++++++++X+X+++++++++
++++++++++++++X++++++++++
+++++++X++++XXXX+++++++++
++++X+++++X+++XX+++++++++
++++++X+X++++XXXX++++++++
++++X++++X+X++++++X+++X++
+++++++X+X+X++++++++X++++
+++++++++X+X++X+++X+++X++
++++++++++++X++++++++++++
++++++++++X+++X++++++++++
+++++++++++++++++++++++++

+++++++++++++++++++++++++
+++++++++++XXXXXX++++++++
++++X+XX++++XXXX+++++++++
+++XXXXX+++XXXXXX++++++++
++XXXXXXX+++XXXX+++++++++
+++XXXXXX++XXXXXX++++++++
++XXXXXXX++++++++++++++++
++XXXXXX+++++++++X+++++++
+++X+X++++XXXXXX+++++++++
+++XXX+++++XXXXX+X+++++++
+++XXXX+++XXXXXXXX+X+++++
+++XXXX++++XXX++X+XXX++++
+++XXXX+++XXXXXXXXXX+++++
+++XXXX+++++X+X+X+XXX++++
++++++++++++XX+XXX+X+++++
++++++X+X++++XXX+X+++++++
++++X+XXX+XXXXXXXX+++++++
+++XXX+X+XX++XXXX++++++++
++++XXXXXXX++XXXX+X+X+X++
+++XXX+X+X+X+X++++XX+XXX+
++++X+XXXXXXX+X+++XXXXX++
++++++X++X+X+XXX+XXX+XXX+
++++++++++XXXXX+++X+X+X++
+++++++++XXX+XXX+++++++++
++++++++++X+X+X++++++++++

+++++++++++++++++++++++++
++++++++++++XXXX+++++++++
+++++X+++++XXXXXX++++++++
+++++X+++++++XX++++++++++
++++XXXX+++XXXXXX++++++++
++XXXXXX++++XXXX+++++++++
++++XXXX+++++++++++++++++
++++XXX++++++++++X+++++++
+++++XX++++XXXX++++++++++
++++++X+++XXXX+++++++++++
+++X++X+++++XXXX+XX++++++
+++XXXX+++XXXX+XX++++++++
+++XXXX++++XXXXX+X++X++++
+++XXXX+++++++X+X++++++++
+++++++++++++XXX++X++++++
+++++++X++++XX++X++++++++
+++++XX+XX++++++X++++++++
+++++++++++XXXX+XX+++++++
+++X++XXXX+XXXXXXX+XXX+++
+++++++++X+X+++++X+++++++
+++++XX+++++XX+++X++X++X+
+++++++X+X+X+++++++++++++
+++++++++X+XX++X+++XXX+++
+++++++++++++++++++++++++
+++++++++++XXX+++++++++++

+++++++++++++++++++++++++
+++++++++++++++++++++++++
+++++++++++++XX++++++++++
+++++++++++++XX++++++++++
+++++X+++++++XX++++++++++
++++X++X+++++++++++++++++
++++++XX+++++++++++++++++
+++++XX++++++++++X+++++++
+++++++++++++++++++++++++
++++++++++++XX+++++++++++
++++++++++++XX+++++++++++
++++XX++++++XXX+X+XX+++++
++++XX++++++++++XXX++++++
++++++++++++++++X+XX+++++
++++++++++++++X+X++++++++
++++++++++++++XXX++++++++
++++++++++++++XX+++++++++
++++XX+X+XX+++XX+++++++++
+++++XXXXX+++++++++++++++
++++XX+X+XX+++++++XX+XX++
+++++++++++++++++++XXX+++
++++++++++XX+XX+++XX+XX++
+++++++++++XXX+++++++++++
++++++++++XX+XX++++++++++
+++++++++++++++++++++++++

+++++++++++++++++++++++++
+++++++++++++XX++++++++++
++++++++++++XXXX+++++++++
++++++XX++++XXXX+++++++++
++++XXX+++++XXXX+++++++++
++++X+XX+++++XX++++++++++
+++XXXXX+++++++++++++++++
+++X+XX++++++++++X+++++++
++++++++++++XX+++++++++++
+++++++++++XXXX++++++++++
++++XX+++++XXXX++XXX+++++
+++XXXX++++XXXX+X+XXX++++
+++XXXX+++++X++XXXXX+++++
++++XX++++++++++X+XXX++++
+++++++++++++XXXX+XX+++++
++++++++++++++XXX++++++++
++++XX+++XX++XXXXX+++++++
+++XXX+X+XXX+XXXX++++++++
++++XXXXXXX+++XX++XXXXX++
+++XXX+X+XXX+++++XXX+XXX+
++++XX++++++XXX+++XXXXX++
+++++++++XXX+XXX+XXX+XXX+
++++++++++XXXXX+++XXXXX++
+++++++++XXX+XXX+++++++++
++++++++++XXXXX++++++++++

+++++++++++++XX++++++++++
+++++++++++++XX++++++++++
++++++XX+++XXXXXX++++++++
++++X+XX++++XXXX+++++++++
+++XXXX+X++XXXXXX++++++++
++++X+XX+++++XX++++++++++
++XXXXXX+++++XX++++++++++
++XX+XX+++++XX+++X+++++++
++++X+++++++XX+++++++++++
++++XX++++XXXXXX+X+X+++++
++++XX+++++XXXX+XXXX+++++
++XXXXXX++XXXXX+X+XXX++++
++XXXXXX++++X++XXXXX+X+++
++++XX++++++X+++X+XXX++++
++++XX+++++++XXXX+XX+++++
++++XX+++XX+X+XXX++X+++++
++++XXX+XXX++XXXXX+++++++
+++XXX+X+XXX+XXXX+++++X++
++X+XXXXXXX+++XX++XXXXX++
+++XXX+X+XXX++++XXXX+XXX+
++++XXX+X+++XXX+++XXXXX+X
++++XX+++XXX+XXXXXXX+XXX+
++++++++X+XXXXX+++XXXXX++
+++++++++XXX+XXX++X+++X++
++++++++++XXXXX++++++++++

+++++++++++++++++++++++++
++++++++++++XXXX+++++++++
+++++++++++++XX++++++++++
+++++++++++XXXXXX++++++++
+++++XX++++++XX++++++++++
++++X+X+++++XXXX+++++++++
++++XXX++++++++++++++++++
+++++++++++++++++X+++++++
+++++++++++XXXX++++++++++
++++++++++++XX++++X++++++
+++XXXX+++XXXXX+++XXX++++
+++XXXX+++++XX++++XX+++++
+++XXXX++++X++XX+XXX+++++
+++XXXX++++++X++X+XX+++++
++++++++++++++XXX++XX++++
++++++++++++++XXX+X++++++
+++XX+++++XXX+XXX++++++++
++++XX+X+XX+X+XXX+XXXX+++
++++XXXXXXX+XXXX++XXXXXX+
++++XX+XX+X+X++X++XX+XX++
+++XX+++++++XXXXX+XXXXX++
++++++++++XX+XX+++XX+XX++
++++++++++XXXXX+XXXXXXXX+
++++++++++XX+XX++++XXX+++
+++++++++XXXXXXX+++++++++

+++++++++++++++++++++++++
+++++++++++++++++++++++++
+++++++++++++++++++++++++
+++++XX+++++XXXX+++++++++
+++++XXX+++++++++++++++++
+++XX+XX+++++++++++++++++
+++XXXXX+++++++++++++++++
++++XXX++++++++++X+++++++
+++++++++++++++++++++++++
+++++++++++++++++++++++++
+++++++++++XXXXX+++++++++
+++++++++++++++++++++++++
+++++++++++++XX++XX+X++++
++++++++++++++X+X++++++++
++++++++++++++++X++++++++
+++++++++++++XXXXX+++++++
+++++++++++++XXXX++++++++
++++++XXX++++++++++++++++
+++X+XXXXX+X+++++++++++++
++++++XXX++++++++++++++++
+++++++++X+X+++++X+XXX+X+
+++++++++++++++++++++++++
+++++++++X+XXX+X+++++++++
+++++++++++++++++++++++++
+++++++++++++++++++++++++

+++++++++++++++++++++++++
+++++++++++++XX++++++++++
+++++XX+++++XXXX+++++++++
+++++XX+++++XXXX+++++++++
++++XXXX++++XXXX+++++++++
++XXX+XX+++++XX++++++++++
++XXXXXX+++++++++++++++++
++++XXX++++++++++X+++++++
++++++++++++XX+++++++++++
+++++++++++XXX+X+++++++++
++++XX+++++XXXXXXXXX+++++
+++XXXX++++XXXX+X+XXX++++
+++XXXX++++++XX+XXX+X++++
++++XX++++++++X+XXXXX++++
++++++++++++++XXXX+X+++++
++++++++++++XXXXXX+++++++
++++X+XXX+X+XXXXXX+++++++
+++XXXXXXXXXXXXXX++++++++
+++X+XXXXX+X++XX++XXXXX++
+++XXXXXXXX+X++++XXXXXXX+
++++X+XX+X+X+XX++X+XXX+X+
++++++++X+XX+XXXXXXXXXXX+
+++++++++X+XXX+X++XXXXX++
+++++++++XXXXXXX+++++++++
++++++++++XXXXX++++++++++

+++++++++++++++++++++++++
+++++++++++++++++++++++++
+++++++++++++XX++++++++++
+++++++X+++++XX++++++++++
+++++XX++++++XX++++++++++
++++X++++++++++++++++++++
++++X+XX+++++++++++++++++
+++X++X++++++++++X+++++++
+++++++++++++++++++++++++
++++++++++++XXX++++++++++
++++++++++++XXX++++++++++
++++XX++++++X+++XX+X+++++
++++XX++++++XXX++XX++++++
++++++++++++++++X++X+++++
+++++++++++++XX+X+X++++++
+++++++++++++++XXX+++++++
+++++X+++X++++X++++++++++
++++XXXXXXX+++XX+++++++++
+++++XXXXX+++++++++++++++
++++XXXX+X+X++++++X+++X++
+++++X++XX++X++++++XXX+++
+++++++++X+XX+X+++X+++X++
+++++++++++XXX+++++++++++
++++++++++X+++X++++++++++
+++++++++++++++++++++++++

+++++++++++++++++++++++++
+++++++++++++++++++++++++
+++++++++++++++++++++++++
+++++++++++++XX++++++++++
++++++X++++++++++++++++++
+++++++++++++++++++++++++
++++X++++++++++++++++++++
+++++++++++++++++X+++++++
+++++++++++++++++++++++++
+++++++++++++++++++++++++
++++++++++++XX+++++++++++
+++++X+++++++++++X+++++++
++++X+++++++++++X+X++++++
+++++++++++++++++X+++++++
+++++++++++++++++++++++++
+++++++++++++++++++++++++
++++++++++++++XX+++++++++
++++++XXX++++++++++++++++
+++++X+++X+++++++++++++++
++++++XXX+++++++++++X++++
+++++++++++++++++++X+X+++
++++++++++++X+++++++X++++
+++++++++++X+X+++++++++++
++++++++++++X++++++++++++
+++++++++++++++++++++++++

+++++++++++++++++++++++++
+++++++++++++++++++++++++
+++++++++++++++++++++++++
+++++++++++++XX++++++++++
++++++X++++++++++++++++++
+++++XX++++++++++++++++++
++++XXX++++++++++++++++++
+++++++++++++++++X+++++++
+++++++++++++++++++++++++
+++++++++++++++++++++++++
++++++++++++XX+++++++++++
+++++X++++++++++XXX++++++
++++X+++++++++++XXX++++++
++++++++++++++++XXX++++++
+++++++++++++++++++++++++
+++++++++++++++++++++++++
++++++X+X+++++XX+++++++++
+++++XXXXX+++++++++++++++
+++++XXXXX+++++++++++++++
+++++XXXXX+++++++++XXX+++
++++++X+X++++++++++XXX+++
+++++++++++XXX+++++XXX+++
+++++++++++XXX+++++++++++
+++++++++++XXX+++++++++++
+++++++++++++++++++++++++

+++++++++++++++++++++++++
+++++++++++++++++++++++++
+++++++++++++++++++++++++
+++++++++++++XX++++++++++
+++++XX++++++++++++++++++
++++XXXX+++++++++++++++++
++++XXXX+++++++++++++++++
+++++XX++++++++++X+++++++
+++++++++++++++++++++++++
+++++++++++++++++++++++++
++++++++++++XX++X+X++++++
+++++X++++++++++XXX++++++
++++X++++++++++XXXXX+++++
++++++++++++++++XXX++++++
++++++++++++++++X+X++++++
+++++++X+++++++++++++++++
++++++X+X+++++XX+++++++++
+++++XXXXX+++++++++++++++
++++XXXXXXX++++++++X+X+++
+++++XXXXX+++++++++XXX+++
++++++X+X+XX+X++++XXXXX++
+++++++X+++XXX+++++XXX+++
++++++++++XXXXX++++X+X+++
+++++++++++XXX+++++++++++
+++++++++++X+X+++++++++++

+++++++++++++++++++++++++
+++++++++++++++++++++++++
+++++++++++++++++++++++++
+++++XX++++++XX++++++++++
+++++XX++++++++++++++++++
+++XXXXXX++++++++++++++++
+++XXXXXX++++++++++++++++
+++++XX++++++++++X+++++++
+++++XX++++++++++++++++++
+++++++++++++++++X+++++++
++++++++++++XX+XX+XX+++++
+++++X++++++++++XXX++++++
++++X++++++++++XXXXX+++++
++++++++++++++++XXX++++++
+++++++++++++++XX+XX+++++
++++++XXX++++++++X+++++++
++++++X+X+++++XX+++++++++
++++XXXXXXX+++++++++X++++
++++XXXXXXX+++++++XX+XX++
++++XXXXXX++X++++++XXX+++
++++++X+X+XX+XX+++XXXXX++
++++++XXX++XXX+++++XXX+++
++++++++++XXXXX+++XX+XX++
+++++++++++XXX++++++X++++
++++++++++XX+XX++++++++++

+++++++++++++++++++++++++
+++++++++++++++++++++++++
+++++XX++++++++++++++++++
++++XXXX+++++XX++++++++++
+++X+XX+X++++++++++++++++
++XXXXXXXX+++++++++++++++
++XXXXXXXX+++++++++++++++
+++X+XX+X++++++++X+++++++
++++XXXX+++++++++++++++++
+++++XX++++++++X+X+X+++++
++++++++++++XX+XX+XX+++++
+++++X++++++++X+XXX+X++++
++++X++++++++++XXXXX+++++
++++++++++++++X+XXX+X++++
++++++X+X++++++XX+XX+++++
+++++XXXXX+++++X+X+X+++++
++++X+X+X+X+++XX+++++++++
+++XXXXXXXXX++++++X+X+X++
++++XXXXXXX+++++++XX+XX++
+++XXXXXXX++X+X++X+XXX+X+
++++X+X+X+XX+XX+++XXXXX++
+++++XXXX++XXX+X+X+XXX+X+
++++++X+XXXXXXX+++XX+XX++
+++++++++X+XXX+X++X+X+X++
++++++++++XX+XX++++++++++

+++++++++++++++++++++++++
+++++++++++++++++++++++++
+++++++++++++++++++++++++
+++++++++++++XX++++++++++
+++++XX++++++++++++++++++
++++XXXX+++++++++++++++++
++++XXXX+++++++++++++++++
+++++XX++++++++++X+++++++
+++++++++++++++++++++++++
++++++++++++++++X+X++++++
++++++++++++XX++X+X++++++
+++++X++++++++++XXX++++++
++++X+++++++++++XXX++++++
++++++++++++++++XXX++++++
+++++++X++++++++X+X++++++
+++++++X++++++++X+X++++++
++++++X+X+++++XX+++++++++
+++++XXXXX+++++++++X+X+++
+++XXXXXXX+X+++++++X+X+++
+++++XXXXX+++X+++++XXX+++
++++++X+X++X+X+++++XXX+++
+++++++X+++XXX+++++XXX+++
+++++++X+++XXX+++++X+X+++
+++++++++++XXX+++++X+X+++
+++++++++++++++++++++++++

+++++++++++++++++++++++++
+++++++++++++++++++++++++
+++++++++++++++++++++++++
+++++++++++++XX++++++++++
++++XXXX+++++++++++++++++
++++XXXX+++++++++++++++++
++++XXXX+++++++++++++++++
++++XXXX+++++++++X+++++++
+++++++++++++++++++++++++
+++++++++++++++++++++++++
++++++++++++XX+++++++++++
+++++X+++++++++XXXXX+++++
++++X+++++++++++XXX++++++
+++++++++++++++XXXXX+++++
+++++++++++++++++++++++++
+++++++++++++++++++++++++
+++++XX+XX++++XX+++++++++
+++++XXXXX+++++++++++++++
+++++XXXXX+++++++++++++++
+++++XXXXX+X++++++XXXXX++
+++++XX+X++++++++++XXX+++
+++++++++X+XXXX+++XXXXX++
+++++++++++XXX+++++++++++
++++++++++XXXXX++++++++++
+++++++++++++++++++++++++

+++++++++++++++++++++++++
+++++++++++++++++++++++++
+++++++++++++++++++++++++
+++++++++++++XX++++++++++
++++XXXX+++++++++++++++++
++++XXXX+++++++++++++++++
++++XXXX+++++++++++++++++
++++XXXX+++++++++X+++++++
+++++++++++++++++++++++++
+++++++++++++++++X+++++++
++++++++++++XX+XXXXX+++++
+++++X++++++++XXXXXXX++++
++++X++++++++++XXXXX+++++
++++++++++++++XXXXXXX++++
+++++++++++++++XXXXX+++++
++++++XXX++++++++X+++++++
+++++XX+XX++++XX+++++++++
++++XXXXXXX+++++++++X++++
++++XXXXXXXX++++++XXXXX++
++++XXXXXX+X+++++XXXXXXX+
+++++XX+XXXX+XX+++XXXXX++
++++++XXXX+XXXXX+XXXXXXX+
++++++++X+XXXXX+++XXXXX++
+++++++++XXXXXXX++++X++++
++++++++++XXXXX++++++++++

+++++++++++++++++++++++++
+++++++++++++++++++++++++
+++++++++++++++++++++++++
+++++++++++++XX++++++++++
++++XXXX+++++++++++++++++
++++XXXX+++++++++++++++++
++++XXXX+++++++++++++++++
++++XXXX+++++++++X+++++++
+++++++++++++++++++++++++
+++++++++++++++++++++++++
++++++++++++XX+++++++++++
+++++X+++++++++++X+++++++
++++X+++++++++XX+X+XX++++
+++++++++++++++++X+++++++
+++++++++++++++++++++++++
+++++++++++++++++++++++++
+++++XX+XX++++XX+++++++++
+++++XXXXX+++++++++++++++
+++++XXXXX+++++++++++++++
+++++XXXXX++X+++++++X++++
+++++XX+X+XXX++++XX+X+XX+
++++++++++++X+++++++X++++
+++++++++XXXX+XX+++++++++
++++++++++++X++++++++++++
+++++++++++++++++++++++++

+++++++++++++++++++++++++
+++++++++++++++++++++++++
+++++++++++++++++++++++++
+++++++++++++XX++++++++++
++++++X++++++++++++++++++
+++++++++++++++++++++++++
++++X++++++++++++++++++++
+++++++++++++++++X+++++++
+++++++++++++++++++++++++
+++++++++++++++++++++++++
++++++++++++XX+++X+++++++
+++++X+++++++++++++++++++
++++X+++++++++++XXX++++++
+++++++++++++++++++++++++
+++++++++++++++++X+++++++
+++++++++++++++++++++++++
+++++X+++X++++XX+++++++++
++++++XXX++++++++++++++++
+++++XXXXX++++++++++X++++
++++++XXX++++++++++++++++
+++++X+++X++X++++++XXX+++
+++++++++++++++++++++++++
+++++++++++XXX++++++X++++
+++++++++++++++++++++++++
++++++++++++X++++++++++++

+++++++++++++++++++++++++
+++++++++++++++++++++++++
+++++++++++++++++++++++++
+++++++++++++XX++++++++++
+++++XX++++++++++++++++++
++++XXXX+++++++++++++++++
++++XXXX+++++++++++++++++
+++++XX++++++++++X+++++++
+++++++++++++++++++++++++
+++++++++++++++++++++++++
++++++++++++XX+++X+++++++
+++++X++++++++++XXX++++++
++++X++++++++++XXXXX+++++
++++++++++++++++XXX++++++
+++++++++++++++++X+++++++
+++++XXXXX+++++++++++++++
++++XXXXXXX+++XX+++++++++
++++XXXXXXX++++++++++++++
++++XXXXXXX+++++++++X++++
++++XXXXXXX++++++++XXX+++
++++XXXXXX++X+++++XXXXX++
+++++XXXXXXXXX+++++XXX+++
++++++++++XXXXX+++++X++++
+++++++++++XXX+++++++++++
++++++++++++X++++++++++++

+++++++++++++++++++++++++
+++++++++++++++++++++++++
+++++++++++++++++++++++++
+++++XX++++++XX++++++++++
+++++XX++++++++++++++++++
+++XXXXXX++++++++++++++++
+++XXXXXX++++++++++++++++
+++++XX++++++++++X+++++++
+++++XX++++++++++++++++++
+++++++++++++++++++++++++
++++++++++++XX+++X+++++++
+++++X+++++++++XXXXX+++++
++++X++++++++++XXXXX+++++
+++++++++++++++XXXXX+++++
+++++X+++X+++++++X+++++++
+++++XXXXX+++++++++++++++
+++XXXXXXXXX++XX+++++++++
++++XXXXXXX++++++++++++++
++++XXXXXXX+++++++++X++++
++++XXXXXXX+++++++XXXXX++
+++XXXXXXX++X+++++XXXXX++
+++++XXXXXXXXXX+++XXXXX++
+++++X++++XXXXX+++++X++++
++++++++++XXXXX++++++++++
++++++++++++X++++++++++++

+++++++++++++++++++++++++
+++++++++++++++++++++++++
+++++++++++++++++++++++++
+++++++++++++XX++++++++++
++++XXXX+++++++++++++++++
++++XXXX+++++++++++++++++
++++XXXX+++++++++++++++++
++++XXXX+++++++++X+++++++
+++++++++++++++++++++++++
+++++++++++++++++++++++++
++++++++++++XX++X+X++++++
+++++X+++++++++++++++++++
++++X+++++++++++XXX++++++
+++++++++++++++++++++++++
++++++XXX+++++++X+X++++++
++++XXXXXXX++++++++++++++
++++XXXXXXX+++XX+++++++++
+++XXXXXXXXX+++++++++++++
+++XXXXXXXXX+++++++X+X+++
+++XXXXXXXXX+++++++++++++
++++XXXXXX+++X+++++XXX+++
++++XXXXXXXX+++++++++++++
++++++XXX+XXXX+++++X+X+++
+++++++++++++++++++++++++
+++++++++++X+X+++++++++++

+++++++++++++++++++++++++
+++++++++++++++++++++++++
+++++++++++++++++++++++++
+++++++++++++XX++++++++++
++++++X++++++++++++++++++
+++++XX++++++++++++++++++
++++XXX++++++++++++++++++
+++++++++++++++++X+++++++
+++++++++++++++++++++++++
+++++++++++++++++++++++++
++++++++++++XX++X+X++++++
+++++X++++++++++XXX++++++
++++X+++++++++++XXX++++++
++++++++++++++++XXX++++++
++++++++++++++++X+X++++++
+++++++++++++++++++++++++
++++++X+X+++++XX+++++++++
+++++X+X+X+++++++++++++++
+++++XXXXX+++++++++X+X+++
+++++X+X+X+++++++++XXX+++
++++++X+X+XX+X+++++XXX+++
+++++++++++XXX+++++XXX+++
+++++++++++XXX+++++X+X+++
+++++++++++XXX+++++++++++
+++++++++++X+X+++++++++++

+++++++++++++++++++++++++
+++++++++++++++++++++++++
+++++++++++++++++++++++++
+++++++++++++XX++++++++++
+++++XX++++++++++++++++++
++++XXXX+++++++++++++++++
++++XXXX+++++++++++++++++
+++++XX++++++++++X+++++++
+++++++++++++++++++++++++
++++++++++++++++X+X++++++
++++++++++++XX+XXXXX+++++
+++++X+++++++++XXXXX+++++
++++X++++++++++XXXXX+++++
+++++++++++++++XXXXX+++++
+++++++++++++++XXXXX+++++
+++++XXXXX++++++X+X++++++
++++XXX+XXX+++XX+++++++++
++++XXXXXXX++++++++X+X+++
++++XXXXXXX+++++++XXXXX++
++++XXXXXX+++X++++XXXXX++
++++XXX+XXXXXXX+++XXXXX++
+++++XXXX++XXXX+++XXXXX++
++++++++++XXXXX+++XXXXX++
++++++++++XXXXX++++X+X+++
++++++++++XXXXX++++++++++

+++++++++++++++++++++++++
+++++++++++++++++++++++++
+++++++++++++++++++++++++
+++++++++++++XX++++++++++
++++++X++++++++++++++++++
+++++++++++++++++++++++++
++++X++++++++++++++++++++
+++++++++++++++++X+++++++
+++++++++++++++++++++++++
+++++++++++++++++X+++++++
++++++++++++XX+++++++++++
+++++X+++++++++++X+++++++
++++X+++++++++++XXX++++++
+++++++++++++++++X+++++++
+++++++++++++++++++++++++
+++++++++++++++++X+++++++
+++++X+++X++++XX+++++++++
++++++XXX+++++++++++X++++
+++++XXXXX+++++++++++++++
++++++XXXX+XX+++++++X++++
+++++X++++XX+++++++XXX+++
+++++++++X+XX+++++++X++++
+++++++++++XXX+++++++++++
++++++++++++X+++++++X++++
+++++++++++++++++++++++++

+++++++++++++++++++++++++
+++++++++++++++++++++++++
+++++++++++++++++++++++++
+++++++++++++XX++++++++++
++++++X++++++++++++++++++
+++++++++++++++++++++++++
++++X++++++++++++++++++++
+++++++++++++++++X+++++++
+++++++++++++++++++++++++
+++++++++++++++++++++++++
++++++++++++XX+++++++++++
+++++X+++++++++++X+++++++
++++X++++++++++++X+++++++
+++++++++++++++++X+++++++
+++++++++++++++++++++++++
+++++++++++++++++++++++++
+++++++X++++++XX+++++++++
+++++++X+++++++++++++++++
+++++++++++++++++++++++++
+++++++X++++++++++++X++++
+++++++X++++++++++++X++++
++++++++++++X+++++++X++++
++++++++++++X++++++++++++
++++++++++++X++++++++++++
+++++++++++++++++++++++++

+++++++++++++++++++++++++
+++++++++++++++++++++++++
+++++++++++++++++++++++++
+++++++++++++XX++++++++++
++++++X++++++++++++++++++
+++++++++++++++++++++++++
++++X++++++++++++++++++++
+++++++++++++++++X+++++++
+++++++++++++++++++++++++
+++++++++++++++++++++++++
++++++++++++XX+++++++++++
+++++X++++++++++XXX++++++
++++X+++++++++++XXX++++++
++++++++++++++++XXX++++++
+++++++++++++++++++++++++
+++++++++++++++++++++++++
++++++XXX+++++XX+++++++++
+++++XXXXX+++++++++++++++
+++++X+++X+++++++++++++++
+++++XXXXX+++++++++XXX+++
++++++XXX++++++++++XXX+++
+++++++++++XXX+++++XXX+++
+++++++++++XXX+++++++++++
+++++++++++XXX+++++++++++
+++++++++++++++++++++++++

+++++++++++++++++++++++++
+++++++++++++++++++++++++
+++++++++++++++++++++++++
+++++++++++++XX++++++++++
++++++X++++++++++++++++++
+++++++++++++++++++++++++
++++X++++++++++++++++++++
+++++++++++++++++X+++++++
+++++++++++++++++++++++++
+++++++++++++++++++++++++
++++++++++++XX+++X+++++++
+++++X+++++++++XXXXX+++++
++++X+++++++++++XXX++++++
+++++++++++++++XXXXX+++++
+++++++++++++++++X+++++++
++++++X+X++++++++++++++++
++++++XXX+++++XX+++++++++
++++XXXXXXX++++++++++++++
+++++X+++X++++++++++X++++
++++XXXXXXX+++++++XXXXX++
++++++XXX+X+X++++++XXX+++
++++++X+X+XXXXX+++XXXXX++
+++++++++++XXX++++++X++++
++++++++++XXXXX++++++++++
++++++++++++X++++++++++++

+++++++++++++++++++++++++
+++++++++++++++++++++++++
+++++++++++++++++++++++++
+++++++++++++XX++++++++++
++++++X++++++++++++++++++
+++++++++++++++++++++++++
++++X++++++++++++++++++++
+++++++++++++++++X+++++++
+++++++++++++++++++++++++
+++++++++++++++++++++++++
++++++++++++XX+X+X+X+++++
+++++X+++++++++XXXXX+++++
++++X+++++++++X+XXX+X++++
+++++++++++++++XXXXX+++++
+++++++X+++++++X+X+X+++++
+++++XX+XX+++++++++++++++
++++X+XXX+X+++XX+++++++++
++++XXXXXXX++++++++++++++
+++X+X+++X+X++++++X+X+X++
++++XXXXXXX+++++++XXXXX++
++++X+XXX+X+X+X++X+XXX+X+
+++++XX+X+XXXXX+++XXXXX++
+++++++X+++XXX+X++X+X+X++
++++++++++XXXXX++++++++++
++++++++++X+X+X++++++++++

+++++++++++++++++++++++++
+++++++++++++++++++++++++
+++++++++++++++++++++++++
+++++++++++++XX++++++++++
++++++X++++++++++++++++++
+++++++++++++++++++++++++
++++X++++++++++++++++++++
+++++++++++++++++X+++++++
+++++++++++++++++++++++++
+++++++++++++++++++++++++
++++++++++++XX++X+X++++++
+++++X++++++++++XXX++++++
++++X+++++++++++XXX++++++
++++++++++++++++XXX++++++
++++++++++++++++X+X++++++
+++++++++++++++++++++++++
++++++XXX+++++XX+++++++++
+++++XXXXX+++++++++++++++
+++++X+++X+++++++++X+X+++
+++++XXXXX+X+++++++XXX+++
++++++XXX+X++X+++++XXX+++
+++++++++++XXX+++++XXX+++
+++++++++X+XXX+++++X+X+++
+++++++++++XXX+++++++++++
+++++++++++X+X+++++++++++

+++++++++++++++++++++++++
+++++++++++++++++++++++++
+++++++++++++++++++++++++
+++++++++++++XX++++++++++
++++++X++++++++++++++++++
+++++++++++++++++++++++++
++++X++++++++++++++++++++
+++++++++++++++++X+++++++
+++++++++++++++++++++++++
+++++++++++++++++++++++++
++++++++++++XX+++++++++++
+++++X+++++++++++X+++++++
++++X++++++++++X+X+X+++++
+++++++++++++++++X+++++++
+++++++++++++++++++++++++
+++++++X+++++++++++++++++
+++++X+X+X++++XX+++++++++
++++++XXX++++++++++++++++
++++XX+++XX++++++++++++++
++++++XXX+++++++++++X++++
+++++X+X+X++++++++X+X+X++
+++++++X++++X+++++++X++++
++++++++++X+X+X++++++++++
++++++++++++X++++++++++++
+++++++++++++++++++++++++

+++++++++++++++++++++++++
+++++++++++++++++++++++++
+++++++++++++++++++++++++
+++++++++++++XX++++++++++
++++++X++++++++++++++++++
+++++++++++++++++++++++++
++++X++++++++++++++++++++
+++++++++++++++++X+++++++
+++++++++++++++++++++++++
+++++++++++++++++++++++++
++++++++++++XX+++X+++++++
+++++X++++++++++XXX++++++
++++X++++++++++XXXXX+++++
++++++++++++++++XXX++++++
+++++++++++++++++X+++++++
+++++X+X+X+++++++++++++++
++++XXXXXXX+++XX+++++++++
+++++XXXXX+++++++++++++++
++++XXX+XXX+++++++++X++++
+++++XXXXX+++++++++XXX+++
++++XXXXXX++X+++++XXXXX++
+++++X+X+++XXX+++++XXX+++
++++++++++XXXXX+++++X++++
+++++++++++XXX+++++++++++
++++++++++++X++++++++++++

+++++++++++++++++++++++++
+++++++++++++++++++++++++
+++++++++++++++++++++++++
+++++++++++++XX++++++++++
++++++X++++++++++++++++++
+++++++++++++++++++++++++
++++X++++++++++++++++++++
+++++++++++++++++X+++++++
+++++++++++++++++++++++++
+++++++++++++++++++++++++
++++++++++++XX+++++++++++
+++++X+++++++++XXXXX+++++
++++X+++++++++++XXX++++++
+++++++++++++++XXXXX+++++
+++++++++++++++++++++++++
++++++X+X++++++++++++++++
++++++X+X+++++XX+++++++++
++++XX+X+XX++++++++++++++
+++++++++++++++++++++++++
++++XX+X+XX+++++++XXXXX++
++++++X+X+X++++++++XXX+++
++++++X+XX+XXXX+++XXXXX++
+++++++++++XXX+++++++++++
++++++++++XXXXX++++++++++
+++++++++++++++++++++++++

+++++++++++++++++++++++++
+++++++++++++++++++++++++
+++++++++++++++++++++++++
+++++++++++++XX++++++++++
++++++X++++++++++++++++++
+++++++++++++++++++++++++
++++X++++++++++++++++++++
+++++++++++++++++X+++++++
+++++++++++++++++++++++++
+++++++++++++++++++++++++
++++++++++++XX+++++++++++
+++++X+++++++++++++++++++
++++X++++++++++++++++++++
+++++++++++++++++++++++++
+++++++++++++++++++++++++
+++++++++++++++++++++++++
++++++++++++++XX+++++++++
++++++X+X++++++++++++++++
+++++XX+XX+++++++++++++++
++++++X+X++++++++++++++++
+++++++++++++++++++++++++
+++++++++++++++++++++++++
+++++++++++++++++++++++++
+++++++++++++++++++++++++
+++++++++++++++++++++++++

+++++++++++++++++++++++++
+++++++++++++++++++++++++
+++++++++++++++++++++++++
+++++++++++++XX++++++++++
++++++X++++++++++++++++++
+++++++++++++++++++++++++
++++X++++++++++++++++++++
+++++++++++++++++X+++++++
+++++++++++++++++++++++++
+++++++++++++++++++++++++
++++++++++++XX+++++++++++
+++++X++++++++++XXX++++++
++++X++++++++++++X+++++++
++++++++++++++++XXX++++++
+++++++++++++++++++++++++
+++++++++++++++++++++++++
+++++++X++++++XX+++++++++
++++++XXX++++++++++++++++
+++++XX+XX+++++++++++++++
++++++XXX++++++++++XXX+++
+++++++X++++++++++++X++++
+++++++++++XXX+++++XXX+++
++++++++++++X++++++++++++
+++++++++++XXX+++++++++++
+++++++++++++++++++++++++

+++++++++++++++++++++++++
+++++++++++++++++++++++++
+++++++++++++++++++++++++
+++++++++++++XX++++++++++
++++++X++++++++++++++++++
+++++++++++++++++++++++++
++++X++++++++++++++++++++
+++++++++++++++++X+++++++
+++++++++++++++++++++++++
+++++++++++++++++++++++++
++++++++++++XX++X+X++++++
+++++X++++++++++XXX++++++
++++X++++++++++X+X+X+++++
++++++++++++++++XXX++++++
++++++++++++++++X+X++++++
+++++++++++++++++++++++++
+++++++X++++++XX+++++++++
++++++XXX++++++++++++++++
+++++XX+XX+++++++++X+X+++
++++++XXX++++++++++XXX+++
+++++++X+++X+X++++X+X+X++
+++++++++++XXX+++++XXX+++
++++++++++X+X+X++++X+X+++
+++++++++++XXX+++++++++++
+++++++++++X+X+++++++++++

+++++++++++++++++++++++++
+++++++++++++++++++++++++
+++++++++++++++++++++++++
+++++++++++++XX++++++++++
++++++X++++++++++++++++++
+++++++++++++++++++++++++
++++X++++++++++++++++++++
+++++++++++++++++X+++++++
+++++++++++++++++++++++++
+++++++++++++++++++++++++
++++++++++++XX+++X+++++++
+++++X+++++++++++++++++++
++++X++++++++++++X+++++++
+++++++++++++++++++++++++
+++++++++++++++++X+++++++
+++++++++++++++++++++++++
++++++X+X+++++XX+++++++++
+++++XXXXX+++++++++++++++
++++++X+X+++++++++++X++++
+++++XXXXX+++++++++++++++
++++++X+X+++X+++++++X++++
+++++++++++++++++++++++++
++++++++++++X+++++++X++++
+++++++++++++++++++++++++
++++++++++++X++++++++++++

+++++++++++++++++++++++++
+++++++++++++++++++++++++
+++++++++++++++++++++++++
+++++++++++++XX++++++++++
++++++X++++++++++++++++++
+++++++++++++++++++++++++
++++X++++++++++++++++++++
+++++++++++++++++X+++++++
+++++++++++++++++++++++++
+++++++++++++++++++++++++
++++++++++++XX+++++++++++
+++++X+++++++++++++++++++
++++X+++++++++++XXX++++++
+++++++++++++++++++++++++
+++++++++++++++++++++++++
+++++++++++++++++++++++++
++++++XXX+++++XX+++++++++
+++++XX+XX+++++++++++++++
++++++X+X++++++++++++++++
+++++XX+XX+++++++++++++++
++++++XXX++++++++++XXX+++
+++++++++++++++++++++++++
+++++++++++XXX+++++++++++
+++++++++++++++++++++++++
+++++++++++++++++++++++++

+++++++++++++++++++++++++
+++++++++++++++++++++++++
+++++++++++++++++++++++++
+++++++++++++XX++++++++++
++++++X++++++++++++++++++
+++++++++++++++++++++++++
++++X++++++++++++++++++++
+++++++++++++++++X+++++++
+++++++++++++++++++++++++
+++++++++++++++++++++++++
++++++++++++XX+++++++++++
+++++X++++++++++X+X++++++
++++X+++++++++++XXX++++++
++++++++++++++++X+X++++++
+++++++++++++++++++++++++
++++++X+X++++++++++++++++
+++++XXXXX++++XX+++++++++
++++XXX+XXX++++++++++++++
+++++XX+XX+++++++++++++++
++++XXX+XXX++++++++X+X+++
+++++XXXXX+++++++++XXX+++
++++++X+X++X+X+++++X+X+++
+++++++++++XXX+++++++++++
+++++++++++X+X+++++++++++
+++++++++++++++++++++++++

+++++++++++++++++++++++++
+++++++++++++++++++++++++
+++++++++++++++++++++++++
+++++++++++++XX++++++++++
++++++X++++++++++++++++++
+++++++++++++++++++++++++
++++X++++++++++++++++++++
+++++++++++++++++X+++++++
+++++++++++++++++++++++++
+++++++++++++++++++++++++
++++++++++++XX+++++++++++
+++++X+++++++++++X+++++++
++++X+++++++++++X+X++++++
+++++++++++++++++X+++++++
+++++++++++++++++++++++++
+++++++X+++++++++++++++++
++++++++++++++XX+++++++++
++++++XXX++++++++++++++++
++++XX+++XX++++++++++++++
++++++XXX+++++++++++X++++
+++++++++++++++++++X+X+++
+++++++X++++X+++++++X++++
+++++++++++X+X+++++++++++
++++++++++++X++++++++++++
+++++++++++++++++++++++++

