+++++++++++++++++++++++++
+++++++++++++++++++++++++
+++++++++++++++++++++++++
+++++++++++++XX++++++++++
+++++++++++++XX++++++++++
+++++++++++++++++++++++++
+++++++++++XXXX++++++++++
+++++++XX+X++++X+++++++++
+++++++XX+X+XX+X+++++++++
++++++++++X+++XX+XX++++++
++++++++++X++++X+XX++++++
+++++++++++XXXX++++++++++
+++++++++++++++++++++++++
+++++++++++XX++++++++++++
+++++++++++XX++++++++++++
+++++++++++++++++++++++++
+++++++++++++++++++++++++
+++++++++++++++++++++++++
+++++++++++++++++++++++++
+++++++++++++++++++++++++
+++++++++++++++++++++++++
+++++++++++++++++++++++++
+++++++++++++++++++++++++
+++++++++++++++++++++++++
+++++++++++++++++++++++++

+++++++++++++++++++++++++
+++++++++++++++++++++++++
+++++++++++++XX++++++++++
++++++++++++XXXX+++++++++
++++++++++++XXXX+++++++++
+++++++++++X+++X+++++++++
+++++++XXXXXXXXX+++++++++
++++++XXX+X++++XX++++++++
++++++XXX+X+XX+X+XX++++++
+++++++XX+X+X+XX+XXX+++++
+++++++++XX++++X+XXX+++++
++++++++++XXXXXXXXX++++++
++++++++++X+++X++++++++++
++++++++++XXXX+++++++++++
++++++++++XXXX+++++++++++
+++++++++++XX++++++++++++
+++++++++++++++++++++++++
+++++++++++++++++++++++++
+++++++++++++++++++++++++
+++++++++++++++++++++++++
+++++++++++++++++++++++++
+++++++++++++++++++++++++
+++++++++++++++++++++++++
+++++++++++++++++++++++++
+++++++++++++++++++++++++

+++++++++++++++++++++++++
+++++++++++++XX++++++++++
+++++++++++++XX++++++++++
+++++++++++XXXXXX++++++++
++++++++++++XXXX+++++++++
+++++++X+++X+++X+++++++++
+++++++XXXXXXXXX+++++++++
+++++XXXX+X++++XX+X++++++
+++++XXXX+X+XX+X+XX++++++
+++++++XX+X+X+XX+XXXX++++
+++++++X+XX++++X+XXXX++++
++++++++++XXXXXXXXX++++++
++++++++++X+++X+++X++++++
++++++++++XXXX+++++++++++
+++++++++XXXXXX++++++++++
+++++++++++XX++++++++++++
+++++++++++XX++++++++++++
+++++++++++++++++++++++++
+++++++++++++++++++++++++
+++++++++++++++++++++++++
+++++++++++++++++++++++++
+++++++++++++++++++++++++
+++++++++++++++++++++++++
+++++++++++++++++++++++++
+++++++++++++++++++++++++

+++++++++++++XX++++++++++
++++++++++++XXXX+++++++++
+++++++++++X+XX+X++++++++
+++++++++++XXXXXX++++++++
++++++++++X+XXXX+++++++++
++++++XX+++X+++X+++++++++
+++++X+XXXXXXXXX+X+++++++
++++XXXXX+X++++XX+XX+++++
++++XXXXX+X+XX+X+XX+X++++
+++++X+XX+X+X+XX+XXXXX+++
++++++XX+XX++++X+XXXXX+++
++++++++X+XXXXXXXXX+X++++
++++++++++X+++X+++XX+++++
++++++++++XXXX+X+++++++++
+++++++++XXXXXX++++++++++
+++++++++X+XX+X++++++++++
++++++++++XXXX+++++++++++
+++++++++++XX++++++++++++
+++++++++++++++++++++++++
+++++++++++++++++++++++++
+++++++++++++++++++++++++
+++++++++++++++++++++++++
+++++++++++++++++++++++++
+++++++++++++++++++++++++
+++++++++++++++++++++++++

+++++++++++++XX++++++++++
+++++++++++XXXXXX++++++++
++++++++++XX+XX+XX+++++++
+++++++++++XXXXXXX+++++++
++++++XX++X+XXXX+++++++++
+++++XXX+++X+++X+++++++++
+++++X+XXXXXXXXX+X+X+++++
+++XXXXXX+X++++XX+XXX++++
+++XXXXXX+X+XX+X+XX+X++++
+++++X+XX+X+X+XX+XXXXXX++
+++++XXX+XX++++X+XXXXXX++
++++++X+X+XXXXXXXXX+X++++
++++++++++X+++X+++XXX++++
++++++++++XXXX+X++XX+++++
++++++++XXXXXXX++++++++++
++++++++XX+XX+XX+++++++++
+++++++++XXXXXX++++++++++
+++++++++++XX++++++++++++
+++++++++++XX++++++++++++
+++++++++++++++++++++++++
+++++++++++++++++++++++++
+++++++++++++++++++++++++
+++++++++++++++++++++++++
+++++++++++++++++++++++++
+++++++++++++++++++++++++

+++++++++++X+XX+X++++++++
+++++++++++XXXXXX++++++++
++++++++++XX+XX+XXX++++++
++++++XX+X+XXXXXXXX++++++
++++++XXX+X+XXXX+X+++++++
++++XXXX+++X+++X++X++++++
+++X+X+XXXXXXXXX+X+X+++++
++XXXXXXX+X++++XX+XXXX+++
++XXXXXXX+X+XX+X+XX+X+X++
+++X+X+XX+X+X+XX+XXXXXXX+
++++XXXX+XX++++X+XXXXXXX+
++++++X+X+XXXXXXXXX+X+X++
+++++++X++X+++X+++XXXX+++
++++++++X+XXXX+X+XXX+++++
+++++++XXXXXXXX+X+XX+++++
+++++++XXX+XX+XX+++++++++
+++++++++XXXXXX++++++++++
+++++++++X+XX+X++++++++++
++++++++++XXXX+++++++++++
+++++++++++XX++++++++++++
+++++++++++++++++++++++++
+++++++++++++++++++++++++
+++++++++++++++++++++++++
+++++++++++++++++++++++++
+++++++++++++++++++++++++

+++++++++++++XX++++++++++
++++++++++X+XXXX+X+++++++
+++++++++++X+XX+XX+++++++
+++++++++++XXXXXX++++++++
+++++XX+++++XXXX+++++++++
++++++XX+++X+++X+++++++++
+++++X+XXXXX++XX++++X++++
++++XXXXX+X++++XX+XX+++++
++++XXXXX++++++X+XX+X++++
+++++X+XX+++++X++XXXXX+++
++++++XX+XX++++X+XXXXX+++
+++++X++++XX++XXXXX+X++++
++++++++++X+++X+++XX+++++
++++++++++XXXX+++++XX++++
+++++++++XXXXXX++++++++++
++++++++XX+XX+X++++++++++
++++++++X+XXXX+X+++++++++
+++++++++++XX++++++++++++
+++++++++++++++++++++++++
+++++++++++++++++++++++++
+++++++++++++++++++++++++
+++++++++++++++++++++++++
+++++++++++++++++++++++++
+++++++++++++++++++++++++
+++++++++++++++++++++++++

++++++++++++XXXX+++++++++
++++++++++++XXXX+++++++++
+++++++++++++XX++++++++++
++++++++++XXXXXX+++++++++
++++++++++++XXXX+++++++++
+++++++++++X+++X+++++++++
++++XX+XXXXX++XX++X++++++
++++XXXXX+X++++XX+X++++++
++++XXXXX++++++X+XX+XX+++
++++XX+XX+++++X++XXXXX+++
+++++++X+XX++++X+XXXXX+++
+++++++X++XX++XXXXX+XX+++
++++++++++X+++X++++++++++
++++++++++XXXX+++++++++++
++++++++++XXXXXX+++++++++
+++++++++++XX++++++++++++
++++++++++XXXX+++++++++++
++++++++++XXXX+++++++++++
+++++++++++++++++++++++++
+++++++++++++++++++++++++
+++++++++++++++++++++++++
+++++++++++++++++++++++++
+++++++++++++++++++++++++
+++++++++++++++++++++++++
+++++++++++++++++++++++++

++++++++++++XXXX+++++++++
+++++++++++XXXXXX++++++++
++++++++++XX+XXXXX+++++++
+++++++++XXXXXXXXX+++++++
++++++XX+XXXXXXX+++++++++
+++++XXX+++XXX+X+XX++++++
++++XXXXXXXXXXXX+XXX+++++
++++XXXXX+X+++XXXXXXX++++
++++XXXXXXX+XXXX+XX+XX+++
++++XX+XXXX+X+XX+XXXXX+++
+++++XXXXXX+++XX+XXXXX+++
++++++XXX+XXXXXXXXXXXX+++
+++++++XX+X+XXX+++XXX++++
++++++++++XXXXXXX+XX+++++
++++++++XXXXXXXXX++++++++
++++++++XXXXX+XX+++++++++
+++++++++XXXXXX++++++++++
++++++++++XXXX+++++++++++
+++++++++++++++++++++++++
+++++++++++++++++++++++++
+++++++++++++++++++++++++
+++++++++++++++++++++++++
+++++++++++++++++++++++++
+++++++++++++++++++++++++
+++++++++++++++++++++++++

++++++++++++XXXX+++++++++
++++++++++++XXXX+++++++++
+++++++++++++XX++++++++++
++++++++++++XXXX+++++++++
++++++++++++XXXX+++++++++
+++++++++++X+++X+++++++++
++++XX+XXXXX++XX+++++++++
++++XXXXX+XX+++XX++++++++
++++XXXXX+++XX+X+XX+XX+++
++++XX+XX+++XXX++XXXXX+++
+++++++++XXXXX+X+XXXXX+++
++++++++++XX++XXXXX+XX+++
++++++++++X+++X++++++++++
++++++++++XXXX+++++++++++
++++++++++XXXX+++++++++++
+++++++++++XX++++++++++++
++++++++++XXXX+++++++++++
++++++++++XXXX+++++++++++
+++++++++++++++++++++++++
+++++++++++++++++++++++++
+++++++++++++++++++++++++
+++++++++++++++++++++++++
+++++++++++++++++++++++++
+++++++++++++++++++++++++
+++++++++++++++++++++++++

+++++++++++++++++++++++++
+++++++++++++++++++++++++
+++++++++++++XX++++++++++
++++++++++++XXXX+++++++++
++++++++++++XXXX+++++++++
+++++++++X+X+++XX++++++++
+++++++XXXXX++XX+++++++++
++++++XXX+X++++XX++++++++
++++++XXX++++++X+XX++++++
+++++++XX+++++X++XXX+++++
+++++++++XX++++X+XXX+++++
++++++++++XX++XXXXX++++++
+++++++++XX+++X+X++++++++
++++++++++XXXX+++++++++++
++++++++++XXXX+++++++++++
+++++++++++XX++++++++++++
+++++++++++++++++++++++++
+++++++++++++++++++++++++
+++++++++++++++++++++++++
+++++++++++++++++++++++++
+++++++++++++++++++++++++
+++++++++++++++++++++++++
+++++++++++++++++++++++++
+++++++++++++++++++++++++
+++++++++++++++++++++++++

+++++++++++++XX++++++++++
+++++++++++++XX++++++++++
++++++++++++XXXX+++++++++
+++++++++++XXXXXX++++++++
++++++++X+X+XXXXXX+++++++
+++++++XXX+XXX+XX++++++++
++++++XXXXXXXXXX+X+++++++
++++XXXXX+X+++XXX+X++++++
++++XXXXXXX+XXXX+XXX+++++
++++++XXXXX+X+XX+XXXXX+++
+++++++X+XX+++XX+XXXXX+++
++++++++X+XXXXXXXXXX+++++
+++++++++XX+XXX+XXX++++++
++++++++XXXXXX+X+X+++++++
+++++++++XXXXXX++++++++++
++++++++++XXXX+++++++++++
+++++++++++XX++++++++++++
+++++++++++XX++++++++++++
+++++++++++++++++++++++++
+++++++++++++++++++++++++
+++++++++++++++++++++++++
+++++++++++++++++++++++++
+++++++++++++++++++++++++
+++++++++++++++++++++++++
+++++++++++++++++++++++++

++++++++++++XXXX+++++++++
+++++++++++++XX++++++++++
+++++++++++XXXXXX++++++++
+++++++++XXXXXXXX++++++++
++++++++X+X+XXXXXX+++++++
++++++XXXXXXXX+XX+X++++++
++++X+XXXXXXXXXXXXX++++++
+++XXXXXX+X+++XXXXXX+++++
+++XXXXXXXX+XXXX+XXX+X+++
++++X+XXXXX+X+XX+XXXXXX++
++++++XX+XX+++XXXXXXXXX++
+++++++XXXXXXXXXXXXX+X+++
+++++++X+XX+XXXXXXXX+++++
++++++++XXXXXX+X+X+++++++
+++++++++XXXXXXXX++++++++
+++++++++XXXXXX++++++++++
+++++++++++XX++++++++++++
++++++++++XXXX+++++++++++
+++++++++++XX++++++++++++
+++++++++++++++++++++++++
+++++++++++++++++++++++++
+++++++++++++++++++++++++
+++++++++++++++++++++++++
+++++++++++++++++++++++++
+++++++++++++++++++++++++

+++++++++++++++++++++++++
+++++++++++++XX++++++++++
+++++++++++++XX++++++++++
++++++++++++++XXXX+++++++
+++++++X+++X+XX+X++++++++
+++++++XXX++++X+X++++++++
+++++++X++XX+X+X+++++++++
+++++XXXXXXX+++XX++++++++
+++++XX+X++++XXX+X+++++++
++++++++++++++X++X+XX++++
++++++++X+XXX++++XXXX++++
++++++++++XX+X+X++X++++++
+++++++++X+X++++XXX++++++
+++++++++X+XX+X+++X++++++
++++++++XXXX+++++++++++++
+++++++++++XX++++++++++++
+++++++++++XX++++++++++++
+++++++++++++++++++++++++
+++++++++++++++++++++++++
+++++++++++++++++++++++++
+++++++++++++++++++++++++
+++++++++++++++++++++++++
+++++++++++++++++++++++++
+++++++++++++++++++++++++
+++++++++++++++++++++++++

+++++++++++++++++++++++++
+++++++++++++++++++++++++
+++++++++++++XX++++++++++
++++++++++++XXXX+++++++++
++++++++++++XXXX+++++++++
+++++++++X+X+++XX++++++++
+++++++XXXXX++XX+++++++++
++++++XXX+XX+++XX++++++++
++++++XXX+++XX+X+XX++++++
+++++++XX+++XXX++XXX+++++
+++++++++XXXXX+X+XXX+++++
++++++++++XX++XXXXX++++++
+++++++++XX+++X+X++++++++
++++++++++XXXX+++++++++++
++++++++++XXXX+++++++++++
+++++++++++XX++++++++++++
+++++++++++++++++++++++++
+++++++++++++++++++++++++
+++++++++++++++++++++++++
+++++++++++++++++++++++++
+++++++++++++++++++++++++
+++++++++++++++++++++++++
+++++++++++++++++++++++++
+++++++++++++++++++++++++
+++++++++++++++++++++++++

+++++++++++++++++++++++++
+++++++++++++++++++++++++
+++++++++++++XX++++++++++
++++++++++++XXXX+++++++++
++++++++++++XXXX+++++++++
+++++++++X+X+++XX++++++++
+++++++XXXXX++XX+++++++++
++++++XXX+XX+X+XX++++++++
++++++XXX+++XXXX+XX++++++
+++++++XX+++XXX++XXX+++++
+++++++++XXXXXXX+XXX+++++
++++++++++XX+XXXXXX++++++
+++++++++XX+++X+X++++++++
++++++++++XXXX+++++++++++
++++++++++XXXX+++++++++++
+++++++++++XX++++++++++++
+++++++++++++++++++++++++
+++++++++++++++++++++++++
+++++++++++++++++++++++++
+++++++++++++++++++++++++
+++++++++++++++++++++++++
+++++++++++++++++++++++++
+++++++++++++++++++++++++
+++++++++++++++++++++++++
+++++++++++++++++++++++++

+++++++++++++++++++++++++
+++++++++++++++++++++++++
+++++++++++++XX++++++++++
++++++++++++XXXX+++++++++
++++++++++++XXXX+++++++++
+++++++++X+X+++XX++++++++
+++++++XXXXX++XX+++++++++
++++++XXX+XXX++XX++++++++
++++++XXX++XX++X+XX++++++
+++++++XX+++XX+++XXX+++++
+++++++++XX+X++X+XXX+++++
++++++++++XXX+XXXXX++++++
+++++++++XX+++X+X++++++++
++++++++++XXXX+++++++++++
++++++++++XXXX+++++++++++
+++++++++++XX++++++++++++
+++++++++++++++++++++++++
+++++++++++++++++++++++++
+++++++++++++++++++++++++
+++++++++++++++++++++++++
+++++++++++++++++++++++++
+++++++++++++++++++++++++
+++++++++++++++++++++++++
+++++++++++++++++++++++++
+++++++++++++++++++++++++

+++++++++++++++++++++++++
+++++++++++++++++++++++++
++++++++++++XXXX+++++++++
++++++++++++XXXX+++++++++
+++++++++++XXXXXX++++++++
++++++++XX+X+++XX++++++++
++++++XXXXXX++XX+++++++++
++++++XXX+X++++XXX+++++++
++++++XXX++++++X+XXX+++++
++++++XXX+++++X++XXX+++++
++++++++XXX++++X+XXX+++++
++++++++++XX++XXXXXX+++++
+++++++++XX+++X+XX+++++++
+++++++++XXXXXX++++++++++
++++++++++XXXX+++++++++++
++++++++++XXXX+++++++++++
+++++++++++++++++++++++++
+++++++++++++++++++++++++
+++++++++++++++++++++++++
+++++++++++++++++++++++++
+++++++++++++++++++++++++
+++++++++++++++++++++++++
+++++++++++++++++++++++++
+++++++++++++++++++++++++
+++++++++++++++++++++++++

+++++++++++++++++++++++++
+++++++++++++++++++++++++
++++++++++++XXXX+++++++++
+++++++++++XXXXXX++++++++
++++++++XXXXXXXXXX+++++++
+++++++XXXXX+X+XXX+++++++
++++++XXXXXXXXXXXX+++++++
++++++XXX+X+++XXXXX++++++
++++++XXXXX+XXXXXXXX+++++
++++++XXX+X+X+XX+XXX+++++
+++++++XXXX+++XX+XXX+++++
++++++++XXXXXXXXXXXX+++++
++++++++XXX+X+XXXXX++++++
++++++++XXXXXXXXXX+++++++
+++++++++XXXXXX++++++++++
++++++++++XXXX+++++++++++
+++++++++++++++++++++++++
+++++++++++++++++++++++++
+++++++++++++++++++++++++
+++++++++++++++++++++++++
+++++++++++++++++++++++++
+++++++++++++++++++++++++
+++++++++++++++++++++++++
+++++++++++++++++++++++++
+++++++++++++++++++++++++

+++++++++++++++++++++++++
+++++++++++++++++++++++++
++++++++++++XXXX+++++++++
++++++++X++XXXXXX++++++++
++++++++XXXXXXXXXXX++++++
+++++++XXXXX+X+XXX+++++++
++++++XXXXXXXXXXXX+++++++
++++++XXX+X+++XXXXX++++++
++++++XXXXX+XXXXXXXX+++++
++++++XXX+X+X+XXXXXX+++++
+++++++XXXX+++XX+XXX+++++
++++++++XXXXXXXXXXXX+++++
++++++++XXX+X+XXXXX++++++
+++++++XXXXXXXXXXX+++++++
+++++++++XXXXXX++X+++++++
++++++++++XXXX+++++++++++
+++++++++++++++++++++++++
+++++++++++++++++++++++++
+++++++++++++++++++++++++
+++++++++++++++++++++++++
+++++++++++++++++++++++++
+++++++++++++++++++++++++
+++++++++++++++++++++++++
+++++++++++++++++++++++++
+++++++++++++++++++++++++

+++++++++++++++++++++++++
++++++++++++X++X+++++++++
++++++++++++XXXX+++++++++
+++++++XX++XXXXXX+X++++++
++++++++XXXXXXXXXXX++++++
+++++++XXXXX+X+XXX+++++++
+++++XXXXXXXXXXXXX+++++++
++++++XXX+X+++XXXXX++++++
++++++XXXXX+XXXXXXXXX++++
+++++XXXX+X+X+XXXXXX+++++
+++++++XXXX+++XX+XXX+++++
++++++++XXXXXXXXXXXXX++++
++++++++XXX+X+XXXXX++++++
+++++++XXXXXXXXXXX+++++++
+++++++X+XXXXXX++XX++++++
++++++++++XXXX+++++++++++
++++++++++X++X+++++++++++
+++++++++++++++++++++++++
+++++++++++++++++++++++++
+++++++++++++++++++++++++
+++++++++++++++++++++++++
+++++++++++++++++++++++++
+++++++++++++++++++++++++
+++++++++++++++++++++++++
+++++++++++++++++++++++++

+++++++++++++++++++++++++
+++++++++++++XX++++++++++
+++++++++++XXXX+X++++++++
+++++++++++XXXXXX++++++++
++++++++XXXXX+XXXX+++++++
++++++XXXXXX+++XXX+++++++
+++++++XXXX+++XXXX+++++++
+++++XXXX++X+++XXXXX+++++
+++++XXX+++++XXXXXXX+++++
++++++XXX+++++XX+XXXX++++
++++++XXXX+XX++X+XXXX++++
++++++++XXX++XXXXXX++++++
++++++++XXX+++XXXXXX+++++
++++++++XXXX+XXXXX+++++++
+++++++++XXXXXX++++++++++
+++++++++X+XXXX++++++++++
+++++++++++XX++++++++++++
+++++++++++++++++++++++++
+++++++++++++++++++++++++
+++++++++++++++++++++++++
+++++++++++++++++++++++++
+++++++++++++++++++++++++
+++++++++++++++++++++++++
+++++++++++++++++++++++++
+++++++++++++++++++++++++

+++++++++++++++++++++++++
+++++++++++++++++++++++++
+++++++++++X+XX+X++++++++
+++++++++X+X+X+XXX+++++++
+++++++XXXXXXXXXXX+++++++
++++++XXXXXX+++XXXX++++++
+++++++XXXX+++XXXX+++++++
++++++X+X++X+++XXXXX+++++
++++++XXX++++XXX+X+++++++
++++++++X+++++XX+XXX+++++
++++++XXXX+XX++XX++X+++++
++++++++XXX++XXXXXX++++++
+++++++XXXX+++XXXXXX+++++
++++++++XXXXXXXXXXX++++++
++++++++XXX+X+X+X++++++++
+++++++++X+XX+X++++++++++
+++++++++++++++++++++++++
+++++++++++++++++++++++++
+++++++++++++++++++++++++
+++++++++++++++++++++++++
+++++++++++++++++++++++++
+++++++++++++++++++++++++
+++++++++++++++++++++++++
+++++++++++++++++++++++++
+++++++++++++++++++++++++

+++++++++++++++++++++++++
+++++++++++XX++XX++++++++
++++++++++XXXXXXXX+++++++
++++++++XXXXXXXXXX+++++++
++++++XXXXXXXXXXXXX++++++
+++++XXXXXXX+XXXXXX++++++
+++++XXXXXXXXXXXXXXX+++++
++++++XXX+XX++XXXXXXX++++
++++++XXXXX+XXXXXXXXX++++
+++++XXXX+X+X+XX+XXX+++++
+++++XXXXXXXX+XXXXXX+++++
++++++XXXXXXXXXXXXXXX++++
+++++++XXXX+XXXXXXXXX++++
+++++++XXXXXXXXXXXXX+++++
++++++++XXXXXXXXXX+++++++
++++++++XXXXXXXX+++++++++
+++++++++XX++XX++++++++++
+++++++++++++++++++++++++
+++++++++++++++++++++++++
+++++++++++++++++++++++++
+++++++++++++++++++++++++
+++++++++++++++++++++++++
+++++++++++++++++++++++++
+++++++++++++++++++++++++
+++++++++++++++++++++++++

+++++++++++++++++++++++++
+++++++++++++++++++++++++
++++++++++++X+XX+++++++++
+++++++++X++X++++X+++++++
+++++++XXXXXX+XXXX+++++++
++++++++XXXX+X+XXXX++++++
++++++X+XX+X+X+XXX+++++++
++++++X+XX+X+++XXX+++++++
+++++++++X++X+XX+XXX+++++
++++++XXX+++X+X+XXX++++++
++++++++XXXXX++XXXXX+++++
++++++++XX+++XXXX+XX+++++
+++++++XXXXXX+XXXX+++++++
++++++++XXXX+XXXXXX++++++
++++++++X++++X++X++++++++
++++++++++XX+X+++++++++++
+++++++++++++++++++++++++
+++++++++++++++++++++++++
+++++++++++++++++++++++++
+++++++++++++++++++++++++
+++++++++++++++++++++++++
+++++++++++++++++++++++++
+++++++++++++++++++++++++
+++++++++++++++++++++++++
+++++++++++++++++++++++++

+++++++++++++++++++++++++
+++++++++++++++++++++++++
++++++++++++XXXX+++++++++
++++++++++++XXXX+++++++++
+++++++++++XXXXXX++++++++
++++++++XX+XX++XX++++++++
++++++XXXXXX++XX+++++++++
++++++XXX+XX+++XXX+++++++
++++++XXX+++XX+X+XXX+++++
++++++XXXX++XXX++XXX+++++
++++++++XXXXXX+X+XXX+++++
++++++++++XX++XXXXXX+++++
+++++++++XX++XX+XX+++++++
+++++++++XXXXXX++++++++++
++++++++++XXXX+++++++++++
++++++++++XXXX+++++++++++
+++++++++++++++++++++++++
+++++++++++++++++++++++++
+++++++++++++++++++++++++
+++++++++++++++++++++++++
+++++++++++++++++++++++++
+++++++++++++++++++++++++
+++++++++++++++++++++++++
+++++++++++++++++++++++++
+++++++++++++++++++++++++

+++++++++++++++++++++++++
+++++++++++++++++++++++++
++++++++++++XXXX+++++++++
++++++++++++XXXX+++++++++
+++++++++++XXXXXX++++++++
++++++++XX+XX++XX++++++++
++++++XXXXXXX+XX+++++++++
++++++XXX+XX+X+XXX+++++++
++++++XXX+X+XXXX+XXX+++++
++++++XXXXX+XXX++XXX+++++
++++++++XXXXXXXX+XXX+++++
++++++++++XX++XXXXXX+++++
+++++++++XX++XX+XX+++++++
+++++++++XXXXXX++++++++++
++++++++++XXXX+++++++++++
++++++++++XXXX+++++++++++
+++++++++++++++++++++++++
+++++++++++++++++++++++++
+++++++++++++++++++++++++
+++++++++++++++++++++++++
+++++++++++++++++++++++++
+++++++++++++++++++++++++
+++++++++++++++++++++++++
+++++++++++++++++++++++++
+++++++++++++++++++++++++

+++++++++++++++++++++++++
+++++++++++++++++++++++++
++++++++++++XXXX+++++++++
++++++++++++XXXX+++++++++
+++++++++++XXXXXX++++++++
++++++++XX+XXX+XX++++++++
++++++XXXXXXX+XX+++++++++
++++++XXX+XX+X+XXX+++++++
++++++XXX+X+XXXX+XXX+++++
++++++XXXXX+XXXX+XXX+++++
++++++++XXXXXXXX+XXX+++++
++++++++++XX++XXXXXX+++++
+++++++++XX+XXX+XX+++++++
+++++++++XXXXXX++++++++++
++++++++++XXXX+++++++++++
++++++++++XXXX+++++++++++
+++++++++++++++++++++++++
+++++++++++++++++++++++++
+++++++++++++++++++++++++
+++++++++++++++++++++++++
+++++++++++++++++++++++++
+++++++++++++++++++++++++
+++++++++++++++++++++++++
+++++++++++++++++++++++++
+++++++++++++++++++++++++

+++++++++++++++++++++++++
+++++++++++++++++++++++++
++++++++++++XXXX+++++++++
++++++++++++XXXX+++++++++
+++++++++++XXXXXX++++++++
++++++++XX+++++XX++++++++
++++++XXXXX+XXXX+++++++++
++++++XXX++X+XXXXX+++++++
++++++XXXX++XX+X+XXX+++++
++++++XXX+X+XXX++XXX+++++
++++++++X+XXXX+X+XXX+++++
+++++++++++++++XXXXX+++++
+++++++++XX++XX+XX+++++++
+++++++++XXXXXX++++++++++
++++++++++XXXX+++++++++++
++++++++++XXXX+++++++++++
+++++++++++++++++++++++++
+++++++++++++++++++++++++
+++++++++++++++++++++++++
+++++++++++++++++++++++++
+++++++++++++++++++++++++
+++++++++++++++++++++++++
+++++++++++++++++++++++++
+++++++++++++++++++++++++
+++++++++++++++++++++++++

+++++++++++++++++++++++++
+++++++++++++++++++++++++
++++++++++++XXXX+++++++++
++++++++++++XXXX+++++++++
+++++++++++XXXXXX++++++++
++++++++XX+XX++XX++++++++
++++++XXXXXX++XX+++++++++
++++++XXX+XXX++XXX+++++++
++++++XXX++XX++X+XXX+++++
++++++XXXX++XX+++XXX+++++
++++++++XXX+X++X+XXX+++++
++++++++++XX+XXXXXXX+++++
+++++++++XX++XX+XX+++++++
+++++++++XXXXXX++++++++++
++++++++++XXXX+++++++++++
++++++++++XXXX+++++++++++
+++++++++++++++++++++++++
+++++++++++++++++++++++++
+++++++++++++++++++++++++
+++++++++++++++++++++++++
+++++++++++++++++++++++++
+++++++++++++++++++++++++
+++++++++++++++++++++++++
+++++++++++++++++++++++++
+++++++++++++++++++++++++

+++++++++++++++++++++++++
+++++++++++++++++++++++++
++++++++++++XXXX+++++++++
++++++++++++XXXX+++++++++
+++++++++++XXXXXX++++++++
++++++++XX+XX++XX++++++++
++++++XXXXXX++XX+++++++++
++++++XXX+XXXX+XXX+++++++
++++++XXX++XXXXX+XXX+++++
++++++XXXXXXXXX++XXX+++++
++++++++XXXXXX+X+XXX+++++
++++++++++XX+XXXXXXX+++++
+++++++++XX++XX+XX+++++++
+++++++++XXXXXX++++++++++
++++++++++XXXX+++++++++++
++++++++++XXXX+++++++++++
+++++++++++++++++++++++++
+++++++++++++++++++++++++
+++++++++++++++++++++++++
+++++++++++++++++++++++++
+++++++++++++++++++++++++
+++++++++++++++++++++++++
+++++++++++++++++++++++++
+++++++++++++++++++++++++
+++++++++++++++++++++++++

+++++++++++++++++++++++++
+++++++++++++++++++++++++
++++++++++++XXXX+++++++++
++++++++++++XXXX+++++++++
+++++++++++XXXXXX++++++++
++++++++XX+XX++XX++++++++
++++++XXXXXX++XX+++++++++
++++++XXX+XX+++XXX+++++++
++++++XXX++X+X+X+XXX+++++
++++++XXXX++X+X++XXX+++++
++++++++XXX++XXX+XXX+++++
++++++++++XXXXXXXXXX+++++
+++++++++XX++XX+XX+++++++
+++++++++XXXXXX++++++++++
++++++++++XXXX+++++++++++
++++++++++XXXX+++++++++++
+++++++++++++++++++++++++
+++++++++++++++++++++++++
+++++++++++++++++++++++++
+++++++++++++++++++++++++
+++++++++++++++++++++++++
+++++++++++++++++++++++++
+++++++++++++++++++++++++
+++++++++++++++++++++++++
+++++++++++++++++++++++++

+++++++++++++++++++++++++
+++++++++++++++++++++++++
+++++++++++++++++++++++++
+++++++++++++++++++++++++
+++++++++++++++++++++++++
+++++++++++++++++++++++++
+++++++++++++++++++++++++
+++++++++++++++++++++++++
++++++++++++X++++++++++++
+++++++++++++XX++++++++++
++++++++++++X++++++++++++
+++++++++++++++++++++++++
+++++++++++++++++++++++++
+++++++++++++++++++++++++
+++++++++++++++++++++++++
+++++++++++++++++++++++++
+++++++++++++++++++++++++
+++++++++++++++++++++++++
+++++++++++++++++++++++++
+++++++++++++++++++++++++
+++++++++++++++++++++++++
+++++++++++++++++++++++++
+++++++++++++++++++++++++
+++++++++++++++++++++++++
+++++++++++++++++++++++++

+++++++++++++++++++++++++
+++++++++++++++++++++++++
+++++++++++++XX++++++++++
++++++++++++XXXX+++++++++
++++++++++++XXXX+++++++++
+++++++++++X+++X+++++++++
+++++++XXXXXXXXX+++++++++
++++++XXX+X++++XX++++++++
++++++XXX+X+XX+X+XX++++++
+++++++XX+X++XXX+XXX+++++
+++++++++XX+X++X+XXX+++++
++++++++++XXXXXXXXX++++++
++++++++++X+++X++++++++++
++++++++++XXXX+++++++++++
++++++++++XXXX+++++++++++
+++++++++++XX++++++++++++
+++++++++++++++++++++++++
+++++++++++++++++++++++++
+++++++++++++++++++++++++
+++++++++++++++++++++++++
+++++++++++++++++++++++++
+++++++++++++++++++++++++
+++++++++++++++++++++++++
+++++++++++++++++++++++++
+++++++++++++++++++++++++

+++++++++++++++++++++++++
+++++++++++++XX++++++++++
+++++++++++++XX++++++++++
+++++++++++XXXXXX++++++++
++++++++++++XXXX+++++++++
+++++++X+++X+++X+++++++++
+++++++XXXXXXXXX+++++++++
+++++XXXX+X++++XX+X++++++
+++++XXXX+X+XX+X+XX++++++
+++++++XX+X++XXX+XXXX++++
+++++++X+XX+X++X+XXXX++++
++++++++++XXXXXXXXX++++++
++++++++++X+++X+++X++++++
++++++++++XXXX+++++++++++
+++++++++XXXXXX++++++++++
+++++++++++XX++++++++++++
+++++++++++XX++++++++++++
+++++++++++++++++++++++++
+++++++++++++++++++++++++
+++++++++++++++++++++++++
+++++++++++++++++++++++++
+++++++++++++++++++++++++
+++++++++++++++++++++++++
+++++++++++++++++++++++++
+++++++++++++++++++++++++

+++++++++++++XX++++++++++
++++++++++++XXXX+++++++++
+++++++++++X+XX+X++++++++
+++++++++++XXXXXX++++++++
++++++++++X+XXXX+++++++++
++++++XX+++X+++X+++++++++
+++++X+XXXXXXXXX+X+++++++
++++XXXXX+X++++XX+XX+++++
++++XXXXX+X+XX+X+XX+X++++
+++++X+XX+X++XXX+XXXXX+++
++++++XX+XX+X++X+XXXXX+++
++++++++X+XXXXXXXXX+X++++
++++++++++X+++X+++XX+++++
++++++++++XXXX+X+++++++++
+++++++++XXXXXX++++++++++
+++++++++X+XX+X++++++++++
++++++++++XXXX+++++++++++
+++++++++++XX++++++++++++
+++++++++++++++++++++++++
+++++++++++++++++++++++++
+++++++++++++++++++++++++
+++++++++++++++++++++++++
+++++++++++++++++++++++++
+++++++++++++++++++++++++
+++++++++++++++++++++++++

+++++++++++++XX++++++++++
+++++++++++XXXXXX++++++++
++++++++++XX+XX+XX+++++++
+++++++++++XXXXXXX+++++++
++++++XX++X+XXXX+++++++++
+++++XXX+++X+++X+++++++++
+++++X+XXXXXXXXX+X+X+++++
+++XXXXXX+X++++XX+XXX++++
+++XXXXXX+X+XX+X+XX+X++++
+++++X+XX+X++XXX+XXXXXX++
+++++XXX+XX+X++X+XXXXXX++
++++++X+X+XXXXXXXXX+X++++
++++++++++X+++X+++XXX++++
++++++++++XXXX+X++XX+++++
++++++++XXXXXXX++++++++++
++++++++XX+XX+XX+++++++++
+++++++++XXXXXX++++++++++
+++++++++++XX++++++++++++
+++++++++++XX++++++++++++
+++++++++++++++++++++++++
+++++++++++++++++++++++++
+++++++++++++++++++++++++
+++++++++++++++++++++++++
+++++++++++++++++++++++++
+++++++++++++++++++++++++

++++++++++++XXXX+++++++++
++++++++++++XXXX+++++++++
+++++++++++++XX++++++++++
++++++++++XXXXXX+++++++++
++++++++++++XXXX+++++++++
+++++++++++X+++X+++++++++
++++XX+XXXXX++XX++X++++++
++++XXXXX+X++++XX+X++++++
++++XXXXX++++++++XX+XX+++
++++XX+XX+++++X++XXXXX+++
+++++++X+XX+X++X+XXXXX+++
+++++++X++XX+XXXXXX+XX+++
++++++++++X+++X++++++++++
++++++++++XXXX+++++++++++
++++++++++XXXXXX+++++++++
+++++++++++XX++++++++++++
++++++++++XXXX+++++++++++
++++++++++XXXX+++++++++++
+++++++++++++++++++++++++
+++++++++++++++++++++++++
+++++++++++++++++++++++++
+++++++++++++++++++++++++
+++++++++++++++++++++++++
+++++++++++++++++++++++++
+++++++++++++++++++++++++

+++++++++++++++++++++++++
+++++++++++++++++++++++++
+++++++++++++XX++++++++++
++++++++++++XXXX+++++++++
++++++++++++XXXX+++++++++
+++++++++X+X+++XX++++++++
+++++++XXXXX++XX+++++++++
++++++XXX+X++++XX++++++++
++++++XXX++++++++XX++++++
+++++++XX+++++X++XXX+++++
+++++++++XX+X++X+XXX+++++
++++++++++XX+XXXXXX++++++
+++++++++XX+++X+X++++++++
++++++++++XXXX+++++++++++
++++++++++XXXX+++++++++++
+++++++++++XX++++++++++++
+++++++++++++++++++++++++
+++++++++++++++++++++++++
+++++++++++++++++++++++++
+++++++++++++++++++++++++
+++++++++++++++++++++++++
+++++++++++++++++++++++++
+++++++++++++++++++++++++
+++++++++++++++++++++++++
+++++++++++++++++++++++++

+++++++++++++XX++++++++++
+++++++++++++XX++++++++++
++++++++++++XXXX+++++++++
+++++++++++XXXXXX++++++++
++++++++X+X+XXXXXX+++++++
+++++++XXX+XXX+XX++++++++
++++++XXXXXXXXXX+X+++++++
++++XXXXX+X++++XX+X++++++
++++XXXXXXX+XX+XXXXX+++++
++++++XXXXX++XXXXXXXXX+++
+++++++X+XXXXXXX+XXXXX+++
++++++++X+XXXXXXXXXX+++++
+++++++++XX+++X+XXX++++++
++++++++XXXXXX+X+X+++++++
+++++++++XXXXXX++++++++++
++++++++++XXXX+++++++++++
+++++++++++XX++++++++++++
+++++++++++XX++++++++++++
+++++++++++++++++++++++++
+++++++++++++++++++++++++
+++++++++++++++++++++++++
+++++++++++++++++++++++++
+++++++++++++++++++++++++
+++++++++++++++++++++++++
+++++++++++++++++++++++++

+++++++++++++++++++++++++
+++++++++++++++++++++++++
+++++++++++++XX++++++++++
++++++++++++XXXX+++++++++
++++++++++++XXXX+++++++++
+++++++++X+X+++XX++++++++
+++++++XXXXX++XX+++++++++
++++++XXX+XX++XXX++++++++
++++++XXX++XXX+++XX++++++
+++++++XX++XXXX++XXX+++++
+++++++++XX+X++X+XXX+++++
++++++++++XX+XXXXXX++++++
+++++++++XX+++X+X++++++++
++++++++++XXXX+++++++++++
++++++++++XXXX+++++++++++
+++++++++++XX++++++++++++
+++++++++++++++++++++++++
+++++++++++++++++++++++++
+++++++++++++++++++++++++
+++++++++++++++++++++++++
+++++++++++++++++++++++++
+++++++++++++++++++++++++
+++++++++++++++++++++++++
+++++++++++++++++++++++++
+++++++++++++++++++++++++

+++++++++++++++++++++++++
+++++++++++++++++++++++++
++++++++++++XXXX+++++++++
++++++++++++XXXX+++++++++
+++++++++++XXXXXX++++++++
++++++++XX+X+++XX++++++++
++++++XXXXXX++XX+++++++++
++++++XXX+X++++XXX+++++++
++++++XXX++++++++XXX+++++
++++++XXX+++++X++XXX+++++
++++++++XXX+X++X+XXX+++++
++++++++++XX+XXXXXXX+++++
+++++++++XX+++X+XX+++++++
+++++++++XXXXXX++++++++++
++++++++++XXXX+++++++++++
++++++++++XXXX+++++++++++
+++++++++++++++++++++++++
+++++++++++++++++++++++++
+++++++++++++++++++++++++
+++++++++++++++++++++++++
+++++++++++++++++++++++++
+++++++++++++++++++++++++
+++++++++++++++++++++++++
+++++++++++++++++++++++++
+++++++++++++++++++++++++

+++++++++++++++++++++++++
+++++++++++++++++++++++++
++++++++++++XXXX+++++++++
+++++++++++XXXXXX++++++++
++++++++XXXXXXXXXX+++++++
+++++++XXXXX+X+XXX+++++++
++++++XXXXXXXXXXXX+++++++
++++++XXX+X++++XXXX++++++
++++++XXXXX+XX+X+XXX+++++
++++++XXX+X++XXXXXXX+++++
+++++++XXXXXXXXX+XXX+++++
++++++++XXXXXXXXXXXX+++++
++++++++XXX++XXXXXX++++++
++++++++XXXXXXXXXX+++++++
+++++++++XXXXXX++++++++++
++++++++++XXXX+++++++++++
+++++++++++++++++++++++++
+++++++++++++++++++++++++
+++++++++++++++++++++++++
+++++++++++++++++++++++++
+++++++++++++++++++++++++
+++++++++++++++++++++++++
+++++++++++++++++++++++++
+++++++++++++++++++++++++
+++++++++++++++++++++++++

+++++++++++++++++++++++++
+++++++++++++++++++++++++
++++++++++++XXXX+++++++++
++++++++X++XXXXXX++++++++
++++++++XXXXXXXXXXX++++++
+++++++XXXXX+X+XXX+++++++
++++++XXXXXXXXXXXX+++++++
++++++XXX+X++++XXXX++++++
++++++XXXXX+XX+X+XXX+++++
++++++XXX+X++XXXXXXX+++++
+++++++XXXXXXXXX+XXX+++++
++++++++XXXXXXXXXXXX+++++
++++++++XXX+XXXXXXX++++++
+++++++XXXXXXXXXXX+++++++
+++++++++XXXXXX++X+++++++
++++++++++XXXX+++++++++++
+++++++++++++++++++++++++
+++++++++++++++++++++++++
+++++++++++++++++++++++++
+++++++++++++++++++++++++
+++++++++++++++++++++++++
+++++++++++++++++++++++++
+++++++++++++++++++++++++
+++++++++++++++++++++++++
+++++++++++++++++++++++++

+++++++++++++++++++++++++
+++++++++++++++++++++++++
+++++++++++X+XX+X++++++++
+++++++++X+X+X+XXX+++++++
+++++++XXXXXXXXXXX+++++++
++++++XXXXXX+++XXXX++++++
+++++++XXXX++++XXX+++++++
++++++X+X++X++X+XXXX+++++
++++++XXX++X+++++X+++++++
++++++++X+X++XX++XXX+++++
++++++XXXXX+XX+X+X+X+++++
++++++++XXXXXXXXXXX++++++
+++++++XXXXX++XXXXXX+++++
++++++++XXX+XXXXXXX++++++
++++++++XXX+X+X+X++++++++
+++++++++X+XX+X++++++++++
+++++++++++++++++++++++++
+++++++++++++++++++++++++
+++++++++++++++++++++++++
+++++++++++++++++++++++++
+++++++++++++++++++++++++
+++++++++++++++++++++++++
+++++++++++++++++++++++++
+++++++++++++++++++++++++
+++++++++++++++++++++++++

+++++++++++++++++++++++++
+++++++++++++++++++++++++
++++++++++++XXXX+++++++++
++++++++++++XXXX+++++++++
+++++++++++XXXXXX++++++++
++++++++XX+XX++XX++++++++
++++++XXXXXX++XX+++++++++
++++++XXX+XX++XXXX+++++++
++++++XXX++XXX++XXXX+++++
++++++XXXX+XXXX++XXX+++++
++++++++XXX+X++X+XXX+++++
++++++++++XX+XXXXXXX+++++
+++++++++XX+++X+XX+++++++
+++++++++XXXXXX++++++++++
++++++++++XXXX+++++++++++
++++++++++XXXX+++++++++++
+++++++++++++++++++++++++
+++++++++++++++++++++++++
+++++++++++++++++++++++++
+++++++++++++++++++++++++
+++++++++++++++++++++++++
+++++++++++++++++++++++++
+++++++++++++++++++++++++
+++++++++++++++++++++++++
+++++++++++++++++++++++++

+++++++++++++++++++++++++
+++++++++++++++++++++++++
++++++++++++XXXX+++++++++
++++++++++++XXXX+++++++++
+++++++++++XXXXXX++++++++
++++++++XX+XX++XX++++++++
++++++XXXXXXXXXX+++++++++
++++++XXX+XX++XXXX+++++++
++++++XXX++XXX+XXXXX+++++
++++++XXXX+XXXX++XXX+++++
++++++++XXXXXX+X+XXX+++++
++++++++++XX+XXXXXXX+++++
+++++++++XX+++X+XX+++++++
+++++++++XXXXXX++++++++++
++++++++++XXXX+++++++++++
++++++++++XXXX+++++++++++
+++++++++++++++++++++++++
+++++++++++++++++++++++++
+++++++++++++++++++++++++
+++++++++++++++++++++++++
+++++++++++++++++++++++++
+++++++++++++++++++++++++
+++++++++++++++++++++++++
+++++++++++++++++++++++++
+++++++++++++++++++++++++

+++++++++++++++++++++++++
+++++++++++++++++++++++++
++++++++++++XXXX+++++++++
++++++++++++XXXX+++++++++
+++++++++++XXXXXX++++++++
++++++++XX+XX++XX++++++++
++++++XXXXXX++XX+++++++++
++++++XXX+X++XXXXX+++++++
++++++XXX++XXXX+XXXX+++++
++++++XXXXX+X+X++XXX+++++
++++++++XXX++++X+XXX+++++
++++++++++XX+XXXXXXX+++++
+++++++++XX+++X+XX+++++++
+++++++++XXXXXX++++++++++
++++++++++XXXX+++++++++++
++++++++++XXXX+++++++++++
+++++++++++++++++++++++++
+++++++++++++++++++++++++
+++++++++++++++++++++++++
+++++++++++++++++++++++++
+++++++++++++++++++++++++
+++++++++++++++++++++++++
+++++++++++++++++++++++++
+++++++++++++++++++++++++
+++++++++++++++++++++++++

+++++++++++++++++++++++++
+++++++++++++++++++++++++
+++++++++++++++++++++++++
+++++++++++++XX++++++++++
+++++++++++++XX++++++++++
+++++++++++++++++++++++++
+++++++++++XXXX++++++++++
+++++++XX+X++++X+++++++++
+++++++XX+XXX++X+++++++++
++++++++++X+X+XX+XX++++++
++++++++++X+X++X+XX++++++
+++++++++++XXXX++++++++++
+++++++++++++++++++++++++
+++++++++++XX++++++++++++
+++++++++++XX++++++++++++
+++++++++++++++++++++++++
+++++++++++++++++++++++++
+++++++++++++++++++++++++
+++++++++++++++++++++++++
+++++++++++++++++++++++++
+++++++++++++++++++++++++
+++++++++++++++++++++++++
+++++++++++++++++++++++++
+++++++++++++++++++++++++
+++++++++++++++++++++++++

+++++++++++++++++++++++++
+++++++++++++++++++++++++
+++++++++++++XX++++++++++
++++++++++++XXXX+++++++++
++++++++++++XXXX+++++++++
+++++++++++X+++X+++++++++
+++++++XXXXXXXXX+++++++++
++++++XXX+X++++XX++++++++
++++++XXX+XXXX+X+XX++++++
+++++++XX+X+XXXX+XXX+++++
+++++++++XX+X++X+XXX+++++
++++++++++XXXXXXXXX++++++
++++++++++X+++X++++++++++
++++++++++XXXX+++++++++++
++++++++++XXXX+++++++++++
+++++++++++XX++++++++++++
+++++++++++++++++++++++++
+++++++++++++++++++++++++
+++++++++++++++++++++++++
+++++++++++++++++++++++++
+++++++++++++++++++++++++
+++++++++++++++++++++++++
+++++++++++++++++++++++++
+++++++++++++++++++++++++
+++++++++++++++++++++++++

+++++++++++++++++++++++++
+++++++++++++XX++++++++++
+++++++++++++XX++++++++++
+++++++++++XXXXXX++++++++
++++++++++++XXXX+++++++++
+++++++X+++X+++X+++++++++
+++++++XXXXXXXXX+++++++++
+++++XXXX+X++++XX+X++++++
+++++XXXX+XXXX+X+XX++++++
+++++++XX+X+XXXX+XXXX++++
+++++++X+XX+X++X+XXXX++++
++++++++++XXXXXXXXX++++++
++++++++++X+++X+++X++++++
++++++++++XXXX+++++++++++
+++++++++XXXXXX++++++++++
+++++++++++XX++++++++++++
+++++++++++XX++++++++++++
+++++++++++++++++++++++++
+++++++++++++++++++++++++
+++++++++++++++++++++++++
+++++++++++++++++++++++++
+++++++++++++++++++++++++
+++++++++++++++++++++++++
+++++++++++++++++++++++++
+++++++++++++++++++++++++

+++++++++++++XX++++++++++
++++++++++++XXXX+++++++++
+++++++++++X+XX+X++++++++
+++++++++++XXXXXX++++++++
++++++++++X+XXXX+++++++++
++++++XX+++X+++X+++++++++
+++++X+XXXXXXXXX+X+++++++
++++XXXXX+X++++XX+XX+++++
++++XXXXX+XXXX+X+XX+X++++
+++++X+XX+X+XXXX+XXXXX+++
++++++XX+XX+X++X+XXXXX+++
++++++++X+XXXXXXXXX+X++++
++++++++++X+++X+++XX+++++
++++++++++XXXX+X+++++++++
+++++++++XXXXXX++++++++++
+++++++++X+XX+X++++++++++
++++++++++XXXX+++++++++++
+++++++++++XX++++++++++++
+++++++++++++++++++++++++
+++++++++++++++++++++++++
+++++++++++++++++++++++++
+++++++++++++++++++++++++
+++++++++++++++++++++++++
+++++++++++++++++++++++++
+++++++++++++++++++++++++

+++++++++++++++++++++++++
+++++++++++++++++++++++++
+++++++++++++XX++++++++++
++++++++++++XXXX+++++++++
++++++++++++XXXX+++++++++
+++++++++X+X+++XX++++++++
+++++++XXXXX++XX+++++++++
++++++XXX+X++++XX++++++++
++++++XXX++XX++++XX++++++
+++++++XX+X+++X++XXX+++++
+++++++++XX+X++X+XXX+++++
++++++++++XX++XXXXX++++++
+++++++++XX+++X+X++++++++
++++++++++XXXX+++++++++++
++++++++++XXXX+++++++++++
+++++++++++XX++++++++++++
+++++++++++++++++++++++++
+++++++++++++++++++++++++
+++++++++++++++++++++++++
+++++++++++++++++++++++++
+++++++++++++++++++++++++
+++++++++++++++++++++++++
+++++++++++++++++++++++++
+++++++++++++++++++++++++
+++++++++++++++++++++++++

+++++++++++++++++++++++++
+++++++++++++++++++++++++
++++++++++++XXXX+++++++++
++++++++++++XXXX+++++++++
+++++++++++XXXXXX++++++++
++++++++XX+X+++XX++++++++
++++++XXXXXX++XX+++++++++
++++++XXX+X++++XXX+++++++
++++++XXX++XX++++XXX+++++
++++++XXX+X+++X++XXX+++++
++++++++XXX+X++X+XXX+++++
++++++++++XX++XXXXXX+++++
+++++++++XX+++X+XX+++++++
+++++++++XXXXXX++++++++++
++++++++++XXXX+++++++++++
++++++++++XXXX+++++++++++
+++++++++++++++++++++++++
+++++++++++++++++++++++++
+++++++++++++++++++++++++
+++++++++++++++++++++++++
+++++++++++++++++++++++++
+++++++++++++++++++++++++
+++++++++++++++++++++++++
+++++++++++++++++++++++++
+++++++++++++++++++++++++

+++++++++++++++++++++++++
+++++++++++++++++++++++++
++++++++++++XXXX+++++++++
+++++++++++XXXXXX++++++++
++++++++XXXXXXXXXX+++++++
+++++++XXXXX+X+XXX+++++++
++++++XXXXXXXXXXXX+++++++
++++++XXX+XX+++XXXX++++++
++++++XXX+XXXX+X+XXX+++++
++++++XXXXXXXXXXXXXX+++++
+++++++XXXXXX++X+XXX+++++
++++++++XXXXXXXXXXXX+++++
++++++++XXX+X+XXXXX++++++
++++++++XXXXXXXXXX+++++++
+++++++++XXXXXX++++++++++
++++++++++XXXX+++++++++++
+++++++++++++++++++++++++
+++++++++++++++++++++++++
+++++++++++++++++++++++++
+++++++++++++++++++++++++
+++++++++++++++++++++++++
+++++++++++++++++++++++++
+++++++++++++++++++++++++
+++++++++++++++++++++++++
+++++++++++++++++++++++++

+++++++++++++++++++++++++
+++++++++++++++++++++++++
++++++++++++XXXX+++++++++
++++++++++++XXXX+++++++++
+++++++++++XXXXXX++++++++
++++++++XX+XX++XX++++++++
++++++XXXXXX++XX+++++++++
++++++XXX+X+XXXXXX+++++++
++++++XXX++X+X++XXXX+++++
++++++XXX+X+XXX++XXX+++++
++++++++XXX+X+XX+XXX+++++
++++++++++XX++XXXXXX+++++
+++++++++XX++XX+XX+++++++
+++++++++XXXXXX++++++++++
++++++++++XXXX+++++++++++
++++++++++XXXX+++++++++++
+++++++++++++++++++++++++
+++++++++++++++++++++++++
+++++++++++++++++++++++++
+++++++++++++++++++++++++
+++++++++++++++++++++++++
+++++++++++++++++++++++++
+++++++++++++++++++++++++
+++++++++++++++++++++++++
+++++++++++++++++++++++++

+++++++++++++++++++++++++
+++++++++++++++++++++++++
+++++++++++++++++++++++++
+++++++++++++++++++++++++
+++++++++++++++++++++++++
+++++++++++++++++++++++++
+++++++++++++++++++++++++
+++++++++++++X+++++++++++
+++++++++++X+++++++++++++
++++++++++++++X++++++++++
++++++++++++X++++++++++++
+++++++++++++++++++++++++
+++++++++++++++++++++++++
+++++++++++++++++++++++++
+++++++++++++++++++++++++
+++++++++++++++++++++++++
+++++++++++++++++++++++++
+++++++++++++++++++++++++
+++++++++++++++++++++++++
+++++++++++++++++++++++++
+++++++++++++++++++++++++
+++++++++++++++++++++++++
+++++++++++++++++++++++++
+++++++++++++++++++++++++
+++++++++++++++++++++++++

+++++++++++++++++++++++++
+++++++++++++++++++++++++
+++++++++++++XX++++++++++
++++++++++++XXXX+++++++++
++++++++++++XXXX+++++++++
+++++++++++X+++X+++++++++
+++++++XXXXXXXXX+++++++++
++++++XXX+X++X+XX++++++++
++++++XXX+XXX++X+XX++++++
+++++++XX+X+XXXX+XXX+++++
+++++++++XX+X++X+XXX+++++
++++++++++XXXXXXXXX++++++
++++++++++X+++X++++++++++
++++++++++XXXX+++++++++++
++++++++++XXXX+++++++++++
+++++++++++XX++++++++++++
+++++++++++++++++++++++++
+++++++++++++++++++++++++
+++++++++++++++++++++++++
+++++++++++++++++++++++++
+++++++++++++++++++++++++
+++++++++++++++++++++++++
+++++++++++++++++++++++++
+++++++++++++++++++++++++
+++++++++++++++++++++++++

+++++++++++++++++++++++++
+++++++++++++XX++++++++++
+++++++++++++XX++++++++++
+++++++++++XXXXXX++++++++
++++++++++++XXXX+++++++++
+++++++X+++X+++X+++++++++
+++++++XXXXXXXXX+++++++++
+++++XXXX+X++X+XX+X++++++
+++++XXXX+XXX++X+XX++++++
+++++++XX+X+XXXX+XXXX++++
+++++++X+XX+X++X+XXXX++++
++++++++++XXXXXXXXX++++++
++++++++++X+++X+++X++++++
++++++++++XXXX+++++++++++
+++++++++XXXXXX++++++++++
+++++++++++XX++++++++++++
+++++++++++XX++++++++++++
+++++++++++++++++++++++++
+++++++++++++++++++++++++
+++++++++++++++++++++++++
+++++++++++++++++++++++++
+++++++++++++++++++++++++
+++++++++++++++++++++++++
+++++++++++++++++++++++++
+++++++++++++++++++++++++

+++++++++++++++++++++++++
+++++++++++++++++++++++++
++++++++++++XXXX+++++++++
++++++++++++XXXX+++++++++
+++++++++++XXXXXX++++++++
++++++++XX+X+++XX++++++++
++++++XXXXXXX+XX+++++++++
++++++XXX+X++X+XXX+++++++
++++++XXX++X+++++XXX+++++
++++++XXX+++++X++XXX+++++
++++++++XXX+X++X+XXX+++++
++++++++++XX++XXXXXX+++++
+++++++++XX+++X+XX+++++++
+++++++++XXXXXX++++++++++
++++++++++XXXX+++++++++++
++++++++++XXXX+++++++++++
+++++++++++++++++++++++++
+++++++++++++++++++++++++
+++++++++++++++++++++++++
+++++++++++++++++++++++++
+++++++++++++++++++++++++
+++++++++++++++++++++++++
+++++++++++++++++++++++++
+++++++++++++++++++++++++
+++++++++++++++++++++++++

+++++++++++++++++++++++++
+++++++++++++++++++++++++
+++++++++++++++++++++++++
+++++++++++++XX++++++++++
+++++++++++++XX++++++++++
+++++++++++++++++++++++++
+++++++++++XXXX++++++++++
+++++++XX+X++X+X+++++++++
+++++++XX+XXXX+X+++++++++
++++++++++X++++X+XX++++++
++++++++++X+X++X+XX++++++
+++++++++++XXXX++++++++++
+++++++++++++++++++++++++
+++++++++++XX++++++++++++
+++++++++++XX++++++++++++
+++++++++++++++++++++++++
+++++++++++++++++++++++++
+++++++++++++++++++++++++
+++++++++++++++++++++++++
+++++++++++++++++++++++++
+++++++++++++++++++++++++
+++++++++++++++++++++++++
+++++++++++++++++++++++++
+++++++++++++++++++++++++
+++++++++++++++++++++++++

+++++++++++++++++++++++++
+++++++++++++++++++++++++
+++++++++++++XX++++++++++
++++++++++++XXXX+++++++++
++++++++++++XXXX+++++++++
+++++++++++X+++X+++++++++
+++++++XXXXXXXXX+++++++++
++++++XXX+X++X+XX++++++++
++++++XXX+XXXX+X+XX++++++
+++++++XX+X+X+XX+XXX+++++
+++++++++XX+X++X+XXX+++++
++++++++++XXXXXXXXX++++++
++++++++++X+++X++++++++++
++++++++++XXXX+++++++++++
++++++++++XXXX+++++++++++
+++++++++++XX++++++++++++
+++++++++++++++++++++++++
+++++++++++++++++++++++++
+++++++++++++++++++++++++
+++++++++++++++++++++++++
+++++++++++++++++++++++++
+++++++++++++++++++++++++
+++++++++++++++++++++++++
+++++++++++++++++++++++++
+++++++++++++++++++++++++

+++++++++++++++++++++++++
+++++++++++++++++++++++++
+++++++++++++++++++++++++
+++++++++++++++++++++++++
+++++++++++++++++++++++++
+++++++++++++++++++++++++
+++++++++++++++++++++++++
+++++++++++++X+++++++++++
+++++++++++XX++++++++++++
+++++++++++++X+++++++++++
+++++++++++++++++++++++++
+++++++++++++++++++++++++
+++++++++++++++++++++++++
+++++++++++++++++++++++++
+++++++++++++++++++++++++
+++++++++++++++++++++++++
+++++++++++++++++++++++++
+++++++++++++++++++++++++
+++++++++++++++++++++++++
+++++++++++++++++++++++++
+++++++++++++++++++++++++
+++++++++++++++++++++++++
+++++++++++++++++++++++++
+++++++++++++++++++++++++
+++++++++++++++++++++++++

