++++++++++++++++++++++++++++++++++++++++
++++++++++++++++++++++++++++++++++++++++
++++++++++++++++++++++++++++++++++++++++
++++++++++++++++++X+++++++++++++++++++++
++++++++++++XX++++++++++++++++++++++++++
+++++++++++++X+++XXX++++++++++++++++++++
++++++++++++++++++++++++++++++++++++++++
++++++++++++++++++++++++++++++++++++++++
++++++++++++++++++++++++++++++++++++++++
++++++++++++++++++++++++++++++++++++++++
++++++++++++++++++++++++++++++++++++++++
++++++++++++++++++++++++++++++++++++++++
++++++++++++++++++++++++++++++++++++++++
++++++++++++++++++++++++++++++++++++++++
++++++++++++++++++++++++++++++++++++++++
++++++++++++++++++++++++++++++++++++++++
++++++++++++++++++++++++++++++++++++++++
++++++++++++++++++++++++++++++++++++++++
++++++++++++++++++++++++++++++++++++++++
++++++++++++++++++++++++++++++++++++++++

++++++++++++++++++++++++++++++++++++++++
++++++++++++++++++++++++++++++++++++++++
++++++++++++++++++++++++++++++++++++++++
++++++++++++XX++++X+++++++++++++++++++++
++++++++++++XXX+++++++++++++++++++++++++
+++++++++++++XX++XXX++++++++++++++++++++
+++++++++++++++++X+X++++++++++++++++++++
++++++++++++++++++++++++++++++++++++++++
++++++++++++++++++++++++++++++++++++++++
++++++++++++++++++++++++++++++++++++++++
++++++++++++++++++++++++++++++++++++++++
++++++++++++++++++++++++++++++++++++++++
++++++++++++++++++++++++++++++++++++++++
++++++++++++++++++++++++++++++++++++++++
++++++++++++++++++++++++++++++++++++++++
++++++++++++++++++++++++++++++++++++++++
++++++++++++++++++++++++++++++++++++++++
++++++++++++++++++++++++++++++++++++++++
++++++++++++++++++++++++++++++++++++++++
++++++++++++++++++++++++++++++++++++++++

++++++++++++++++++++++++++++++++++++++++
++++++++++++++++++++++++++++++++++++++++
++++++++++++XX++++++++++++++++++++++++++
+++++++++++XXX++++X+++++++++++++++++++++
+++++++++++XXXXX++++++++++++++++++++++++
+++++++++++++XXXXXXXX+++++++++++++++++++
+++++++++++++XX+XX+XX+++++++++++++++++++
++++++++++++++++++X+++++++++++++++++++++
++++++++++++++++++++++++++++++++++++++++
++++++++++++++++++++++++++++++++++++++++
++++++++++++++++++++++++++++++++++++++++
++++++++++++++++++++++++++++++++++++++++
++++++++++++++++++++++++++++++++++++++++
++++++++++++++++++++++++++++++++++++++++
++++++++++++++++++++++++++++++++++++++++
++++++++++++++++++++++++++++++++++++++++
++++++++++++++++++++++++++++++++++++++++
++++++++++++++++++++++++++++++++++++++++
++++++++++++++++++++++++++++++++++++++++
++++++++++++++++++++++++++++++++++++++++

++++++++++++++++++++++++++++++++++++++++
++++++++++++XX++++++++++++++++++++++++++
++++++++++++XXX+++++++++++++++++++++++++
++++++++++XXXX+X++X+++++++++++++++++++++
++++++++++XXXXXX++++X+++++++++++++++++++
+++++++++++X+XXXXXXXXX++++++++++++++++++
++++++++++++XXX+XX+XXX++++++++++++++++++
+++++++++++++XXXX+X+X+++++++++++++++++++
++++++++++++++++++++++++++++++++++++++++
++++++++++++++++++++++++++++++++++++++++
++++++++++++++++++++++++++++++++++++++++
++++++++++++++++++++++++++++++++++++++++
++++++++++++++++++++++++++++++++++++++++
++++++++++++++++++++++++++++++++++++++++
++++++++++++++++++++++++++++++++++++++++
++++++++++++++++++++++++++++++++++++++++
++++++++++++++++++++++++++++++++++++++++
++++++++++++++++++++++++++++++++++++++++
++++++++++++++++++++++++++++++++++++++++
++++++++++++++++++++++++++++++++++++++++

++++++++++++XX++++++++++++++++++++++++++
+++++++++++XXX++++++++++++++++++++++++++
++++++++++X+XXXX++++++++++++++++++++++++
+++++++++XXXXX+XX+XX++++++++++++++++++++
+++++++++XXXXXXX++++X+++++++++++++++++++
+++++++++++X+XXXXXXXXXX+++++++++++++++++
+++++++++++XXXX+XX+XXXX+++++++++++++++++
+++++++++++++XXXX+X+X+++++++++++++++++++
+++++++++++++X++XX+X++++++++++++++++++++
++++++++++++++++++++++++++++++++++++++++
++++++++++++++++++++++++++++++++++++++++
++++++++++++++++++++++++++++++++++++++++
++++++++++++++++++++++++++++++++++++++++
++++++++++++++++++++++++++++++++++++++++
++++++++++++++++++++++++++++++++++++++++
++++++++++++++++++++++++++++++++++++++++
++++++++++++++++++++++++++++++++++++++++
++++++++++++++++++++++++++++++++++++++++
++++++++++++++++++++++++++++++++++++++++
++++++++++++++++++++++++++++++++++++++++

++++++++++++XXX+++++++++++++++++++++++++
++++++++++XXXX+X++++++++++++++++++++++++
++++++++++X+XXXX+XXX++++++++++++++++++++
++++++++XXXXXX+XXXXXX+++++++++++++++++++
++++++++XXXXXXXX++++X+X+++++++++++++++++
+++++++++X+X+XXXXXXXXXXX++++++++++++++++
++++++++++XXXXX+XX+XXXXX++++++++++++++++
+++++++++++X+XXXX+X+X+X+++++++++++++++++
++++++++++++XX++XX+XX+++++++++++++++++++
++++++++++++++++XXX+++++++++++++++++++++
++++++++++++++++++++++++++++++++++++++++
++++++++++++++++++++++++++++++++++++++++
++++++++++++++++++++++++++++++++++++++++
++++++++++++++++++++++++++++++++++++++++
++++++++++++++++++++++++++++++++++++++++
++++++++++++++++++++++++++++++++++++++++
++++++++++++++++++++++++++++++++++++++++
++++++++++++++++++++++++++++++++++++++++
++++++++++++++++++++++++++++++++++++++++
++++++++++++++++++++++++++++++++++++++++

++++++++++X+XXXX++++++++++++++++++++++++
+++++++++XXXXX+X+X+X++++++++++++++++++++
++++++++X+X+XXXX+XXX++++++++++++++++++++
+++++++XXXXXXX+XXXXXX+++++++++++++++++++
+++++++XXXXXXXXX++++X+X+++++++++++++++++
+++++++++X+X+XXXXXXXXXXXX+++++++++++++++
+++++++++XXXXXX+XX+XXXXXX+++++++++++++++
+++++++++++X+XXXX+X+X+X+++++++++++++++++
+++++++++++XXX++XX+XX+++++++++++++++++++
++++++++++++XX+XXXX+X+++++++++++++++++++
++++++++++++++++X+X+++++++++++++++++++++
++++++++++++++++++++++++++++++++++++++++
++++++++++++++++++++++++++++++++++++++++
++++++++++++++++++++++++++++++++++++++++
++++++++++++++++++++++++++++++++++++++++
++++++++++++++++++++++++++++++++++++++++
++++++++++++++++++++++++++++++++++++++++
++++++++++++++++++++++++++++++++++++++++
++++++++++++++++++++++++++++++++++++++++
++++++++++++++++++++++++++++++++++++++++

++++++++++X+XXXX++X+++++++++++++++++++++
++++++++XXXXXX+X+X+XX+++++++++++++++++++
++++++++X+X+XXXX+XXX++++++++++++++++++++
++++++XXXXXXXX+XXXXXX+++++++++++++++++++
++++++XXXXXXXXXX++++X+X+X+++++++++++++++
+++++++X+X+X+XXXXXXXXXXXXX++++++++++++++
++++++++XXXXXXX+XX+XXXXXXX++++++++++++++
+++++++++X+X+XXXX+X+X+X+X+++++++++++++++
++++++++++XXXX++XX+XX+++++++++++++++++++
++++++++++++XX+XXXX+XX++++++++++++++++++
++++++++++++XXX+X+X+++++++++++++++++++++
+++++++++++++++++X++++++++++++++++++++++
++++++++++++++++++++++++++++++++++++++++
++++++++++++++++++++++++++++++++++++++++
++++++++++++++++++++++++++++++++++++++++
++++++++++++++++++++++++++++++++++++++++
++++++++++++++++++++++++++++++++++++++++
++++++++++++++++++++++++++++++++++++++++
++++++++++++++++++++++++++++++++++++++++
++++++++++++++++++++++++++++++++++++++++

++++++++++X+XXXX++X+++++++++++++++++++++
++++++++XXXXXX+X+X+XX+++++++++++++++++++
++++++++X+X+XXXX+XXX++++++++++++++++++++
++++++XXXXXXXX+XXX+XX+++++++++++++++++++
++++++XXXXXXXXXX+X+XX+X+X+++++++++++++++
+++++++X+X+XXXXXX+X+XXXXXX++++++++++++++
++++++++XXXXXXX+XXXXXXXXXX++++++++++++++
+++++++++X+X+XXXX+X+X+X+X+++++++++++++++
++++++++++XXXX++XX+XX+++++++++++++++++++
++++++++++++XX+XXXX+XX++++++++++++++++++
++++++++++++XXX+X+X+++++++++++++++++++++
+++++++++++++++++X++++++++++++++++++++++
++++++++++++++++++++++++++++++++++++++++
++++++++++++++++++++++++++++++++++++++++
++++++++++++++++++++++++++++++++++++++++
++++++++++++++++++++++++++++++++++++++++
++++++++++++++++++++++++++++++++++++++++
++++++++++++++++++++++++++++++++++++++++
++++++++++++++++++++++++++++++++++++++++
++++++++++++++++++++++++++++++++++++++++

++++++++++X+XXXX++X+++++++++++++++++++++
++++++++XXXXXX+X+X+XX+++++++++++++++++++
++++++++X+X+XXXX+XXX++++++++++++++++++++
++++++XXXXXX+++XXXXXX+++++++++++++++++++
++++++XXXXXX+++X+X+XX+X+X+++++++++++++++
+++++++X+X+XX++XXX+XXXXXXX++++++++++++++
++++++++XXXXXXX+X+X+XXXXXX++++++++++++++
+++++++++X+X+XXXX+X+X+X+X+++++++++++++++
++++++++++XXXX++XX+XX+++++++++++++++++++
++++++++++++XX+XXXX+XX++++++++++++++++++
++++++++++++XXX+X+X+++++++++++++++++++++
+++++++++++++++++X++++++++++++++++++++++
++++++++++++++++++++++++++++++++++++++++
++++++++++++++++++++++++++++++++++++++++
++++++++++++++++++++++++++++++++++++++++
++++++++++++++++++++++++++++++++++++++++
++++++++++++++++++++++++++++++++++++++++
++++++++++++++++++++++++++++++++++++++++
++++++++++++++++++++++++++++++++++++++++
++++++++++++++++++++++++++++++++++++++++

++++++++++X+XXXX++X+++++++++++++++++++++
++++++++XXXXXX+X+X+XX+++++++++++++++++++
++++++++X+X+XXXX+XXX++++++++++++++++++++
++++++XXXXXX+XXXXX+XX+++++++++++++++++++
++++++XXXXXXXXXX++++X+X+X+++++++++++++++
+++++++X+X+X+X+XXXXXXXXXXX++++++++++++++
++++++++XXXXXXX+X+X+XXXXXX++++++++++++++
+++++++++X+X+XXXX+X+X+X+X+++++++++++++++
++++++++++XXXX++XX+XX+++++++++++++++++++
++++++++++++XX+XXXX+XX++++++++++++++++++
++++++++++++XXX+X+X+++++++++++++++++++++
+++++++++++++++++X++++++++++++++++++++++
++++++++++++++++++++++++++++++++++++++++
++++++++++++++++++++++++++++++++++++++++
++++++++++++++++++++++++++++++++++++++++
++++++++++++++++++++++++++++++++++++++++
++++++++++++++++++++++++++++++++++++++++
++++++++++++++++++++++++++++++++++++++++
++++++++++++++++++++++++++++++++++++++++
++++++++++++++++++++++++++++++++++++++++

++++++++++X+XXXX++X+++++++++++++++++++++
++++++++XXXXXX+X+X+XX+++++++++++++++++++
++++++++X+X+++XX+XXX++++++++++++++++++++
++++++XXXXX+X+XXXXXXX+++++++++++++++++++
++++++XXXXX+++++++++X+X+X+++++++++++++++
+++++++X+X+X++X++++++XXXXX++++++++++++++
++++++++XXXXX++++XXX+XXXXX++++++++++++++
+++++++++X+X+XXXX+++X+X+X+++++++++++++++
++++++++++XXXX++XX+XX+++++++++++++++++++
++++++++++++XX+XXXX+XX++++++++++++++++++
++++++++++++XXX+X+X+++++++++++++++++++++
+++++++++++++++++X++++++++++++++++++++++
++++++++++++++++++++++++++++++++++++++++
++++++++++++++++++++++++++++++++++++++++
++++++++++++++++++++++++++++++++++++++++
++++++++++++++++++++++++++++++++++++++++
++++++++++++++++++++++++++++++++++++++++
++++++++++++++++++++++++++++++++++++++++
++++++++++++++++++++++++++++++++++++++++
++++++++++++++++++++++++++++++++++++++++

++++++++++X+XXXX++X+++++++++++++++++++++
++++++++XXXXXX+X+X+XX+++++++++++++++++++
++++++++X+XXX+XX+XXX++++++++++++++++++++
++++++XXXXXX+XXXXX+XX+++++++++++++++++++
++++++XXXXX+XXXX++++X+X+X+++++++++++++++
+++++++X+X+X+X+XXXXX+XXXXX++++++++++++++
++++++++XXXXX+X+X+X++XXXXX++++++++++++++
+++++++++X+X+XXXXX+XX+X+X+++++++++++++++
++++++++++XXXX++XX+XX+++++++++++++++++++
++++++++++++XX+XXXX+XX++++++++++++++++++
++++++++++++XXX+X+X+++++++++++++++++++++
+++++++++++++++++X++++++++++++++++++++++
++++++++++++++++++++++++++++++++++++++++
++++++++++++++++++++++++++++++++++++++++
++++++++++++++++++++++++++++++++++++++++
++++++++++++++++++++++++++++++++++++++++
++++++++++++++++++++++++++++++++++++++++
++++++++++++++++++++++++++++++++++++++++
++++++++++++++++++++++++++++++++++++++++
++++++++++++++++++++++++++++++++++++++++

++++++++++X+XXXX++X+++++++++++++++++++++
++++++++XXXX+++X+X+XX+++++++++++++++++++
++++++++X+XX+X+X+XXX++++++++++++++++++++
++++++XXXX++X+X+XXXXX+++++++++++++++++++
++++++XXXX+X++++++++++X+X+++++++++++++++
+++++++X+X++++X+++++X+XXXX++++++++++++++
++++++++XXXX+X+++XXXX+XXXX++++++++++++++
+++++++++X+X+++++XXX++X+X+++++++++++++++
++++++++++XXXX++XX+XX+++++++++++++++++++
++++++++++++XX+XXXX+XX++++++++++++++++++
++++++++++++XXX+X+X+++++++++++++++++++++
+++++++++++++++++X++++++++++++++++++++++
++++++++++++++++++++++++++++++++++++++++
++++++++++++++++++++++++++++++++++++++++
++++++++++++++++++++++++++++++++++++++++
++++++++++++++++++++++++++++++++++++++++
++++++++++++++++++++++++++++++++++++++++
++++++++++++++++++++++++++++++++++++++++
++++++++++++++++++++++++++++++++++++++++
++++++++++++++++++++++++++++++++++++++++

++++++++++X+XXXX++X+++++++++++++++++++++
++++++++XXXX+XXX+X+XX+++++++++++++++++++
++++++++X+XXX+XX+XXX++++++++++++++++++++
++++++XXXX+X+XX+XX+XX+++++++++++++++++++
++++++XXXXX+XXXX+++++XX+X+++++++++++++++
+++++++X+XXX+X+XXXXX+XXXXX++++++++++++++
++++++++XXXXX+X+X+X++XXXXX++++++++++++++
+++++++++X+XXXXX+XXX+XX+X+++++++++++++++
++++++++++XXXXXXXX+XX+++++++++++++++++++
++++++++++++XX+XXXX+XX++++++++++++++++++
++++++++++++XXX+X+X+++++++++++++++++++++
+++++++++++++++++X++++++++++++++++++++++
++++++++++++++++++++++++++++++++++++++++
++++++++++++++++++++++++++++++++++++++++
++++++++++++++++++++++++++++++++++++++++
++++++++++++++++++++++++++++++++++++++++
++++++++++++++++++++++++++++++++++++++++
++++++++++++++++++++++++++++++++++++++++
++++++++++++++++++++++++++++++++++++++++
++++++++++++++++++++++++++++++++++++++++

++++++++++X+++XX++X+++++++++++++++++++++
++++++++XXX+X+XX+X+XX+++++++++++++++++++
++++++++X++X+X+++XXX++++++++++++++++++++
++++++XXX+X+X+XX+XX+X+++++++++++++++++++
++++++XXX++X++++++++XXX+X+++++++++++++++
+++++++X+XX+++X+++++X++XXX++++++++++++++
++++++++XXX++X+++XXXX++XXX++++++++++++++
+++++++++X+XX+++XX+XXXX+X+++++++++++++++
++++++++++XXX+XX++++X+++++++++++++++++++
++++++++++++XX+XXXX+XX++++++++++++++++++
++++++++++++XXX+X+X+++++++++++++++++++++
+++++++++++++++++X++++++++++++++++++++++
++++++++++++++++++++++++++++++++++++++++
++++++++++++++++++++++++++++++++++++++++
++++++++++++++++++++++++++++++++++++++++
++++++++++++++++++++++++++++++++++++++++
++++++++++++++++++++++++++++++++++++++++
++++++++++++++++++++++++++++++++++++++++
++++++++++++++++++++++++++++++++++++++++
++++++++++++++++++++++++++++++++++++++++

++++++++++XXX+XX++X+++++++++++++++++++++
++++++++XXXX+XXX+X+XX+++++++++++++++++++
++++++++XXXXX+X+XXXX++++++++++++++++++++
++++++XXXX+X+XX++X++X+++++++++++++++++++
++++++XXX+X+XXXX+++++XX+X+++++++++++++++
+++++++X+XXX+X+XXXXX+X+XXX++++++++++++++
++++++++XXX+X+X+X+X++X+XXX++++++++++++++
+++++++++X+XXXXX+XXX+XX+X+++++++++++++++
++++++++++XXX+XX++X+X+++++++++++++++++++
++++++++++++XX+XXXX+XX++++++++++++++++++
++++++++++++XXX+X+X+++++++++++++++++++++
+++++++++++++++++X++++++++++++++++++++++
++++++++++++++++++++++++++++++++++++++++
++++++++++++++++++++++++++++++++++++++++
++++++++++++++++++++++++++++++++++++++++
++++++++++++++++++++++++++++++++++++++++
++++++++++++++++++++++++++++++++++++++++
++++++++++++++++++++++++++++++++++++++++
++++++++++++++++++++++++++++++++++++++++
++++++++++++++++++++++++++++++++++++++++

++++++++++XX+X+X++X+++++++++++++++++++++
++++++++XX++X+X++X+XX+++++++++++++++++++
++++++++XX+X+X+XX+++++++++++++++++++++++
++++++XX++X+X+XXX+XX++++++++++++++++++++
++++++XX+X+X++++++++XX++X+++++++++++++++
+++++++X++X+++X+++++X+X+XX++++++++++++++
++++++++XX+X+X+++XXXX+X+XX++++++++++++++
+++++++++X++X+++XX+XXX++X+++++++++++++++
++++++++++XX+XXXXXXX++++++++++++++++++++
++++++++++++XX+X++++XX++++++++++++++++++
++++++++++++XXX+X+X+++++++++++++++++++++
+++++++++++++++++X++++++++++++++++++++++
++++++++++++++++++++++++++++++++++++++++
++++++++++++++++++++++++++++++++++++++++
++++++++++++++++++++++++++++++++++++++++
++++++++++++++++++++++++++++++++++++++++
++++++++++++++++++++++++++++++++++++++++
++++++++++++++++++++++++++++++++++++++++
++++++++++++++++++++++++++++++++++++++++
++++++++++++++++++++++++++++++++++++++++

++++++++++XXX++X++X+++++++++++++++++++++
++++++++XX+X+XX+XXXXX+++++++++++++++++++
++++++++XXXXX+X+XXXXX+++++++++++++++++++
++++++XX+X+X+XX++X+++X++++++++++++++++++
++++++XXX+X+XXXX+++++X+XX+++++++++++++++
+++++++XXXXX+X+XXXXX+X+XXX++++++++++++++
++++++++XXX+X+X+X+X++X+XXX++++++++++++++
+++++++++XXXXXXX+XXX+X+XX+++++++++++++++
++++++++++XX+XXX++X++X++++++++++++++++++
++++++++++++XX+X+X+XXX++++++++++++++++++
++++++++++++XXX+XXX+++++++++++++++++++++
+++++++++++++++++X++++++++++++++++++++++
++++++++++++++++++++++++++++++++++++++++
++++++++++++++++++++++++++++++++++++++++
++++++++++++++++++++++++++++++++++++++++
++++++++++++++++++++++++++++++++++++++++
++++++++++++++++++++++++++++++++++++++++
++++++++++++++++++++++++++++++++++++++++
++++++++++++++++++++++++++++++++++++++++
++++++++++++++++++++++++++++++++++++++++

+++++++++++X+XX+++X+++++++++++++++++++++
++++++++X+X+X+XXX+X+X+++++++++++++++++++
+++++++++X+X+X+XX+++X+++++++++++++++++++
++++++X+X+X+X+XXX+XXXX++++++++++++++++++
++++++X++X+X++++++++XXXXX+++++++++++++++
+++++++XX+X+++X+++++X+X++X++++++++++++++
++++++++X++X+X+++XXXX+X++X++++++++++++++
+++++++++XX+X+++XX+XXXXXX+++++++++++++++
++++++++++X+X+XXXXXXXX++++++++++++++++++
++++++++++++++++X+XX+X++++++++++++++++++
++++++++++++XXX++X++++++++++++++++++++++
+++++++++++++++++X++++++++++++++++++++++
++++++++++++++++++++++++++++++++++++++++
++++++++++++++++++++++++++++++++++++++++
++++++++++++++++++++++++++++++++++++++++
++++++++++++++++++++++++++++++++++++++++
++++++++++++++++++++++++++++++++++++++++
++++++++++++++++++++++++++++++++++++++++
++++++++++++++++++++++++++++++++++++++++
++++++++++++++++++++++++++++++++++++++++

+++++++++X+XX+++X+X+++++++++++++++++++++
++++++++XX+X+XX+X+X+X+++++++++++++++++++
+++++++XXXXXX+X+XXXXX+++++++++++++++++++
++++++XX+X+X+XX++X++X+++++++++++++++++++
++++++X+X+X+XXXX+++++XXXX+++++++++++++++
+++++++XXXXX+X+XXXXX+X+X+X++++++++++++++
++++++++X+X+X+X+X+X++X+X+X++++++++++++++
+++++++++XXXXXXX+XXX+XXXX+++++++++++++++
++++++++++X++XXX++X+XX++++++++++++++++++
+++++++++++XX+X++X+X+X++++++++++++++++++
++++++++++++XXXX+X+X++++++++++++++++++++
+++++++++++++++++X++++++++++++++++++++++
++++++++++++++++++++++++++++++++++++++++
++++++++++++++++++++++++++++++++++++++++
++++++++++++++++++++++++++++++++++++++++
++++++++++++++++++++++++++++++++++++++++
++++++++++++++++++++++++++++++++++++++++
++++++++++++++++++++++++++++++++++++++++
++++++++++++++++++++++++++++++++++++++++
++++++++++++++++++++++++++++++++++++++++


