++++++++++++++++++++++++++++++++++++++++++++++++++
++++++++++++++++++++++++++++++++++++++++++++++++++
+++++++++++++++++++++++++X++++++++++++++++++++++++
+++++++++++++++++++++++X+X++++++++++++++++++++++++
+++++++++++++XX++++++XX++++++++++++XX+++++++++++++
++++++++++++X+++X++++XX++++++++++++XX+++++++++++++
+XX++++++++X+++++X+++XX+++++++++++++++++++++++++++
+XX++++++++X+++X+XX++++X+X++++++++++++++++++++++++
+++++++++++X+++++X+++++++X++++++++++++++++++++++++
++++++++++++X+++X+++++++++++++++++++++++++++++++++
+++++++++++++XX+++++++++++++++++++++++++++++++++++
++++++++++++++++++++++++++++++++++++++++++++++++++
++++++++++++++++++++++++++++++++++++++++++++++++++
++++++++++++++++++++++++++++++++++++++++++++++++++
++++++++++++++++++++++++++++++++++++++++++++++++++
++++++++++++++++++++++++++++++++++++++++++++++++++
++++++++++++++++++++++++++++++++++++++++++++++++++
++++++++++++++++++++++++++++++++++++++++++++++++++
++++++++++++++++++++++++++++++++++++++++++++++++++
++++++++++++++++++++++++++++++++++++++++++++++++++
++++++++++++++++++++++++++++++++++++++++++++++++++
++++++++++++++++++++++++++++++++++++++++++++++++++
++++++++++++++++++++++++++++++++++++++++++++++++++
++++++++++++++++++++++++++++++++++++++++++++++++++
++++++++++++++++++++++++++++++++++++++++++++++++++

++++++++++++++++++++++++++++++++++++++++++++++++++
++++++++++++++++++++++++++++++++++++++++++++++++++
+++++++++++++++++++++++++XX+++++++++++++++++++++++
+++++++++++++XX++++++X+X+XX++++++++XX+++++++++++++
++++++++++++XXXX++++XXX+X+++++++++XXXX++++++++++++
+XX++++++++XX+XXXX+++XX+++++++++++XXXX++++++++++++
XXXX++++++XX+++X+X++XXX+X++++++++++XX+++++++++++++
XXXX+++++++X+++X+XX++X+X+XX+++++++++++++++++++++++
+XX+++++++XX+++X+X+++++++XX+++++++++++++++++++++++
+++++++++++XX+XXXX++++++++++++++++++++++++++++++++
++++++++++++XXXX++++++++++++++++++++++++++++++++++
+++++++++++++XX+++++++++++++++++++++++++++++++++++
++++++++++++++++++++++++++++++++++++++++++++++++++
++++++++++++++++++++++++++++++++++++++++++++++++++
++++++++++++++++++++++++++++++++++++++++++++++++++
++++++++++++++++++++++++++++++++++++++++++++++++++
++++++++++++++++++++++++++++++++++++++++++++++++++
++++++++++++++++++++++++++++++++++++++++++++++++++
++++++++++++++++++++++++++++++++++++++++++++++++++
++++++++++++++++++++++++++++++++++++++++++++++++++
++++++++++++++++++++++++++++++++++++++++++++++++++
++++++++++++++++++++++++++++++++++++++++++++++++++
++++++++++++++++++++++++++++++++++++++++++++++++++
++++++++++++++++++++++++++++++++++++++++++++++++++
++++++++++++++++++++++++++++++++++++++++++++++++++

++++++++++++++++++++++++++++++++++++++++++++++++++
+++++++++++++++++++++++++XX+++++++++++++++++++++++
+++++++++++++XX+++++++X++XXX+++++++XX+++++++++++++
+++++++++++++XX++++++X+X+XXX+++++++XX+++++++++++++
+XX+++++++++XXXX+X++XXX+X+X++++++XXXXXX+++++++++++
+XX++++++++XX+XXXXXX+XX+XX+++++++XXXXXX+++++++++++
XXXXX+++++XX+X+X+X+XXXX+X+X++++++++XX+++++++++++++
XXXXX++++X+X+++X+XXX+X+X+XXX+++++++XX+++++++++++++
+XX+++++++XX+X+X+X++++X++XXX++++++++++++++++++++++
+XX++++++++XX+XXXXX++++++XX+++++++++++++++++++++++
++++++++++++XXXX+X++++++++++++++++++++++++++++++++
+++++++++++++XX+++++++++++++++++++++++++++++++++++
+++++++++++++XX+++++++++++++++++++++++++++++++++++
++++++++++++++++++++++++++++++++++++++++++++++++++
++++++++++++++++++++++++++++++++++++++++++++++++++
++++++++++++++++++++++++++++++++++++++++++++++++++
++++++++++++++++++++++++++++++++++++++++++++++++++
++++++++++++++++++++++++++++++++++++++++++++++++++
++++++++++++++++++++++++++++++++++++++++++++++++++
++++++++++++++++++++++++++++++++++++++++++++++++++
++++++++++++++++++++++++++++++++++++++++++++++++++
++++++++++++++++++++++++++++++++++++++++++++++++++
++++++++++++++++++++++++++++++++++++++++++++++++++
++++++++++++++++++++++++++++++++++++++++++++++++++
++++++++++++++++++++++++++++++++++++++++++++++++++

+++++++++++++++++++++++++XX+++++++++++++++++++++++
+++++++++++++XX+++++++++XXX++++++++XX+++++++++++++
++++++++++++XXXX+++++XXX+XXXX+++++XXXX++++++++++++
+XX++++++++++XX+X++++X+X+XXXX++++X+XX+X+++++++++++
XXXX++++++++XXXX+X++XXX+X+X+++++XXXXXXXX++++++++++
+XX+X++++++XX+XXXXXX+XX+XX+X++++XXXXXXXX++++++++++
XXXXXX+++XXX+X+X+X+XXXX+X+X++++++X+XX+X+++++++++++
XXXXXX+++X+X+X+X+XXX+X+X+XXXX+++++XXXX++++++++++++
+XX+X++++XXX+X+X+X++XXXX+XXXX++++++XX+++++++++++++
XXXX+++++++XX+XXXXX+++++XXX+++++++++++++++++++++++
+XX+++++++++XXXX+X+++++++XX+++++++++++++++++++++++
+++++++++++++XX+X+++++++++++++++++++++++++++++++++
++++++++++++XXXX++++++++++++++++++++++++++++++++++
+++++++++++++XX+++++++++++++++++++++++++++++++++++
++++++++++++++++++++++++++++++++++++++++++++++++++
++++++++++++++++++++++++++++++++++++++++++++++++++
++++++++++++++++++++++++++++++++++++++++++++++++++
++++++++++++++++++++++++++++++++++++++++++++++++++
++++++++++++++++++++++++++++++++++++++++++++++++++
++++++++++++++++++++++++++++++++++++++++++++++++++
++++++++++++++++++++++++++++++++++++++++++++++++++
++++++++++++++++++++++++++++++++++++++++++++++++++
++++++++++++++++++++++++++++++++++++++++++++++++++
++++++++++++++++++++++++++++++++++++++++++++++++++
++++++++++++++++++++++++++++++++++++++++++++++++++

+++++++++++++XX++++++++++XXX+++++++XX+++++++++++++
+++++++++++++XX++++++X++XXX+X++++++XX+++++++++++++
+XX+++++++++XXXXX+++XXXX+XXXXX+++XXXXXX+++++++++++
+XX++++++++X+XX+XX+++X+X+XXXXX+++X+XX+X+++++++++++
XXXXX+++++++XXXX+X++XXX+X+X++++XXXXXXXXXX+++++++++
+XX+X++++X+XX+XXXXXX+XX+XX+X+++XXXXXXXXXX+++++++++
XXXXXXX+XXXX+X+X+X+XXXX+X+X++++++X+XX+X+++++++++++
XXXXXXX++X+X+X+X+XXX+X+X+XXXXX+++XXXXXX+++++++++++
+XX+X+++XXXX+X+X+X++XXXX+XXXXX+++++XX+++++++++++++
XXXXX++++X+XX+XXXXXXX+++XXX+X++++++XX+++++++++++++
+XX+++++++++XXXX+X+++++++XXX++++++++++++++++++++++
+XX++++++++X+XX+XX+++++++XX+++++++++++++++++++++++
++++++++++++XXXXX+++++++++++++++++++++++++++++++++
+++++++++++++XX+++++++++++++++++++++++++++++++++++
+++++++++++++XX+++++++++++++++++++++++++++++++++++
++++++++++++++++++++++++++++++++++++++++++++++++++
++++++++++++++++++++++++++++++++++++++++++++++++++
++++++++++++++++++++++++++++++++++++++++++++++++++
++++++++++++++++++++++++++++++++++++++++++++++++++
++++++++++++++++++++++++++++++++++++++++++++++++++
++++++++++++++++++++++++++++++++++++++++++++++++++
++++++++++++++++++++++++++++++++++++++++++++++++++
++++++++++++++++++++++++++++++++++++++++++++++++++
++++++++++++++++++++++++++++++++++++++++++++++++++
++++++++++++++++++++++++++++++++++++++++++++++++++

++++++++++++XXXX+++++++++XXXX+++++XXXX++++++++++++
+XX++++++++++XX+X++++X++XXX+X++++X+XX+X+++++++++++
XXXX+++++++XXXXXX+++XXXX+XXXXXX+XXXXXXXX++++++++++
+XX+X++++++X+XX+XXXX+X+X+XXXXX+X+X+XX+X+X+++++++++
XXXXXX++++++XXXX+X++XXX+X+X++X+XXXXXXXXXXX++++++++
+XX+X+XX+X+XX+XXXXXX+XX+XX+X++XXXXXXXXXXXX++++++++
XXXXXXX+XXXX+X+X+X+XXXX+X+X++XXX+X+XX+X+X+++++++++
XXXXXXX++X+X+X+X+XXX+X+X+XXXXXX+XXXXXXXX++++++++++
+XX+X+XXXXXX+X+X+X++XXXX+XXXXXX++X+XX+X+++++++++++
XXXXXX+++X+XX+XXXXXXX+++XXX+X+++++XXXX++++++++++++
+XX+X+++++++XXXX+X++X++++XXXX++++++XX+++++++++++++
XXXX+++++++X+XX+XXX+++++XXX+++++++++++++++++++++++
+XX++++++++XXXXXX++++++++XX+++++++++++++++++++++++
+++++++++++++XX+X+++++++++++++++++++++++++++++++++
++++++++++++XXXX++++++++++++++++++++++++++++++++++
+++++++++++++XX+++++++++++++++++++++++++++++++++++
++++++++++++++++++++++++++++++++++++++++++++++++++
++++++++++++++++++++++++++++++++++++++++++++++++++
++++++++++++++++++++++++++++++++++++++++++++++++++
++++++++++++++++++++++++++++++++++++++++++++++++++
++++++++++++++++++++++++++++++++++++++++++++++++++
++++++++++++++++++++++++++++++++++++++++++++++++++
++++++++++++++++++++++++++++++++++++++++++++++++++
++++++++++++++++++++++++++++++++++++++++++++++++++
++++++++++++++++++++++++++++++++++++++++++++++++++

+XX+++++++++XXXXX++++++++XXXXX+++XXXXXX+++++++++++
+XX++++++++++XX+XX+++X++XXX+X+XX+X+XX+X+++++++++++
XXXXX+++++XXXXXXX+++XXXX+XXXXXX+XXXXXXXXX+++++++++
+XX+X+++++XX+XX+XXXX+X+X+XXXXX+X+X+XX+X+X+++++++++
XXXXXX+XX+++XXXX+X++XXX+X+X++X+XXXXXXXXXXXX+++++++
+XX+X+XX+X+XX+XXXXXX+XX+XX+X++XXXXXXXXXXXXX+++++++
XXXXXXX+XXXX+X+X+X+XXXX+X+X++XXX+X+XX+X+X+++++++++
XXXXXXX++X+X+X+X+XXX+X+X+XXXXXX+XXXXXXXXX+++++++++
+XX+X+XXXXXX+X+X+X++XXXX+XXXXXX++X+XX+X+++++++++++
XXXXXX+++X+XX+XXXXXXX+++XXX+X+X++XXXXXX+++++++++++
+XX+X+++++++XXXX+X++XX+X+XXXXX+++++XX+++++++++++++
XXXXX+++++XX+XX+XXXX++++XXX+X++++++XX+++++++++++++
+XX+++++++XXXXXXX+X++++++XXX++++++++++++++++++++++
+XX++++++++++XX+XX+++++++XX+++++++++++++++++++++++
++++++++++++XXXXX+++++++++++++++++++++++++++++++++
+++++++++++++XX+++++++++++++++++++++++++++++++++++
+++++++++++++XX+++++++++++++++++++++++++++++++++++
++++++++++++++++++++++++++++++++++++++++++++++++++
++++++++++++++++++++++++++++++++++++++++++++++++++
++++++++++++++++++++++++++++++++++++++++++++++++++
++++++++++++++++++++++++++++++++++++++++++++++++++
++++++++++++++++++++++++++++++++++++++++++++++++++
++++++++++++++++++++++++++++++++++++++++++++++++++
++++++++++++++++++++++++++++++++++++++++++++++++++
++++++++++++++++++++++++++++++++++++++++++++++++++

XXXX++++++++XXXXX++++++++XXXXX+X+XXXXXXX++++++++++
+XX+X+++++X++XX+XX+++X++XXX+X+XX+X+XX+X+X+++++++++
XXXXXX+++XXXXXXXX+++XXXX+XXXXXX+XXXXXXXXXX++++++++
+XX+X+XXX+XX+XX+XXXX+X+X+XXXXX+X+X+XX+X+X+X+++++++
XXXXXX+XX+++XXXX+X++XXX+X+X++X+XXXXXXXXXXXXX++++++
+XX+X+XX+X+XX+XXXXXX+XX+XX+X++XXXXXXXXXXXXXX++++++
XXXXXXX+XXXX+X+X+X+XXXX+X+X++XXX+X+XX+X+X+X+++++++
XXXXXXX++X+X+X+X+XXX+X+X+XXXXXX+XXXXXXXXXX++++++++
+XX+X+XXXXXX+X+X+X++XXXX+XXXXXX++X+XX+X+X+++++++++
XXXXXX+++X+XX+XXXXXXX+++XXX+X+XXXXXXXXXX++++++++++
+XX+X++++X++XXXX+X++XXXX+XXXXXX++X+XX+X+++++++++++
XXXXXX+++XXX+XX+XXXX+XXXXXX+X+++++XXXX++++++++++++
+XX+X++++XXXXXXXX+X++++++XXXX++++++XX+++++++++++++
XXXX++++++X++XX+XXX+++++XXX+++++++++++++++++++++++
+XX+++++++++XXXXX++++++++XX+++++++++++++++++++++++
+++++++++++++XX+X+++++++++++++++++++++++++++++++++
++++++++++++XXXX++++++++++++++++++++++++++++++++++
+++++++++++++XX+++++++++++++++++++++++++++++++++++
++++++++++++++++++++++++++++++++++++++++++++++++++
++++++++++++++++++++++++++++++++++++++++++++++++++
++++++++++++++++++++++++++++++++++++++++++++++++++
++++++++++++++++++++++++++++++++++++++++++++++++++
++++++++++++++++++++++++++++++++++++++++++++++++++
++++++++++++++++++++++++++++++++++++++++++++++++++
++++++++++++++++++++++++++++++++++++++++++++++++++

XXXXX++++++XXXXXX++++++++XXXXX+X+XXXXXXXX+++++++++
+XX+X+++++X++XX+XX+++X++XXX+X+XX+X+XX+X+X+++++++++
XXXXXX+++XXXXXXXX+++XXXX+XXXXXX+XXXXXXXXXXX+++++++
+XX+X+XXX+XX+XX+XXXX+X+X+XXXXX+X+X+XX+X+X+X+++++++
XXXXXX+XX+++XXXX+X++XXX+X+X++X+XXXXXXXXXXXXXX+++++
+XX+X+XX+X+XX+XXXXXX+XX+XX+X++XXXXXXXXXXXXXXX+++++
XXXXXXX+XXXX+X+X+X+XXXX+X+X++XXX+X+XX+X+X+X+++++++
XXXXXXX++X+X+X+X+XXX+X+X+XXXXXX+XXXXXXXXXXX+++++++
+XX+X+XXXXXX+X+X+X++XXXX+XXXXXX++X+XX+X+X+++++++++
XXXXXX+++X+XX+XXXXXXX+++XXX+X+XXXXXXXXXXX+++++++++
+XX+X+X++X++XXXX+X++XXXX+XXXXXX++X+XX+X+++++++++++
XXXXXX+++XXX+XX+XXXX+XXXXXX+X+X++XXXXXX+++++++++++
+XX+X+++XXXXXXXXX+X+XX+++XXXXX+++++XX+++++++++++++
XXXXX+++++X++XX+XXXX++++XXX+X++++++XX+++++++++++++
+XX++++++++XXXXXX+X++++++XXX++++++++++++++++++++++
+XX++++++++X+XX+XX+++++++XX+++++++++++++++++++++++
++++++++++++XXXXX+++++++++++++++++++++++++++++++++
+++++++++++++XX+++++++++++++++++++++++++++++++++++
+++++++++++++XX+++++++++++++++++++++++++++++++++++
++++++++++++++++++++++++++++++++++++++++++++++++++
++++++++++++++++++++++++++++++++++++++++++++++++++
++++++++++++++++++++++++++++++++++++++++++++++++++
++++++++++++++++++++++++++++++++++++++++++++++++++
++++++++++++++++++++++++++++++++++++++++++++++++++
++++++++++++++++++++++++++++++++++++++++++++++++++

XXXXX++++++XXXXXX++++++++XXXXX+X+XXXXXXXX+++++++++
+XX+X+++++X++XX+XX+++X++XXX+X+XX+X+XX+X+X+++++++++
XXXXXX+++XXXXXXXX+++XXXXX+XXXXX+XXXXXXXXXXX+++++++
+XX+X+XXX+XX+XX+XXXX+XX+X+XXXX+X+X+XX+X+X+X+++++++
XXXXXX+XX+++XX+X+X++XX+XX+X++X+XXXXXXXXXXXXXX+++++
+XX+X+XX+X+XXXXX+XXXX++XXX+X++XXXXXXXXXXXXXXX+++++
XXXXXXX+XXXXXX+X+XXXXX+XX+X++XXX+X+XX+X+X+X+++++++
XXXXXXX++XXXXX+++XXX+XX+X+XXXXX+XXXXXXXXXXX+++++++
+XX+X+XXXXXXXX+X+XX+XXXXX+XXXXX++X+XX+X+X+++++++++
XXXXXX+++X+XXXXX+XXXX+++XXX+X+XXXXXXXXXXX+++++++++
+XX+X+X++X++XX+X+X++XXXX+XXXXXX++X+XX+X+++++++++++
XXXXXX+++XXX+XX+XXXX+XXXXXX+X+X++XXXXXX+++++++++++
+XX+X+++XXXXXXXXX+X+XX+++XXXXX+++++XX+++++++++++++
XXXXX+++++X++XX+XXXX++++XXX+X++++++XX+++++++++++++
+XX++++++++XXXXXX+X++++++XXX++++++++++++++++++++++
+XX++++++++X+XX+XX+++++++XX+++++++++++++++++++++++
++++++++++++XXXXX+++++++++++++++++++++++++++++++++
+++++++++++++XX+++++++++++++++++++++++++++++++++++
+++++++++++++XX+++++++++++++++++++++++++++++++++++
++++++++++++++++++++++++++++++++++++++++++++++++++
++++++++++++++++++++++++++++++++++++++++++++++++++
++++++++++++++++++++++++++++++++++++++++++++++++++
++++++++++++++++++++++++++++++++++++++++++++++++++
++++++++++++++++++++++++++++++++++++++++++++++++++
++++++++++++++++++++++++++++++++++++++++++++++++++

XXXXX++++++XXXXXX++++++++XXXXX+X+XXXXXXXX+++++++++
+XX+X+++++X++XX+XX+++X++XXX+X+XX+X+XX+X+X+++++++++
XXXXXX+++XXXXXXXX+++XXXXXX+XXXX+XXXXXXXXXXX+++++++
+XX+X+XXX+XX++++XXXX++XXXX+XXX+X+X++++X+X+X+++++++
XXXXXX+XX+++++X++X++++XX++X++X+XXX++++XXXXXXX+++++
++++X+XX+X+++X++X+XXXXXXXX+X++XXXX++++XXXXXXX+++++
++++XXX+XX++XX++++XX++XX++X++XXX+X++++X+X+X+++++++
++++XXX++XX+XX+X+++X++XXXX+XXXX+XXXXXXXXXXX+++++++
++++X+XXXX++XX++++X+XXXXXX+XXXX++X+XX+X+X+++++++++
XXXXXX+++X+++X++X+XXX+++XXX+X+XXXXXXXXXXX+++++++++
+XX+X+X++X++++X++X++XXXX+XXXXXX++X+XX+X+++++++++++
XXXXXX+++XXX++++XXXX+XXXXXX+X+X++XXXXXX+++++++++++
+XX+X+++XXXXXXXXX+X+XX+++XXXXX+++++XX+++++++++++++
XXXXX+++++X++XX+XXXX++++XXX+X++++++XX+++++++++++++
+XX++++++++XXXXXX+X++++++XXX++++++++++++++++++++++
+XX++++++++X+XX+XX+++++++XX+++++++++++++++++++++++
++++++++++++XXXXX+++++++++++++++++++++++++++++++++
+++++++++++++XX+++++++++++++++++++++++++++++++++++
+++++++++++++XX+++++++++++++++++++++++++++++++++++
++++++++++++++++++++++++++++++++++++++++++++++++++
++++++++++++++++++++++++++++++++++++++++++++++++++
++++++++++++++++++++++++++++++++++++++++++++++++++
++++++++++++++++++++++++++++++++++++++++++++++++++
++++++++++++++++++++++++++++++++++++++++++++++++++
++++++++++++++++++++++++++++++++++++++++++++++++++

XXXXX++++++XXXXXX++++++++XXXXX+X+XXXXXXXX+++++++++
+XX+X+++++X++XX+XX+++X++XXX+X+XX+X+XX+X+X+++++++++
XXXXXX+++XXXXXXXX+++XXXX+X+XXXX+XXXXXXXXXXX+++++++
+XX+X+XXX+XXXXXXXXXXX+XXX++XXX+X+XXXXXX+X+X+++++++
XXXXXX+XX++XXX+X+X+++X+X+XX++X+XXXXXXXXXXXXXX+++++
XXXXX+XX+XXXXXXX++XXX++XXX+X++XXXXXXXXXXXXXXX+++++
XXXXXXX+XX+XXX+X+XXX+X+X+XX++XXX+XXXXXX+X+X+++++++
XXXXXXX++XXX+XXX+++XX+XXX++XXXX+XXXXXXXXXXX+++++++
XXXXX+XXXX+XXX+X+XX+XXXX+X+XXXX++X+XX+X+X+++++++++
XXXXXX+++XXXXXXX++XXX+++XXX+X+XXXXXXXXXXX+++++++++
+XX+X+X++X+XXX+X+X++XXXX+XXXXXX++X+XX+X+++++++++++
XXXXXX+++XXXXXXXXXXX+XXXXXX+X+X++XXXXXX+++++++++++
+XX+X+++XXXXXXXXX+X+XX+++XXXXX+++++XX+++++++++++++
XXXXX+++++X++XX+XXXX++++XXX+X++++++XX+++++++++++++
+XX++++++++XXXXXX+X++++++XXX++++++++++++++++++++++
+XX++++++++X+XX+XX+++++++XX+++++++++++++++++++++++
++++++++++++XXXXX+++++++++++++++++++++++++++++++++
+++++++++++++XX+++++++++++++++++++++++++++++++++++
+++++++++++++XX+++++++++++++++++++++++++++++++++++
++++++++++++++++++++++++++++++++++++++++++++++++++
++++++++++++++++++++++++++++++++++++++++++++++++++
++++++++++++++++++++++++++++++++++++++++++++++++++
++++++++++++++++++++++++++++++++++++++++++++++++++
++++++++++++++++++++++++++++++++++++++++++++++++++
++++++++++++++++++++++++++++++++++++++++++++++++++

XXXXX++++++XXXXXX++++++++XXXXX+X+XXXXXXXX+++++++++
+XX+X+++++X++XX+XX+++X++X+++X+XX+X+XX+X+X+++++++++
XXXXXX+++XXXX++XX+++XX+X++X+XXX+XXX++XXXXXX+++++++
+XX+X+XXX+XXX++XXXXXXXX+XXX+XX+X+XX++XX+X+X+++++++
X++XXX+XX++X++X+++++X+XXXX+++X+XX++++++XXXXXX+++++
X++XX+XX+XX++X++XX++XXXX+++X++XXX++++++XXXXXX+++++
+++++XX+XXX+X+++++X+X+XXXX+++XXX+XX++XX+X+X+++++++
+++++XX+++X++XX++XX+XXX+XXX+XXX+XXX++XXXXXX+++++++
X++XX+XXXXX+X+++++X+XX+X++X+XXX++X+XX+X+X+++++++++
X++XXX+++XX++X++XX+XX+++X+++X+XXXXXXXXXXX+++++++++
+XX+X+X++X+X++X+++++XXXX+XXXXXX++X+XX+X+++++++++++
XXXXXX+++XXXX++XXXXX+XXXXXX+X+X++XXXXXX+++++++++++
+XX+X+++XXXXX++XX+X+XX+++XXXXX+++++XX+++++++++++++
XXXXX+++++X++XX+XXXX++++XXX+X++++++XX+++++++++++++
+XX++++++++XXXXXX+X++++++XXX++++++++++++++++++++++
+XX++++++++X+XX+XX+++++++XX+++++++++++++++++++++++
++++++++++++XXXXX+++++++++++++++++++++++++++++++++
+++++++++++++XX+++++++++++++++++++++++++++++++++++
+++++++++++++XX+++++++++++++++++++++++++++++++++++
++++++++++++++++++++++++++++++++++++++++++++++++++
++++++++++++++++++++++++++++++++++++++++++++++++++
++++++++++++++++++++++++++++++++++++++++++++++++++
++++++++++++++++++++++++++++++++++++++++++++++++++
++++++++++++++++++++++++++++++++++++++++++++++++++
++++++++++++++++++++++++++++++++++++++++++++++++++

XXXXX++++++XXXXXX++++++++XXXXX+X+XXXXXXXX+++++++++
+XX+X+++++X++XX+XX+++X++X+XXX+XX+X+XX+X+X+++++++++
XXXXXX+++XXXX++XX+++XX+X+X+XXXX+XXX++XXXXXX+++++++
+XX+X+XXX+XXXXXXXXXX++X+X++XXX+X+XXXXXX+X+X+++++++
X++XXX+XX+++XX+X+++X+X+X+XXX+X+XX+XXXX+XXXXXX+++++
XXXXX+XX+X+XXXXX++XXX++X+XXX++XXX+XXXX+XXXXXX+++++
XXXX+XX+XX+XX++X+XXX+X+X+XXX+XXX+XXXXXX+X+X+++++++
XXXX+XX+++XX+XX++X++X+X+X++XXXX+XXX++XXXXXX+++++++
XXXXX+XXXX+XX++X+XXXXX+X+X+XXXX++X+XX+X+X+++++++++
X++XXX+++X+XXXXX+++XX+++X+XXX+XXXXXXXXXXX+++++++++
+XX+X+X++X++XX+X++X+XXXX+XXXXXX++X+XX+X+++++++++++
XXXXXX+++XXXXXXXXXXX+XXXXXX+X+X++XXXXXX+++++++++++
+XX+X+++XXXXX++XX+X+XX+++XXXXX+++++XX+++++++++++++
XXXXX+++++X++XX+XXXX++++XXX+X++++++XX+++++++++++++
+XX++++++++XXXXXX+X++++++XXX++++++++++++++++++++++
+XX++++++++X+XX+XX+++++++XX+++++++++++++++++++++++
++++++++++++XXXXX+++++++++++++++++++++++++++++++++
+++++++++++++XX+++++++++++++++++++++++++++++++++++
+++++++++++++XX+++++++++++++++++++++++++++++++++++
++++++++++++++++++++++++++++++++++++++++++++++++++
++++++++++++++++++++++++++++++++++++++++++++++++++
++++++++++++++++++++++++++++++++++++++++++++++++++
++++++++++++++++++++++++++++++++++++++++++++++++++
++++++++++++++++++++++++++++++++++++++++++++++++++
++++++++++++++++++++++++++++++++++++++++++++++++++

XXXXX++++++XXXXXX++++++++++XXX+X+XXXXXXXX+++++++++
+XX+X+++++X+++++XX+++X+++X+XX+XX+X++++X+X+++++++++
XXXXXX+++XXX+XX+X+++X+X+++X++XX+XX+XX+XXXXX+++++++
++++X+XXX+XXX++X+XXX+XXXXXX++X+X++X++X++X+X+++++++
+XX+XX+XX+++++X++X+XX+XXXX+X+X+X+X++++X+XXXXX+++++
X++X++XX+X+++X++XX++XXXXX+X+++XX+X++++X+XXXXX+++++
++++X+X+X+X+XX++++X+X+XXXX+X+XXX++X++X++X+X+++++++
++++X+X++XX+++XX++XXXXXXXXX++XX+XX+XX+XXXXX+++++++
X++X++XXX+X+XX++++XX++X+++X++XX++X++++X+X+++++++++
+XX+XX+++X+++X++XXXXX++++X+XX+XXXXXXXXXXX+++++++++
++++X+X++X++++X++XX+XXXX+++XXXX++X+XX+X+++++++++++
XXXXXX+++XXXX++X+XXX+XXXXXX+X+X++XXXXXX+++++++++++
+XX+X+++XXXX+XX+X+X+XX+++XXXXX+++++XX+++++++++++++
XXXXX+++++X+++++XXXX++++XXX+X++++++XX+++++++++++++
+XX++++++++XXXXXX+X++++++XXX++++++++++++++++++++++
+XX++++++++X+XX+XX+++++++XX+++++++++++++++++++++++
++++++++++++XXXXX+++++++++++++++++++++++++++++++++
+++++++++++++XX+++++++++++++++++++++++++++++++++++
+++++++++++++XX+++++++++++++++++++++++++++++++++++
++++++++++++++++++++++++++++++++++++++++++++++++++
++++++++++++++++++++++++++++++++++++++++++++++++++
++++++++++++++++++++++++++++++++++++++++++++++++++
++++++++++++++++++++++++++++++++++++++++++++++++++
++++++++++++++++++++++++++++++++++++++++++++++++++
++++++++++++++++++++++++++++++++++++++++++++++++++

XXXXX++++++XXXXXX+++++++XX+XXX+X+XXXXXXXX+++++++++
+XX+X+++++X+XXXXXX+++XXXX+XXX+XX+XXXXXX+X+++++++++
XXXXXX+++XXX+++XX+++X++++X+X+XX+XXX++XXXXXX+++++++
XXXXX+XXX+XXXXXX+XXX++X+X++X+X+XXXXXXXXXX+X+++++++
+++XXX+XX++XXX+X+++++X+X+XXXXX+XX+XXXX+XXXXXX+++++
XXXXXXXX+X+XXXXX++XXX++XXXX+++XXX+XXXX+XXXXXX+++++
XXXX+XX+X++XXX+X+XXX+X+X+XXXXXXXXXXXXXXXX+X+++++++
XXXX+XX+X+XX++XX++++X+X+X++X+XX+XXX++XXXXXX+++++++
XXXXXXXXX++XXX+X+XXX+++++X+X+XX++XXXXXX+X+++++++++
+++XXX+++X+XXXXX++XXXXXXX+XXX+XXXXXXXXXXX+++++++++
XXXXX+X++X+XXX+X++++XXXXXX+XXXX++X+XX+X+++++++++++
XXXXXX+++XXXXXXX+XXX+XXXXXX+X+X++XXXXXX+++++++++++
+XX+X+++XXXX+++XX+X+XX+++XXXXX+++++XX+++++++++++++
XXXXX+++++X+XXXXXXXX++++XXX+X++++++XX+++++++++++++
+XX++++++++XXXXXX+X++++++XXX++++++++++++++++++++++
+XX++++++++X+XX+XX+++++++XX+++++++++++++++++++++++
++++++++++++XXXXX+++++++++++++++++++++++++++++++++
+++++++++++++XX+++++++++++++++++++++++++++++++++++
+++++++++++++XX+++++++++++++++++++++++++++++++++++
++++++++++++++++++++++++++++++++++++++++++++++++++
++++++++++++++++++++++++++++++++++++++++++++++++++
++++++++++++++++++++++++++++++++++++++++++++++++++
++++++++++++++++++++++++++++++++++++++++++++++++++
++++++++++++++++++++++++++++++++++++++++++++++++++
++++++++++++++++++++++++++++++++++++++++++++++++++

XXXXX++++++XX++XX+++++++X+X+XX+X+XX++XXXX+++++++++
+XX+X+++++X+X++XXX++++XX+X+X++XX+XX++XX+X+++++++++
X++XXX+++XXXXXX++++++XXX++X+X+X+X++XX++XXXX+++++++
X++XX+XXX+X+X++XX+XX+XXXXXX+X++XX+X++X+XX+X+++++++
XXX++X+XX++X++X++X++X+XXXX+XXX+++X++++X++XXXX+++++
X++X+XXX+++++X++XX++XXXX++XX++X++X++++X++XXXX+++++
++++X++++XX+X+++++X+X+XXXX+XXXXXX+X++X+XX+X+++++++
++++X+++XXX++XX++XXXXXXXXXX+X+X+X++XX++XXXX+++++++
X++X+XXX+XX+X+++++XXXXXX++X+X+X++XX++XX+X+++++++++
XXX++X+++++++X++XX+++XXX+X+X++XXXXX++XXXX+++++++++
X++XX+X++X+X++X++X++XXXXX+X+XXX++X+XX+X+++++++++++
X++XXX+++XX+X++XX+XX+XXXX+++X+X++XXXXXX+++++++++++
+XX+X+++XXXXXXX+++X+XX+++XXXXX+++++XX+++++++++++++
XXXXX+++++X+X++XXXXX++++XXX+X++++++XX+++++++++++++
+XX++++++++XX++XX+X++++++XXX++++++++++++++++++++++
+XX++++++++X+XX+XX+++++++XX+++++++++++++++++++++++
++++++++++++XXXXX+++++++++++++++++++++++++++++++++
+++++++++++++XX+++++++++++++++++++++++++++++++++++
+++++++++++++XX+++++++++++++++++++++++++++++++++++
++++++++++++++++++++++++++++++++++++++++++++++++++
++++++++++++++++++++++++++++++++++++++++++++++++++
++++++++++++++++++++++++++++++++++++++++++++++++++
++++++++++++++++++++++++++++++++++++++++++++++++++
++++++++++++++++++++++++++++++++++++++++++++++++++
++++++++++++++++++++++++++++++++++++++++++++++++++

XXXXX++++++XX++XX++++++++X++XX+X+XX++XXXX+++++++++
+XX+X+++++X+XXXXXX++X+X+X+XXXXXX+XXXXXX+X+++++++++
X++XXX+++XXX+++X+X+++++X+X+X+XX+X+X++X+XXXX+++++++
XXXXX+XXX+X+XXXX++XX++X+X++X++XXXXXXXXXXX+X+++++++
X++X+X+XX+XXXX+X+++X+X+X+XXXXXX+X+XXXX+X+XXXX+++++
XXXXXXXXX++XXXXX++XXX++X+XXX++X+X+XXXX+X+XXXX+++++
XXXX+X+X+++XX++X+XXX+X+X+XXXXXXXXXXXXXXXX+X+++++++
XXXX+X++X+XX+XX++X++X+X+X++X++X+X+X++X+XXXX+++++++
XXXXXXXX+++XX++X+XXX+++X+X+X+XX++XXXXXX+X+++++++++
X++X+X++X++XXXXX++X++X++X+XXXXXXXXX++XXXX+++++++++
XXXXX+X++XXXXX+X+++XXXXXXX+XXXX++X+XX+X+++++++++++
X++XXX+++XX+XXXX++XX+XXXX+XXX+X++XXXXXX+++++++++++
+XX+X+++XXXX+++X+XX+XX+++XXXXX+++++XX+++++++++++++
XXXXX+++++X+XXXXXXXX++++XXX+X++++++XX+++++++++++++
+XX++++++++XX++XX+X++++++XXX++++++++++++++++++++++
+XX++++++++X+XX+XX+++++++XX+++++++++++++++++++++++
++++++++++++XXXXX+++++++++++++++++++++++++++++++++
+++++++++++++XX+++++++++++++++++++++++++++++++++++
+++++++++++++XX+++++++++++++++++++++++++++++++++++
++++++++++++++++++++++++++++++++++++++++++++++++++
++++++++++++++++++++++++++++++++++++++++++++++++++
++++++++++++++++++++++++++++++++++++++++++++++++++
++++++++++++++++++++++++++++++++++++++++++++++++++
++++++++++++++++++++++++++++++++++++++++++++++++++
++++++++++++++++++++++++++++++++++++++++++++++++++

XXXXX++++++X+XX+X+++++++++XX+X+X+X+XX+XXX+++++++++
++++X+++++X+X++X+X++XXX++X+X+XXX++X++X++X+++++++++
+XX+XX+++XX+XXX+XX++XXX+++X+X++++X+XX+X+XXX+++++++
X++X++XXX+XXX++XXX+++XXXXXX+XXX+X+X++X+X++X+++++++
+XX+X++XX+XX++X++X+XX+XXXX+XX+XX+X++++X+X+XXX+++++
X++X+X++XX+++X++XX++XXXXX+X++++X+X++++X+X+XXX+++++
++++X+XXXXX+XX++++X+X+XXXX+XX+++X+X++X+X++X+++++++
++++X+X+XXX+++XX++XXXXXXXXX+XX+++X+XX+X+XXX+++++++
X++X+X++XXX+XX++++XXXXX+++X+X+++++X++X++X+++++++++
+XX+X+++XX+++X++XX+XXX+++X+X+XXXXX+XX+XXX+++++++++
X++X++X++XXX++X++X+X+XXXX+X++XX++X++++X+++++++++++
+XX+XX+++XXXX++XXX+X+XXX+X+XX+X++XXXXXX+++++++++++
++++X+++XXX+XXX+XXX+XX+++++XXX+++++XX+++++++++++++
XXXXX+++++X+X++X+XXX++++XXX+X++++++XX+++++++++++++
+XX++++++++X+XX+X+X++++++XXX++++++++++++++++++++++
+XX++++++++X++++XX+++++++XX+++++++++++++++++++++++
++++++++++++XXXXX+++++++++++++++++++++++++++++++++
+++++++++++++XX+++++++++++++++++++++++++++++++++++
+++++++++++++XX+++++++++++++++++++++++++++++++++++
++++++++++++++++++++++++++++++++++++++++++++++++++
++++++++++++++++++++++++++++++++++++++++++++++++++
++++++++++++++++++++++++++++++++++++++++++++++++++
++++++++++++++++++++++++++++++++++++++++++++++++++
++++++++++++++++++++++++++++++++++++++++++++++++++
++++++++++++++++++++++++++++++++++++++++++++++++++

XXXXX++++++X++++X+++++++XX+++X+X+X++++XXX+++++++++
XXXXX+++++XXXXXX+X+++XXXX+XXXXXXXXXXXXXXX+++++++++
+++XXX+++XX++++X+XXX+++++X+X+X+XX+X++X+XXXX+++++++
XXXXXXXXX+XXXXXX++++++X+X++X++XXXXXXXXXXXXX+++++++
+++X+XXXX++XXX+X+++X+X+X+XXXX+X+X+XXXX+X+XXXX+++++
XXXXXXX+XX+XXXXX++XXX++XXXX+X+X+X+XXXX+X+XXXX+++++
XXXX+X+X+++XXX+X+XXX+X+X+XXXXXXXXXXXXXXXXXX+++++++
XXXX+X++X+XX++XX++++X+X+X++X++X+X+X++X+XXXX+++++++
XXXXXXX++++XXX+X+XXX+++++X+X+X+XXXXXXXXXX+++++++++
+++X+XXXXX+XXXXX++X++XXXX+XXXXXXXXX++XXXX+++++++++
XXXXXXX++X+XXX+X+++X+XXXXX+X+XX++XXXXXX+++++++++++
+++XXX+++XXXXXXX+++X+XXX++XXX+X++XXXXXX+++++++++++
XXXXX+++XXX++++X+XX+XX++XX+XXX+++++XX+++++++++++++
XXXXX+++++XXXXXX+XXX++++XXX+X++++++XX+++++++++++++
+XX++++++++X+++XX+X++++++XXX++++++++++++++++++++++
+XX++++++++XXXXXXX+++++++XX+++++++++++++++++++++++
++++++++++++XXXXX+++++++++++++++++++++++++++++++++
+++++++++++++XX+++++++++++++++++++++++++++++++++++
+++++++++++++XX+++++++++++++++++++++++++++++++++++
++++++++++++++++++++++++++++++++++++++++++++++++++
++++++++++++++++++++++++++++++++++++++++++++++++++
++++++++++++++++++++++++++++++++++++++++++++++++++
++++++++++++++++++++++++++++++++++++++++++++++++++
++++++++++++++++++++++++++++++++++++++++++++++++++
++++++++++++++++++++++++++++++++++++++++++++++++++

X++XX++++++XXXXX++++++++X+XXX++X++XXXX+XX+++++++++
X++XX+++++XXX++XX+++++XX+X+X+X++X+X++X+XX+++++++++
XXX++X+++X+XXXX+XXXXXXXX++X+X+XX+X+XX+X++XX+++++++
X++X+XXXX+++X++XXXXX+XXXXXX+XXX+X+X++X+X+XX+++++++
XXX+X+X++++X++X++X+XX+XXXX+XXXXX+X++++X+X++XX+++++
X++X+X+XX++++X++XX++XXXX++XXX++X+X++++X+X++XX+++++
++++X+XXXXX+X+++++X+X+XXXX+XX+++X+X++X+X+XX+++++++
++++X+X+XXX++XX++XXXXXXXXXX+XX+++X+XX+X++XX+++++++
X++X+X+XXXX+X+++++XXXXXX++X+X+XXX+X++X+XX+++++++++
XXX+X+XXX++++X++XX+XXXXX+X+X+X+XX++XX++XX+++++++++
X++X+XX++X+X++X++X+XX+X+X+X+X+X++XX++XX+++++++++++
XXX++X+++X++X++XXXX++XXXXX+X++X++XX++XX+++++++++++
X++XX+++XX+XXXX+XX++XX++X+X+XX+++++XX+++++++++++++
X++XX+++++XXX++XX+XX++++X+++X++++++XX+++++++++++++
+XX++++++++XXXX+++X++++++XXX++++++++++++++++++++++
+XX++++++++XX++XXX+++++++XX+++++++++++++++++++++++
++++++++++++X++XX+++++++++++++++++++++++++++++++++
+++++++++++++XX+++++++++++++++++++++++++++++++++++
+++++++++++++XX+++++++++++++++++++++++++++++++++++
++++++++++++++++++++++++++++++++++++++++++++++++++
++++++++++++++++++++++++++++++++++++++++++++++++++
++++++++++++++++++++++++++++++++++++++++++++++++++
++++++++++++++++++++++++++++++++++++++++++++++++++
++++++++++++++++++++++++++++++++++++++++++++++++++
++++++++++++++++++++++++++++++++++++++++++++++++++

X++XX++++++XX++++X+++++++X++X+XXX++++++XX+++++++++
XXXXX+++++XXXXXX++++X+X+X+XXXXX+XXXXXXXXX+++++++++
X++X+X+++X+++++X+XX++++X+X+X+X+XX+X++X+X+XX+++++++
XXXXXXXXXX+XXXXX++XX++X+X++X++XXXXXXXXXXXXX+++++++
X++X+XX++X+XXX+X+++X+X+X+XXXXXX+X+XXXX+X+X+XX+++++
XXXXXXX+XX+XXXXX++XXX++X+XXX++X+X+XXXX+X+X+XX+++++
XXXX+X+X+++XX++X+XXX+X+X+XXXXXXXXXXXXXXXXXX+++++++
XXXX+X++X+XX+XX++X++X+X+X++X++X+X+X++X+X+XX+++++++
XXXXXXXX+++XX++X+XXX+++X+X+X+X+XXXXXXXXXX+++++++++
X++X+X++X++XXXXX++X++XXXX+XXXX+XX+X++X+XX+++++++++
XXXXXXX++X+XXX+X+++X++X+XX+X+XX++XXXXXX+++++++++++
X++X+X+++X+XXXXX++++XXXX++XXXXX++XX++XX+++++++++++
XXXXX+++XX+++++X+XXXXX++XX+XXX+++++XX+++++++++++++
X++XX+++++XXXXXX+XXX++++X+XXX++++++XX+++++++++++++
+XX++++++++XX++X+XX++++++XXX++++++++++++++++++++++
+XX++++++++XXXXXXX+++++++XX+++++++++++++++++++++++
++++++++++++X++XX+++++++++++++++++++++++++++++++++
+++++++++++++XX+++++++++++++++++++++++++++++++++++
+++++++++++++XX+++++++++++++++++++++++++++++++++++
++++++++++++++++++++++++++++++++++++++++++++++++++
++++++++++++++++++++++++++++++++++++++++++++++++++
++++++++++++++++++++++++++++++++++++++++++++++++++
++++++++++++++++++++++++++++++++++++++++++++++++++
++++++++++++++++++++++++++++++++++++++++++++++++++
++++++++++++++++++++++++++++++++++++++++++++++++++

+XX+X++++++X+XXXXX++++++++XX+XX+XXXXXXX+X+++++++++
X++X+++++++XX++XXX++XXX++X+X+X+XX+X++X+X++++++++++
+XX+X+++++XXXXX+XXX+XXX+++X+X+XX+X+XX+X+X+X+++++++
X++X+X+++XX+X++XXX+++XXXXXX+XXX+X+X++X+X+X++++++++
+XX+X+XXXX+X++X++X+XX+XXXX+XX+XX+X++++X+X+X+X+++++
X++X+X+XX++++X++XX++XXXXX+X++++X+X++++X+X+X+X+++++
++++X+XXXXX+XX++++X+X+XXXX+XX+++X+X++X+X+X++++++++
++++X+X+XXX+++XX++XXXXXXXXX+XX+++X+XX+X+X+X+++++++
X++X+X++XXX+XX++++XXXXX+++X+X+XXX+X++X+X++++++++++
+XX+X+++XX+++X++XX+XXXXX+X+X+XX++X+XX+X+X+++++++++
X++X+XX++++X++X++X+XXX+XX+X+X+++++X++X++++++++++++
+XX+X+++++X+X++XXXXXX+++XX+X+XX++X+XX+X+++++++++++
X++X++++X+XXXXX+XX+XXX++X+X++X++++++++++++++++++++
+XX+X++++++XX++XX++X+++++X+XX++++++XX+++++++++++++
+++++++++++X+XX+XXX++++++++X++++++++++++++++++++++
+XX++++++++XX++X+X+++++++XX+++++++++++++++++++++++
+++++++++++++XX+X+++++++++++++++++++++++++++++++++
++++++++++++++++++++++++++++++++++++++++++++++++++
+++++++++++++XX+++++++++++++++++++++++++++++++++++
++++++++++++++++++++++++++++++++++++++++++++++++++
++++++++++++++++++++++++++++++++++++++++++++++++++
++++++++++++++++++++++++++++++++++++++++++++++++++
++++++++++++++++++++++++++++++++++++++++++++++++++
++++++++++++++++++++++++++++++++++++++++++++++++++
++++++++++++++++++++++++++++++++++++++++++++++++++

++++X++++++X++++X+++++++XX+++XX+XX++++X+X+++++++++
XXXXXX+++X+XXXXX+X+++XXXX+XXXXX+XXXXXXXXXX++++++++
+++X+XXXXX+++++X+XXX+++++X+X+X+XX+X++X+X+XX+++++++
XXXXXXXXXX+XXXXX++++++X+X++X++XXXXXXXXXXXXXX++++++
+++X+XX++X+XXX+X+++X+X+X+XXXX+X+X+XXXX+X+X+XX+++++
XXXXXXX+XX+XXXXX++XXX++XXXX+X+X+X+XXXX+X+X+XX+++++
XXXX+X+X+++XXX+X+XXX+X+X+XXXXXXXXXXXXXXXXXXX++++++
XXXX+X++X+XX++XX++++X+X+X++X++X+X+X++X+X+XX+++++++
XXXXXXX++++XXX+X+XXX+++++X+X+X+XXXXXXXXXXX++++++++
+++X+XXXX++XXXXX++X++XXXX+XXXX+XX+X++X+XX+++++++++
XXXXXXX+X++XXX+X+++X++X+XX+X+X+++XXXXXXX++++++++++
+++X++++XX+XXXXX+++XXXXX++XXXXX++XX++XX+++++++++++
XXXXXX++XX+++++X+XXXXXX+XX+X+X++++XXXX++++++++++++
+++XX++++X+XXXXX+X+X++++++XXX++++++XX+++++++++++++
XXXX+++++++X+++X+XX+++++XX+X++++++++++++++++++++++
+XX++++++++XXXXX+X+++++++XX+++++++++++++++++++++++
+++++++++++++++XX+++++++++++++++++++++++++++++++++
++++++++++++XXXX++++++++++++++++++++++++++++++++++
+++++++++++++XX+++++++++++++++++++++++++++++++++++
++++++++++++++++++++++++++++++++++++++++++++++++++
++++++++++++++++++++++++++++++++++++++++++++++++++
++++++++++++++++++++++++++++++++++++++++++++++++++
++++++++++++++++++++++++++++++++++++++++++++++++++
++++++++++++++++++++++++++++++++++++++++++++++++++
++++++++++++++++++++++++++++++++++++++++++++++++++


