+++++++++++++++++++++++++
+++++++++++++++++++++++++
+++++++++++++++++++++++++
+++++++++++++++++++++++++
++++++X+XX+++++++++++++++
+++++X++++++X++++++++++++
++++XX+++X++X++++++++++++
+XX+X+++++XX+++++++++++++
+XX+X+++++XX+++++++++++++
++++XX+++X++X++++++++++++
+++++X++++++X++++++++++++
++++++X+XX+++++++++++++++
+++++++++++++++++++++++++
+++++++++++++++++++++++++
+++++++++++++++++++++++++
+++++++++++++++++++++++++
+++++++++++++++++++++++++
+++++++++++++++++++++++++
+++++++++++++++++++++++++
+++++++++++++++++++++++++
+++++++++++++++++++++++++
+++++++++++++++++++++++++
+++++++++++++++++++++++++
+++++++++++++++++++++++++
+++++++++++++++++++++++++

+++++++++++++++++++++++++
+++++++++++++++++++++++++
+++++++++++++++++++++++++
+++++++XXX+++++++++++++++
+++++XXXXX+++++++++++++++
+++++X+X++XXXX+++++++++++
+XX+XXX++X++XX+++++++++++
XXX+X+++++XX+++++++++++++
XXX+X+++++XX+++++++++++++
+XX+XXX++X++XX+++++++++++
+++++X+X++XXXX+++++++++++
+++++XXXXX+++++++++++++++
+++++++XXX+++++++++++++++
+++++++++++++++++++++++++
+++++++++++++++++++++++++
+++++++++++++++++++++++++
+++++++++++++++++++++++++
+++++++++++++++++++++++++
+++++++++++++++++++++++++
+++++++++++++++++++++++++
+++++++++++++++++++++++++
+++++++++++++++++++++++++
+++++++++++++++++++++++++
+++++++++++++++++++++++++
+++++++++++++++++++++++++

+++++++++++++++++++++++++
+++++++++++++++++++++++++
+++++++X+X+++++++++++++++
+++++X+XXXX++++++++++++++
++++XXXXXX+++X+++++++++++
+XXX+X+X++XXXXX++++++++++
+XX+XXXXXX++XXX++++++++++
XXX+X+X+++XX+X+++++++++++
XXX+X+X+++XX+X+++++++++++
+XX+XXXXXX++XXX++++++++++
+XXX+X+X++XXXXX++++++++++
++++XXXXXX+++X+++++++++++
+++++X+XXXX++++++++++++++
+++++++X+X+++++++++++++++
+++++++++++++++++++++++++
+++++++++++++++++++++++++
+++++++++++++++++++++++++
+++++++++++++++++++++++++
+++++++++++++++++++++++++
+++++++++++++++++++++++++
+++++++++++++++++++++++++
+++++++++++++++++++++++++
+++++++++++++++++++++++++
+++++++++++++++++++++++++
+++++++++++++++++++++++++

+++++++++++++++++++++++++
++++++++X++++++++++++++++
+++++++X+X+++++++++++++++
+++++X+XXXX++++++++++++++
+X++XXXXXX+++X+++++++++++
XXXX+X+X++XXXXXX+++++++++
+XX+XXXXXX++XXXX+++++++++
XXX+X+X+++XX+X+++++++++++
XXX+X+X+++XX+X+++++++++++
+XX+XXXXXX++XXXX+++++++++
XXXX+X+X++XXXXXX+++++++++
+X++XXXXXX+++X+++++++++++
+++++X+XXXX++++++++++++++
+++++++X+X+++++++++++++++
++++++++X++++++++++++++++
+++++++++++++++++++++++++
+++++++++++++++++++++++++
+++++++++++++++++++++++++
+++++++++++++++++++++++++
+++++++++++++++++++++++++
+++++++++++++++++++++++++
+++++++++++++++++++++++++
+++++++++++++++++++++++++
+++++++++++++++++++++++++
+++++++++++++++++++++++++

+++++++++++++++++++++++++
+++++++XXX+++++++++++++++
+++++++X+X+++++++++++++++
+++++X+XXXX++++++++++++++
+X++XXXXXX+++X+X+++++++++
XXXX+X+X++XXXXXXX++++++++
+XX+XXXXXX++XXXXX++++++++
XXX+X+X+++XX+X+X+++++++++
XXX+X+X+++XX+X+X+++++++++
+XX+XXXXXX++XXXXX++++++++
XXXX+X+X++XXXXXXX++++++++
+X++XXXXXX+++X+X+++++++++
+++++X+XXXX++++++++++++++
+++++++X+X+++++++++++++++
+++++++XXX+++++++++++++++
+++++++++++++++++++++++++
+++++++++++++++++++++++++
+++++++++++++++++++++++++
+++++++++++++++++++++++++
+++++++++++++++++++++++++
+++++++++++++++++++++++++
+++++++++++++++++++++++++
+++++++++++++++++++++++++
+++++++++++++++++++++++++
+++++++++++++++++++++++++

+++++++X+X+++++++++++++++
++++++XXXXX++++++++++++++
+++++++X+X+++++++++++++++
+++++X+XXXX+++X++++++++++
+X++XXXXXX+++X+X+++++++++
XXXX+X+X++XXXXXXXX+++++++
+XX+XXXXXX++XXXXXX+++++++
XXX+X+X+++XX+X+X+++++++++
XXX+X+X+++XX+X+X+++++++++
+XX+XXXXXX++XXXXXX+++++++
XXXX+X+X++XXXXXXXX+++++++
+X++XXXXXX+++X+X+++++++++
+++++X+XXXX+++X++++++++++
+++++++X+X+++++++++++++++
++++++XXXXX++++++++++++++
+++++++X+X+++++++++++++++
+++++++++++++++++++++++++
+++++++++++++++++++++++++
+++++++++++++++++++++++++
+++++++++++++++++++++++++
+++++++++++++++++++++++++
+++++++++++++++++++++++++
+++++++++++++++++++++++++
+++++++++++++++++++++++++
+++++++++++++++++++++++++

++++++++X++++++++++++++++
++++++++X++++++++++++++++
+++++++X+X+++++++++++++++
++++X++XXX+++++++++++++++
X++XXXXXXX++++++X++++++++
+XXX+X+X++++XXXXX++++++++
+XX+XXXX++++XXXXX++++++++
XXX+++X+X+XX+X+X+++++++++
XXX+++X+X+XX+X+X+++++++++
+XX+XXXX++++XXXXX++++++++
+XXX+X+X++++XXXXX++++++++
X++XXXXXXX++++++X++++++++
++++X++XXX+++++++++++++++
+++++++X+X+++++++++++++++
++++++++X++++++++++++++++
++++++++X++++++++++++++++
+++++++++++++++++++++++++
+++++++++++++++++++++++++
+++++++++++++++++++++++++
+++++++++++++++++++++++++
+++++++++++++++++++++++++
+++++++++++++++++++++++++
+++++++++++++++++++++++++
+++++++++++++++++++++++++
+++++++++++++++++++++++++

+++++++++++++++++++++++++
+++++++++++++++++++++++++
++++++X++XX++++++++++++++
++++X++XXX+++++++++++++++
X++XXXXXXX+++++++++++++++
+XXX+X+X++++XXX++++++++++
+XX+XXXX++++XXX++++++++++
XXX+++X+X+XX+X+++++++++++
XXX+++X+X+XX+X+++++++++++
+XX+XXXX++++XXX++++++++++
+XXX+X+X++++XXX++++++++++
X++XXXXXXX+++++++++++++++
++++X++XXX+++++++++++++++
++++++X++XX++++++++++++++
+++++++++++++++++++++++++
+++++++++++++++++++++++++
+++++++++++++++++++++++++
+++++++++++++++++++++++++
+++++++++++++++++++++++++
+++++++++++++++++++++++++
+++++++++++++++++++++++++
+++++++++++++++++++++++++
+++++++++++++++++++++++++
+++++++++++++++++++++++++
+++++++++++++++++++++++++

+++++++++++++++++++++++++
++++++X+XX+++++++++++++++
++++X+XXXXXX+++++++++++++
XXXXXX+XXXXX+++++++++++++
XXXXXXXXXX++XXX++++++++++
XXXX+X+XX+XXXXXXX++++++++
+XX+XXXXXX+XXXXXX++++++++
XXXXXXX+X+XX+X+++++++++++
XXXXXXX+X+XX+X+++++++++++
+XX+XXXXXX+XXXXXX++++++++
XXXX+X+XX+XXXXXXX++++++++
XXXXXXXXXX++XXX++++++++++
XXXXXX+XXXXX+++++++++++++
++++X+XXXXXX+++++++++++++
++++++X+XX+++++++++++++++
+++++++++++++++++++++++++
+++++++++++++++++++++++++
+++++++++++++++++++++++++
+++++++++++++++++++++++++
+++++++++++++++++++++++++
+++++++++++++++++++++++++
+++++++++++++++++++++++++
+++++++++++++++++++++++++
+++++++++++++++++++++++++
+++++++++++++++++++++++++

+++++++++++++++++++++++++
+++++++X+++++++++++++++++
+++++X+X++X++++++++++++++
+++++XXXXX+++++++++++++++
+X+X+XXXXXXX+++++++++++++
X+XX+X+X+XX+XX+++++++++++
+XX+XXXXXXX+XXX++++++++++
XXX+++XX++XX+X+++++++++++
XXX+++XX++XX+X+++++++++++
+XX+XXXXXXX+XXX++++++++++
X+XX+X+X+XX+XX+++++++++++
+X+X+XXXXXXX+++++++++++++
+++++XXXXX+++++++++++++++
+++++X+X++X++++++++++++++
+++++++X+++++++++++++++++
+++++++++++++++++++++++++
+++++++++++++++++++++++++
+++++++++++++++++++++++++
+++++++++++++++++++++++++
+++++++++++++++++++++++++
+++++++++++++++++++++++++
+++++++++++++++++++++++++
+++++++++++++++++++++++++
+++++++++++++++++++++++++
+++++++++++++++++++++++++

+++++++++++++++++++++++++
+++++++++++++++++++++++++
++++++X+++X++++++++++++++
++++X++XXX+++++++++++++++
++XXXXXXXX++++X++++++++++
++XX+X+X++++XXX++++++++++
+XX+XXXX++++XXX++++++++++
XXX+++X+X+XX+X+++++++++++
XXX+++X+X+XX+X+++++++++++
+XX+XXXX++++XXX++++++++++
++XX+X+X++++XXX++++++++++
++XXXXXXXX++++X++++++++++
++++X++XXX+++++++++++++++
++++++X+++X++++++++++++++
+++++++++++++++++++++++++
+++++++++++++++++++++++++
+++++++++++++++++++++++++
+++++++++++++++++++++++++
+++++++++++++++++++++++++
+++++++++++++++++++++++++
+++++++++++++++++++++++++
+++++++++++++++++++++++++
+++++++++++++++++++++++++
+++++++++++++++++++++++++
+++++++++++++++++++++++++

+++++++++++++++++++++++++
++++++XXXXX++++++++++++++
++++X+XXXXXX+++++++++++++
++X+XX+XXXXX+XX++++++++++
+XXXXXXXXX++XXX++++++++++
+XXX+X+XX+XXXXX++++++++++
+XX+XXXXXX+XXXX++++++++++
XXXXXXX+X+XX+X+++++++++++
XXXXXXX+X+XX+X+++++++++++
+XX+XXXXXX+XXXX++++++++++
+XXX+X+XX+XXXXX++++++++++
+XXXXXXXXX++XXX++++++++++
++X+XX+XXXXX+XX++++++++++
++++X+XXXXXX+++++++++++++
++++++XXXXX++++++++++++++
+++++++++++++++++++++++++
+++++++++++++++++++++++++
+++++++++++++++++++++++++
+++++++++++++++++++++++++
+++++++++++++++++++++++++
+++++++++++++++++++++++++
+++++++++++++++++++++++++
+++++++++++++++++++++++++
+++++++++++++++++++++++++
+++++++++++++++++++++++++

++++++X+++X++++++++++++++
++++++XXXXX++++++++++++++
++++X+XXXXXX+XX++++++++++
++X+XX+XXXXX+XXX+++++++++
XXXXXXXXXX++XXX++++++++++
XXXX+XXXX+XXXXXX+++++++++
+XX+XXXXXX+XXXX++++++++++
XXXXXXX+X+XX+X+++++++++++
XXXXXXX+X+XX+X+++++++++++
+XX+XXXXXX+XXXX++++++++++
XXXX+XXXX+XXXXXX+++++++++
XXXXXXXXXX++XXX++++++++++
++X+XX+XXXXX+XXX+++++++++
++++X+XXXXXX+XX++++++++++
++++++XXXXX++++++++++++++
++++++X+++X++++++++++++++
+++++++++++++++++++++++++
+++++++++++++++++++++++++
+++++++++++++++++++++++++
+++++++++++++++++++++++++
+++++++++++++++++++++++++
+++++++++++++++++++++++++
+++++++++++++++++++++++++
+++++++++++++++++++++++++
+++++++++++++++++++++++++

+++++++XXX+++++++++++++++
+++++X+XXXXX+++++++++++++
+++X++XXXXXXX++++++++++++
+X++XX+XXXXX+X+++++++++++
++XXX+++XX++XXXX+++++++++
++X+XX++X+XXXX+++++++++++
+X+XXXX+XX++X+X++++++++++
XXX+X+++X+XX+X+++++++++++
XXX+X+++X+XX+X+++++++++++
+X+XXXX+XX++X+X++++++++++
++X+XX++X+XXXX+++++++++++
++XXX+++XX++XXXX+++++++++
+X++XX+XXXXX+X+++++++++++
+++X++XXXXXXX++++++++++++
+++++X+XXXXX+++++++++++++
+++++++XXX+++++++++++++++
+++++++++++++++++++++++++
+++++++++++++++++++++++++
+++++++++++++++++++++++++
+++++++++++++++++++++++++
+++++++++++++++++++++++++
+++++++++++++++++++++++++
+++++++++++++++++++++++++
+++++++++++++++++++++++++
+++++++++++++++++++++++++

+++++++++++++++++++++++++
+++++++++++++++++++++++++
+++++X+++X+++++++++++++++
+++X+XXXX+X++++++++++++++
+++++XXXXXXX++X++++++++++
+++X+X+X+XX+XXX++++++++++
+XX+XXXXXXX+XXX++++++++++
XXX+++XX++XX+X+++++++++++
XXX+++XX++XX+X+++++++++++
+XX+XXXXXXX+XXX++++++++++
+++X+X+X+XX+XXX++++++++++
+++++XXXXXXX++X++++++++++
+++X+XXXX+X++++++++++++++
+++++X+++X+++++++++++++++
+++++++++++++++++++++++++
+++++++++++++++++++++++++
+++++++++++++++++++++++++
+++++++++++++++++++++++++
+++++++++++++++++++++++++
+++++++++++++++++++++++++
+++++++++++++++++++++++++
+++++++++++++++++++++++++
+++++++++++++++++++++++++
+++++++++++++++++++++++++
+++++++++++++++++++++++++

+++++++++++++++++++++++++
+++++XX++XX++++++++++++++
+++X+XXXXXXX+++++++++++++
+++XXXXXXXX++++++++++++++
+XXXXXXXXXXX++X++++++++++
+XXXXX+X+XX+XXX++++++++++
+XX+XXXXXXXXXXX++++++++++
XXX+++XXX+XX+X+++++++++++
XXX+++XXX+XX+X+++++++++++
+XX+XXXXXXXXXXX++++++++++
+XXXXX+X+XX+XXX++++++++++
+XXXXXXXXXXX++X++++++++++
+++XXXXXXXX++++++++++++++
+++X+XXXXXXX+++++++++++++
+++++XX++XX++++++++++++++
+++++++++++++++++++++++++
+++++++++++++++++++++++++
+++++++++++++++++++++++++
+++++++++++++++++++++++++
+++++++++++++++++++++++++
+++++++++++++++++++++++++
+++++++++++++++++++++++++
+++++++++++++++++++++++++
+++++++++++++++++++++++++
+++++++++++++++++++++++++

+++++++++++++++++++++++++
+++++++++++++++++++++++++
+++++XX+++X++++++++++++++
++XX+X+XX+X++++++++++++++
++X++XXXXXX+++X++++++++++
++XX+X+XXXX+XXX++++++++++
+XX+XXX+XX++XXX++++++++++
XXX+++XX++XX+X+++++++++++
XXX+++XX++XX+X+++++++++++
+XX+XXX+XX++XXX++++++++++
++XX+X+XXXX+XXX++++++++++
++X++XXXXXX+++X++++++++++
++XX+X+XX+X++++++++++++++
+++++XX+++X++++++++++++++
+++++++++++++++++++++++++
+++++++++++++++++++++++++
+++++++++++++++++++++++++
+++++++++++++++++++++++++
+++++++++++++++++++++++++
+++++++++++++++++++++++++
+++++++++++++++++++++++++
+++++++++++++++++++++++++
+++++++++++++++++++++++++
+++++++++++++++++++++++++
+++++++++++++++++++++++++

+++++++++++++++++++++++++
+++++++++++++++++++++++++
++++++++X++++++++++++++++
+++++++XX++++++++++++++++
++++++XXXX+XX++++++++++++
+++++X+X++++X++++++++++++
XX+++X++++++X++++++++++++
XXX++++++XXX+++++++++++++
XXX++++++XXX+++++++++++++
XX+++X++++++X++++++++++++
+++++X+X++++X++++++++++++
++++++XXXX+XX++++++++++++
+++++++XX++++++++++++++++
++++++++X++++++++++++++++
+++++++++++++++++++++++++
+++++++++++++++++++++++++
+++++++++++++++++++++++++
+++++++++++++++++++++++++
+++++++++++++++++++++++++
+++++++++++++++++++++++++
+++++++++++++++++++++++++
+++++++++++++++++++++++++
+++++++++++++++++++++++++
+++++++++++++++++++++++++
+++++++++++++++++++++++++

+++++++++++++++++++++++++
+++++++++++++++++++++++++
++++++++XX+++++++++++++++
+++++++XXXXXX++++++++++++
+++++XXXXX+XXX+++++++++++
+X+XXXXX+XXXXXX++++++++++
XXX+XXX+XX+XXXX++++++++++
XXX+X++++XXX+++++++++++++
XXX+X++++XXX+++++++++++++
XXX+XXX+XX+XXXX++++++++++
+X+XXXXX+XXXXXX++++++++++
+++++XXXXX+XXX+++++++++++
+++++++XXXXXX++++++++++++
++++++++XX+++++++++++++++
+++++++++++++++++++++++++
+++++++++++++++++++++++++
+++++++++++++++++++++++++
+++++++++++++++++++++++++
+++++++++++++++++++++++++
+++++++++++++++++++++++++
+++++++++++++++++++++++++
+++++++++++++++++++++++++
+++++++++++++++++++++++++
+++++++++++++++++++++++++
+++++++++++++++++++++++++

+++++++++++++++++++++++++
++++++++XX+++++++++++++++
+++++++XXX++X++++++++++++
+++++++XXXXXX++++++++++++
++XX+XXXXX+XXX+++++++++++
+X+XXXXX+XXXXXXX+++++++++
XXX+XXX+XX+XXXXX+++++++++
XXX+X++X+XXXXXX++++++++++
XXX+X++X+XXXXXX++++++++++
XXX+XXX+XX+XXXXX+++++++++
+X+XXXXX+XXXXXXX+++++++++
++XX+XXXXX+XXX+++++++++++
+++++++XXXXXX++++++++++++
+++++++XXX++X++++++++++++
++++++++XX+++++++++++++++
+++++++++++++++++++++++++
+++++++++++++++++++++++++
+++++++++++++++++++++++++
+++++++++++++++++++++++++
+++++++++++++++++++++++++
+++++++++++++++++++++++++
+++++++++++++++++++++++++
+++++++++++++++++++++++++
+++++++++++++++++++++++++
+++++++++++++++++++++++++

++++++++XX+++++++++++++++
++++++++XXX++++++++++++++
++++++XXXX++XX+++++++++++
++XXXX+XXXXXX++++++++++++
+XXX+XXXXX+XXX+X+++++++++
+X+XXXXX+XXXXXXXX++++++++
XXX+XXX+XX+XXXXXX++++++++
XXX+X++X+XXXXXX++++++++++
XXX+X++X+XXXXXX++++++++++
XXX+XXX+XX+XXXXXX++++++++
+X+XXXXX+XXXXXXXX++++++++
+XXX+XXXXX+XXX+X+++++++++
++XXXX+XXXXXX++++++++++++
++++++XXXX++XX+++++++++++
++++++++XXX++++++++++++++
++++++++XX+++++++++++++++
+++++++++++++++++++++++++
+++++++++++++++++++++++++
+++++++++++++++++++++++++
+++++++++++++++++++++++++
+++++++++++++++++++++++++
+++++++++++++++++++++++++
+++++++++++++++++++++++++
+++++++++++++++++++++++++
+++++++++++++++++++++++++

+++++++++++++++++++++++++
+++++++XX++++++++++++++++
+++++++XXX+++++++++++++++
+++++++XXXXXX++++++++++++
++++++XXXX+XXX+++++++++++
XX+XXXXX+XXXXXX++++++++++
+XX++X++XX++XXXX+++++++++
XXX+++X+++X+XXX++++++++++
XXX+++X+++X+XXX++++++++++
+XX++X++XX++XXXX+++++++++
XX+XXXXX+XXXXXX++++++++++
++++++XXXX+XXX+++++++++++
+++++++XXXXXX++++++++++++
+++++++XXX+++++++++++++++
+++++++XX++++++++++++++++
+++++++++++++++++++++++++
+++++++++++++++++++++++++
+++++++++++++++++++++++++
+++++++++++++++++++++++++
+++++++++++++++++++++++++
+++++++++++++++++++++++++
+++++++++++++++++++++++++
+++++++++++++++++++++++++
+++++++++++++++++++++++++
+++++++++++++++++++++++++

+++++++++++++++++++++++++
+++++++++++++++++++++++++
+++++++++X+X+++++++++++++
+++++++XXXXXXX+++++++++++
++++X+XXXX+XXXX++++++++++
X++++X+++XXXXXX++++++++++
+XX++XXX+X++X++++++++++++
XXX+++++++XX+++++++++++++
XXX+++++++XX+++++++++++++
+XX++XXX+X++X++++++++++++
X++++X+++XXXXXX++++++++++
++++X+XXXX+XXXX++++++++++
+++++++XXXXXXX+++++++++++
+++++++++X+X+++++++++++++
+++++++++++++++++++++++++
+++++++++++++++++++++++++
+++++++++++++++++++++++++
+++++++++++++++++++++++++
+++++++++++++++++++++++++
+++++++++++++++++++++++++
+++++++++++++++++++++++++
+++++++++++++++++++++++++
+++++++++++++++++++++++++
+++++++++++++++++++++++++
+++++++++++++++++++++++++

+++++++++++++++++++++++++
+++++++++++++++++++++++++
++++++++XX+XX++++++++++++
++++XX+XXXXXXXX++++++++++
XXX+XXXXXX+XXXX++++++++++
XXXXXXXX+XXXXXXX+++++++++
XXX+XXXXXXXXXXX++++++++++
XXX+X++X+XXXXXX++++++++++
XXX+X++X+XXXXXX++++++++++
XXX+XXXXXXXXXXX++++++++++
XXXXXXXX+XXXXXXX+++++++++
XXX+XXXXXX+XXXX++++++++++
++++XX+XXXXXXXX++++++++++
++++++++XX+XX++++++++++++
+++++++++++++++++++++++++
+++++++++++++++++++++++++
+++++++++++++++++++++++++
+++++++++++++++++++++++++
+++++++++++++++++++++++++
+++++++++++++++++++++++++
+++++++++++++++++++++++++
+++++++++++++++++++++++++
+++++++++++++++++++++++++
+++++++++++++++++++++++++
+++++++++++++++++++++++++

+++++++++++++++++++++++++
+++++++++++++++++++++++++
+++++++++X+X+++++++++++++
+++++++XXXXXXX+++++++++++
+++X+X+XXX+XXXX++++++++++
+X+X+XXXXXXXX++++++++++++
X+X+XX++XX++X++++++++++++
XXXXXX+++X+X+++++++++++++
XXXXXX+++X+X+++++++++++++
X+X+XX++XX++X++++++++++++
+X+X+XXXXXXXX++++++++++++
+++X+X+XXX+XXXX++++++++++
+++++++XXXXXXX+++++++++++
+++++++++X+X+++++++++++++
+++++++++++++++++++++++++
+++++++++++++++++++++++++
+++++++++++++++++++++++++
+++++++++++++++++++++++++
+++++++++++++++++++++++++
+++++++++++++++++++++++++
+++++++++++++++++++++++++
+++++++++++++++++++++++++
+++++++++++++++++++++++++
+++++++++++++++++++++++++
+++++++++++++++++++++++++

+++++++++++++++++++++++++
+++++++++++++++++++++++++
++++++++X++++++++++++++++
+++++++XX++++++++++++++++
++++++XXXX+++++++++++++++
+++++++X++XXXX+++++++++++
XX+X+++++X+++++++++++++++
XXX+X+++X++X+++++++++++++
XXX+X+++X++X+++++++++++++
XX+X+++++X+++++++++++++++
+++++++X++XXXX+++++++++++
++++++XXXX+++++++++++++++
+++++++XX++++++++++++++++
++++++++X++++++++++++++++
+++++++++++++++++++++++++
+++++++++++++++++++++++++
+++++++++++++++++++++++++
+++++++++++++++++++++++++
+++++++++++++++++++++++++
+++++++++++++++++++++++++
+++++++++++++++++++++++++
+++++++++++++++++++++++++
+++++++++++++++++++++++++
+++++++++++++++++++++++++
+++++++++++++++++++++++++

+++++++++++++++++++++++++
+++++++++++++++++++++++++
++++++++X++++++++++++++++
+++++++XX++XX++++++++++++
++++++XXXX+XXX+++++++++++
+++++XXX+XXXXX+++++++++++
XX+X+XX++X++XX+++++++++++
XXX+X++XXXXX+++++++++++++
XXX+X++XXXXX+++++++++++++
XX+X+XX++X++XX+++++++++++
+++++XXX+XXXXX+++++++++++
++++++XXXX+XXX+++++++++++
+++++++XX++XX++++++++++++
++++++++X++++++++++++++++
+++++++++++++++++++++++++
+++++++++++++++++++++++++
+++++++++++++++++++++++++
+++++++++++++++++++++++++
+++++++++++++++++++++++++
+++++++++++++++++++++++++
+++++++++++++++++++++++++
+++++++++++++++++++++++++
+++++++++++++++++++++++++
+++++++++++++++++++++++++
+++++++++++++++++++++++++

+++++++++++++++++++++++++
+++++++++++++++++++++++++
++++++++X++XX++++++++++++
+++++++XX+XXX++++++++++++
+++++XXXXX+XXXX++++++++++
+++++XXXXXXXXX+++++++++++
XX+X+XX++X++XXX++++++++++
XXX+X++XXXXXXX+++++++++++
XXX+X++XXXXXXX+++++++++++
XX+X+XX++X++XXX++++++++++
+++++XXXXXXXXX+++++++++++
+++++XXXXX+XXXX++++++++++
+++++++XX+XXX++++++++++++
++++++++X++XX++++++++++++
+++++++++++++++++++++++++
+++++++++++++++++++++++++
+++++++++++++++++++++++++
+++++++++++++++++++++++++
+++++++++++++++++++++++++
+++++++++++++++++++++++++
+++++++++++++++++++++++++
+++++++++++++++++++++++++
+++++++++++++++++++++++++
+++++++++++++++++++++++++
+++++++++++++++++++++++++

+++++++++++++++++++++++++
+++++++++++++++++++++++++
++++++++X++++++++++++++++
+++++++XX+++XX+++++++++++
++++++XXXX+XX++++++++++++
++++X++X++XXXXX++++++++++
XX+X+XX++X+++++++++++++++
XXXX+++XXXX++++++++++++++
XXXX+++XXXX++++++++++++++
XX+X+XX++X+++++++++++++++
++++X++X++XXXXX++++++++++
++++++XXXX+XX++++++++++++
+++++++XX+++XX+++++++++++
++++++++X++++++++++++++++
+++++++++++++++++++++++++
+++++++++++++++++++++++++
+++++++++++++++++++++++++
+++++++++++++++++++++++++
+++++++++++++++++++++++++
+++++++++++++++++++++++++
+++++++++++++++++++++++++
+++++++++++++++++++++++++
+++++++++++++++++++++++++
+++++++++++++++++++++++++
+++++++++++++++++++++++++

+++++++++++++++++++++++++
+++++++++++++++++++++++++
++++++++X++++++++++++++++
+++++++XX++++++++++++++++
++++++XXXXXXX++++++++++++
++++X++X+++XX++++++++++++
XX+X+X++XX++X++++++++++++
XXXX+X++X++++++++++++++++
XXXX+X++X++++++++++++++++
XX+X+X++XX++X++++++++++++
++++X++X+++XX++++++++++++
++++++XXXXXXX++++++++++++
+++++++XX++++++++++++++++
++++++++X++++++++++++++++
+++++++++++++++++++++++++
+++++++++++++++++++++++++
+++++++++++++++++++++++++
+++++++++++++++++++++++++
+++++++++++++++++++++++++
+++++++++++++++++++++++++
+++++++++++++++++++++++++
+++++++++++++++++++++++++
+++++++++++++++++++++++++
+++++++++++++++++++++++++
+++++++++++++++++++++++++

+++++++++++++++++++++++++
+++++++++++++++++++++++++
++++++++X++++++++++++++++
+++++++XX+X+X++++++++++++
++++++XXXXXXXX+++++++++++
++++XX+X++XXXX+++++++++++
XX+X+XX+XXX+XX+++++++++++
XXXXXX++X+XX+++++++++++++
XXXXXX++X+XX+++++++++++++
XX+X+XX+XXX+XX+++++++++++
++++XX+X++XXXX+++++++++++
++++++XXXXXXXX+++++++++++
+++++++XX+X+X++++++++++++
++++++++X++++++++++++++++
+++++++++++++++++++++++++
+++++++++++++++++++++++++
+++++++++++++++++++++++++
+++++++++++++++++++++++++
+++++++++++++++++++++++++
+++++++++++++++++++++++++
+++++++++++++++++++++++++
+++++++++++++++++++++++++
+++++++++++++++++++++++++
+++++++++++++++++++++++++
+++++++++++++++++++++++++

+++++++++++++++++++++++++
+++++++++++++++++++++++++
++++++++X++++++++++++++++
+++++++XX++X+++++++++++++
++++++XXXX+++++++++++++++
++++X++X+XXXXX+++++++++++
XX++++++XX+X+++++++++++++
XXX++XX+X++XX++++++++++++
XXX++XX+X++XX++++++++++++
XX++++++XX+X+++++++++++++
++++X++X+XXXXX+++++++++++
++++++XXXX+++++++++++++++
+++++++XX++X+++++++++++++
++++++++X++++++++++++++++
+++++++++++++++++++++++++
+++++++++++++++++++++++++
+++++++++++++++++++++++++
+++++++++++++++++++++++++
+++++++++++++++++++++++++
+++++++++++++++++++++++++
+++++++++++++++++++++++++
+++++++++++++++++++++++++
+++++++++++++++++++++++++
+++++++++++++++++++++++++
+++++++++++++++++++++++++

+++++++++++++++++++++++++
+++++++++++++++++++++++++
+++++++++++++++++++++++++
+++++++++++++++++++++++++
++++++X+XX+++++++++++++++
++++X+X+XX++X++++++++++++
+++X+++++XX++++++++++++++
+++++++++XXXX++++++++++++
+++++++++XXXX++++++++++++
+++X+++++XX++++++++++++++
++++X+X+XX++X++++++++++++
++++++X+XX+++++++++++++++
+++++++++++++++++++++++++
+++++++++++++++++++++++++
+++++++++++++++++++++++++
+++++++++++++++++++++++++
+++++++++++++++++++++++++
+++++++++++++++++++++++++
+++++++++++++++++++++++++
+++++++++++++++++++++++++
+++++++++++++++++++++++++
+++++++++++++++++++++++++
+++++++++++++++++++++++++
+++++++++++++++++++++++++
+++++++++++++++++++++++++

+++++++++++++++++++++++++
+++++++++++++++++++++++++
+++++++++++++++++++++++++
+++++++++++++++++++++++++
++++X+XXXX+++++++++++++++
++++XXXXXXXXX++++++++++++
+X+XXX+X+XX+XX+++++++++++
XXX+X+++XXXXX++++++++++++
XXX+X+++XXXXX++++++++++++
+X+XXX+X+XX+XX+++++++++++
++++XXXXXXXXX++++++++++++
++++X+XXXX+++++++++++++++
+++++++++++++++++++++++++
+++++++++++++++++++++++++
+++++++++++++++++++++++++
+++++++++++++++++++++++++
+++++++++++++++++++++++++
+++++++++++++++++++++++++
+++++++++++++++++++++++++
+++++++++++++++++++++++++
+++++++++++++++++++++++++
+++++++++++++++++++++++++
+++++++++++++++++++++++++
+++++++++++++++++++++++++
+++++++++++++++++++++++++

+++++++++++++++++++++++++
+++++++++++++++++++++++++
+++++++++++++++++++++++++
+++++XX++X+++++++++++++++
+++XX+XXXX+X+++++++++++++
++X+XXXXXXXXXX+++++++++++
+X+XXX+X+XX+XX+++++++++++
XXX+X+X+XXXXX++++++++++++
XXX+X+X+XXXXX++++++++++++
+X+XXX+X+XX+XX+++++++++++
++X+XXXXXXXXXX+++++++++++
+++XX+XXXX+X+++++++++++++
+++++XX++X+++++++++++++++
+++++++++++++++++++++++++
+++++++++++++++++++++++++
+++++++++++++++++++++++++
+++++++++++++++++++++++++
+++++++++++++++++++++++++
+++++++++++++++++++++++++
+++++++++++++++++++++++++
+++++++++++++++++++++++++
+++++++++++++++++++++++++
+++++++++++++++++++++++++
+++++++++++++++++++++++++
+++++++++++++++++++++++++

+++++++++++++++++++++++++
+++++++++++++++++++++++++
+++++XX++++++++++++++++++
+++X+XX++X+++++++++++++++
++XXX+XXXX+X+++++++++++++
+XX+XXXXXXXXXXX++++++++++
+X+XXX+X+XX+XXX++++++++++
XXX+X+X+XXXXX++++++++++++
XXX+X+X+XXXXX++++++++++++
+X+XXX+X+XX+XXX++++++++++
+XX+XXXXXXXXXXX++++++++++
++XXX+XXXX+X+++++++++++++
+++X+XX++X+++++++++++++++
+++++XX++++++++++++++++++
+++++++++++++++++++++++++
+++++++++++++++++++++++++
+++++++++++++++++++++++++
+++++++++++++++++++++++++
+++++++++++++++++++++++++
+++++++++++++++++++++++++
+++++++++++++++++++++++++
+++++++++++++++++++++++++
+++++++++++++++++++++++++
+++++++++++++++++++++++++
+++++++++++++++++++++++++

+++++++++++++++++++++++++
+++++XX++++++++++++++++++
+++++XXX+++++++++++++++++
+++X+XX++X+++++++++++++++
++XXX+XXXX+X+XX++++++++++
XXX+XXXXXXXXXXXX+++++++++
+X+XXX+X+XX+XXXX+++++++++
XXX+X+X+XXXXX+X++++++++++
XXX+X+X+XXXXX+X++++++++++
+X+XXX+X+XX+XXXX+++++++++
XXX+XXXXXXXXXXXX+++++++++
++XXX+XXXX+X+XX++++++++++
+++X+XX++X+++++++++++++++
+++++XXX+++++++++++++++++
+++++XX++++++++++++++++++
+++++++++++++++++++++++++
+++++++++++++++++++++++++
+++++++++++++++++++++++++
+++++++++++++++++++++++++
+++++++++++++++++++++++++
+++++++++++++++++++++++++
+++++++++++++++++++++++++
+++++++++++++++++++++++++
+++++++++++++++++++++++++
+++++++++++++++++++++++++

+++++++++++++++++++++++++
+++++++++++++++++++++++++
++++X++++++++++++++++++++
++X++XX+++X++++++++++++++
+XXXX+XXXX++X++++++++++++
++X+XXXXXXXXXX+++++++++++
+X+XXX+X+XX+XX+++++++++++
XXX+X+++XX+X+++++++++++++
XXX+X+++XX+X+++++++++++++
+X+XXX+X+XX+XX+++++++++++
++X+XXXXXXXXXX+++++++++++
+XXXX+XXXX++X++++++++++++
++X++XX+++X++++++++++++++
++++X++++++++++++++++++++
+++++++++++++++++++++++++
+++++++++++++++++++++++++
+++++++++++++++++++++++++
+++++++++++++++++++++++++
+++++++++++++++++++++++++
+++++++++++++++++++++++++
+++++++++++++++++++++++++
+++++++++++++++++++++++++
+++++++++++++++++++++++++
+++++++++++++++++++++++++
+++++++++++++++++++++++++

+++++++++++++++++++++++++
+++++++++++++++++++++++++
+++++++++++++++++++++++++
++++X+++++X++++++++++++++
++++X+XXXX++X++++++++++++
++++XXXXXXXXX++++++++++++
XX+XXX+X+XX+X++++++++++++
XXX+X+++XX+X+++++++++++++
XXX+X+++XX+X+++++++++++++
XX+XXX+X+XX+X++++++++++++
++++XXXXXXXXX++++++++++++
++++X+XXXX++X++++++++++++
++++X+++++X++++++++++++++
+++++++++++++++++++++++++
+++++++++++++++++++++++++
+++++++++++++++++++++++++
+++++++++++++++++++++++++
+++++++++++++++++++++++++
+++++++++++++++++++++++++
+++++++++++++++++++++++++
+++++++++++++++++++++++++
+++++++++++++++++++++++++
+++++++++++++++++++++++++
+++++++++++++++++++++++++
+++++++++++++++++++++++++

+++++++++++++++++++++++++
+++++++++++++++++++++++++
++++X+X++XX++++++++++++++
+++XXXX++XX+X++++++++++++
++XXX+XXXX+XXX+++++++++++
+XXXXXXXXXXXXXX++++++++++
XX+XXX+X+XXXXXX++++++++++
XXX+XXXXXXXXX++++++++++++
XXX+XXXXXXXXX++++++++++++
XX+XXX+X+XXXXXX++++++++++
+XXXXXXXXXXXXXX++++++++++
++XXX+XXXX+XXX+++++++++++
+++XXXX++XX+X++++++++++++
++++X+X++XX++++++++++++++
+++++++++++++++++++++++++
+++++++++++++++++++++++++
+++++++++++++++++++++++++
+++++++++++++++++++++++++
+++++++++++++++++++++++++
+++++++++++++++++++++++++
+++++++++++++++++++++++++
+++++++++++++++++++++++++
+++++++++++++++++++++++++
+++++++++++++++++++++++++
+++++++++++++++++++++++++

+++++++++++++++++++++++++
+++++++++++++++++++++++++
+++++X+++++++++++++++++++
+++++X+++++X+++++++++++++
+++X+XXXXXXX+++++++++++++
++++XXXXXXXXXX+++++++++++
XX+XXX+X+XX++X+++++++++++
XXX+X+++XX+XXX+++++++++++
XXX+X+++XX+XXX+++++++++++
XX+XXX+X+XX++X+++++++++++
++++XXXXXXXXXX+++++++++++
+++X+XXXXXXX+++++++++++++
+++++X+++++X+++++++++++++
+++++X+++++++++++++++++++
+++++++++++++++++++++++++
+++++++++++++++++++++++++
+++++++++++++++++++++++++
+++++++++++++++++++++++++
+++++++++++++++++++++++++
+++++++++++++++++++++++++
+++++++++++++++++++++++++
+++++++++++++++++++++++++
+++++++++++++++++++++++++
+++++++++++++++++++++++++
+++++++++++++++++++++++++

+++++++++++++++++++++++++
+++++++++++++++++++++++++
+++++++++++++++++++++++++
+++++++XX++++++++++++++++
++++++XXXX+++++++++++++++
++++XXXXXXX++++++++++++++
X++XXX+X+XX++++++++++++++
XXX+X++XXX+X+++++++++++++
XXX+X++XXX+X+++++++++++++
X++XXX+X+XX++++++++++++++
++++XXXXXXX++++++++++++++
++++++XXXX+++++++++++++++
+++++++XX++++++++++++++++
+++++++++++++++++++++++++
+++++++++++++++++++++++++
+++++++++++++++++++++++++
+++++++++++++++++++++++++
+++++++++++++++++++++++++
+++++++++++++++++++++++++
+++++++++++++++++++++++++
+++++++++++++++++++++++++
+++++++++++++++++++++++++
+++++++++++++++++++++++++
+++++++++++++++++++++++++
+++++++++++++++++++++++++

+++++++++++++++++++++++++
+++++++++++++++++++++++++
+++++++XX++++++++++++++++
+++++++XX++++++++++++++++
++++X+XXXX+XX++++++++++++
XX++XXXXXXXXX++++++++++++
XX+XXX+X+XX+XX+++++++++++
XXX+X+XXXXXXX++++++++++++
XXX+X+XXXXXXX++++++++++++
XX+XXX+X+XX+XX+++++++++++
XX++XXXXXXXXX++++++++++++
++++X+XXXX+XX++++++++++++
+++++++XX++++++++++++++++
+++++++XX++++++++++++++++
+++++++++++++++++++++++++
+++++++++++++++++++++++++
+++++++++++++++++++++++++
+++++++++++++++++++++++++
+++++++++++++++++++++++++
+++++++++++++++++++++++++
+++++++++++++++++++++++++
+++++++++++++++++++++++++
+++++++++++++++++++++++++
+++++++++++++++++++++++++
+++++++++++++++++++++++++

+++++++++++++++++++++++++
+++++++XX++++++++++++++++
++++++XXXX+++++++++++++++
+++++++XX++XX++++++++++++
XX++X+XXXXXXXX+++++++++++
XXX+XXXXXXXXX++++++++++++
XX+XXXXX+XX+XX+++++++++++
XXX+XXXXXXXXX++++++++++++
XXX+XXXXXXXXX++++++++++++
XX+XXXXX+XX+XX+++++++++++
XXX+XXXXXXXXX++++++++++++
XX++X+XXXXXXXX+++++++++++
+++++++XX++XX++++++++++++
++++++XXXX+++++++++++++++
+++++++XX++++++++++++++++
+++++++++++++++++++++++++
+++++++++++++++++++++++++
+++++++++++++++++++++++++
+++++++++++++++++++++++++
+++++++++++++++++++++++++
+++++++++++++++++++++++++
+++++++++++++++++++++++++
+++++++++++++++++++++++++
+++++++++++++++++++++++++
+++++++++++++++++++++++++

+++++++++++++++++++++++++
+++++++++++++++++++++++++
+++++++++++++++++++++++++
++++++XXXX+++++++++++++++
++++X+X++X+++++++++++++++
++++XXXXXX+XX++++++++++++
XXXXXX++XX++X++++++++++++
XX++X++XXXXX+++++++++++++
XX++X++XXXXX+++++++++++++
XXXXXX++XX++X++++++++++++
++++XXXXXX+XX++++++++++++
++++X+X++X+++++++++++++++
++++++XXXX+++++++++++++++
+++++++++++++++++++++++++
+++++++++++++++++++++++++
+++++++++++++++++++++++++
+++++++++++++++++++++++++
+++++++++++++++++++++++++
+++++++++++++++++++++++++
+++++++++++++++++++++++++
+++++++++++++++++++++++++
+++++++++++++++++++++++++
+++++++++++++++++++++++++
+++++++++++++++++++++++++
+++++++++++++++++++++++++

+++++++++++++++++++++++++
+++++++++++++++++++++++++
+++++++++++++++++++++++++
+++++++XX++++++++++++++++
++++++XXXX+++++++++++++++
++++XXXXXXXXXX+++++++++++
X++XXX+X+XX++X+++++++++++
XXX+X++XXX+XX++++++++++++
XXX+X++XXX+XX++++++++++++
X++XXX+X+XX++X+++++++++++
++++XXXXXXXXXX+++++++++++
++++++XXXX+++++++++++++++
+++++++XX++++++++++++++++
+++++++++++++++++++++++++
+++++++++++++++++++++++++
+++++++++++++++++++++++++
+++++++++++++++++++++++++
+++++++++++++++++++++++++
+++++++++++++++++++++++++
+++++++++++++++++++++++++
+++++++++++++++++++++++++
+++++++++++++++++++++++++
+++++++++++++++++++++++++
+++++++++++++++++++++++++
+++++++++++++++++++++++++

+++++++++++++++++++++++++
+++++++++++++++++++++++++
+++++++++++++++++++++++++
+++++++XX++++++++++++++++
++++++XXXX+X+X+++++++++++
++++XXXXXXXXXXX++++++++++
X++XXX+X+XX++XX++++++++++
XXX+X++XXX+XX++++++++++++
XXX+X++XXX+XX++++++++++++
X++XXX+X+XX++XX++++++++++
++++XXXXXXXXXXX++++++++++
++++++XXXX+X+X+++++++++++
+++++++XX++++++++++++++++
+++++++++++++++++++++++++
+++++++++++++++++++++++++
+++++++++++++++++++++++++
+++++++++++++++++++++++++
+++++++++++++++++++++++++
+++++++++++++++++++++++++
+++++++++++++++++++++++++
+++++++++++++++++++++++++
+++++++++++++++++++++++++
+++++++++++++++++++++++++
+++++++++++++++++++++++++
+++++++++++++++++++++++++

+++++++++++++++++++++++++
+++++++++++++++++++++++++
+++++++++++++++++++++++++
+++++++XX++++++++++++++++
++++++XXXX++X++++++++++++
++++XXXXXXXX+++++++++++++
X++XXX+X+XXX+++++++++++++
XXX+X++XXX+X+X+++++++++++
XXX+X++XXX+X+X+++++++++++
X++XXX+X+XXX+++++++++++++
++++XXXXXXXX+++++++++++++
++++++XXXX++X++++++++++++
+++++++XX++++++++++++++++
+++++++++++++++++++++++++
+++++++++++++++++++++++++
+++++++++++++++++++++++++
+++++++++++++++++++++++++
+++++++++++++++++++++++++
+++++++++++++++++++++++++
+++++++++++++++++++++++++
+++++++++++++++++++++++++
+++++++++++++++++++++++++
+++++++++++++++++++++++++
+++++++++++++++++++++++++
+++++++++++++++++++++++++

+++++++++++++++++++++++++
+++++++++++++++++++++++++
+++++++++++++++++++++++++
+++++++++++++++++++++++++
+++++XX+XX+++++++++++++++
+++XX+++X+++X++++++++++++
++XX++X+XX+X+++++++++++++
+X+++++++++X+X+++++++++++
+X+++++++++X+X+++++++++++
++XX++X+XX+X+++++++++++++
+++XX+++X+++X++++++++++++
+++++XX+XX+++++++++++++++
+++++++++++++++++++++++++
+++++++++++++++++++++++++
+++++++++++++++++++++++++
+++++++++++++++++++++++++
+++++++++++++++++++++++++
+++++++++++++++++++++++++
+++++++++++++++++++++++++
+++++++++++++++++++++++++
+++++++++++++++++++++++++
+++++++++++++++++++++++++
+++++++++++++++++++++++++
+++++++++++++++++++++++++
+++++++++++++++++++++++++

+++++++++++++++++++++++++
+++++++++++++++++++++++++
+++++++++++++++++++++++++
+++++++++++++++++++++++++
++++XXX+XX+++++++++++++++
++XXX+X+XX+XX++++++++++++
+XXX+XX+XXXX+X+++++++++++
XX+++++X+XXXXXX++++++++++
XX+++++X+XXXXXX++++++++++
+XXX+XX+XXXX+X+++++++++++
++XXX+X+XX+XX++++++++++++
++++XXX+XX+++++++++++++++
+++++++++++++++++++++++++
+++++++++++++++++++++++++
+++++++++++++++++++++++++
+++++++++++++++++++++++++
+++++++++++++++++++++++++
+++++++++++++++++++++++++
+++++++++++++++++++++++++
+++++++++++++++++++++++++
+++++++++++++++++++++++++
+++++++++++++++++++++++++
+++++++++++++++++++++++++
+++++++++++++++++++++++++
+++++++++++++++++++++++++

+++++++++++++++++++++++++
+++++++++++++++++++++++++
+++++++++++++++++++++++++
++++X+X++++++++++++++++++
++X+XXX+XXX++++++++++++++
++XXX+X+XX+XX++++++++++++
+XXX+XX+XXXX+X+++++++++++
XX+XXX+X+XXXXXXX+++++++++
XX+XXX+X+XXXXXXX+++++++++
+XXX+XX+XXXX+X+++++++++++
++XXX+X+XX+XX++++++++++++
++X+XXX+XXX++++++++++++++
++++X+X++++++++++++++++++
+++++++++++++++++++++++++
+++++++++++++++++++++++++
+++++++++++++++++++++++++
+++++++++++++++++++++++++
+++++++++++++++++++++++++
+++++++++++++++++++++++++
+++++++++++++++++++++++++
+++++++++++++++++++++++++
+++++++++++++++++++++++++
+++++++++++++++++++++++++
+++++++++++++++++++++++++
+++++++++++++++++++++++++

+++++++++++++++++++++++++
+++++++++++++++++++++++++
+++++X+++++++++++++++++++
++++X+X+X+X++++++++++++++
+XX+XXX+XXXX+++++++++++++
++XXX+X+XX+XX++++++++++++
+XXX+XX+XXXX+X+X+++++++++
XX+XXX+X+XXXXXXXX++++++++
XX+XXX+X+XXXXXXXX++++++++
+XXX+XX+XXXX+X+X+++++++++
++XXX+X+XX+XX++++++++++++
+XX+XXX+XXXX+++++++++++++
++++X+X+X+X++++++++++++++
+++++X+++++++++++++++++++
+++++++++++++++++++++++++
+++++++++++++++++++++++++
+++++++++++++++++++++++++
+++++++++++++++++++++++++
+++++++++++++++++++++++++
+++++++++++++++++++++++++
+++++++++++++++++++++++++
+++++++++++++++++++++++++
+++++++++++++++++++++++++
+++++++++++++++++++++++++
+++++++++++++++++++++++++

+++++++++++++++++++++++++
+++++++++++++++++++++++++
+++++++++++++++++++++++++
+++X+++X+X+++++++++++++++
++++XX+++X+++++++++++++++
++XXX+X+XX+++++++++++++++
XXXX+XX+XXXX+++++++++++++
XX+XXX+++XXXXXX++++++++++
XX+XXX+++XXXXXX++++++++++
XXXX+XX+XXXX+++++++++++++
++XXX+X+XX+++++++++++++++
++++XX+++X+++++++++++++++
+++X+++X+X+++++++++++++++
+++++++++++++++++++++++++
+++++++++++++++++++++++++
+++++++++++++++++++++++++
+++++++++++++++++++++++++
+++++++++++++++++++++++++
+++++++++++++++++++++++++
+++++++++++++++++++++++++
+++++++++++++++++++++++++
+++++++++++++++++++++++++
+++++++++++++++++++++++++
+++++++++++++++++++++++++
+++++++++++++++++++++++++

+++++++++++++++++++++++++
+++++++++++++++++++++++++
+++++++++++++++++++++++++
+++++X+++++++++++++++++++
+++++X+XXX+++++++++++++++
+XXXX+X++++++++++++++++++
XXXX++++XXXX++X++++++++++
XX+++++++XXXXXX++++++++++
XX+++++++XXXXXX++++++++++
XXXX++++XXXX++X++++++++++
+XXXX+X++++++++++++++++++
+++++X+XXX+++++++++++++++
+++++X+++++++++++++++++++
+++++++++++++++++++++++++
+++++++++++++++++++++++++
+++++++++++++++++++++++++
+++++++++++++++++++++++++
+++++++++++++++++++++++++
+++++++++++++++++++++++++
+++++++++++++++++++++++++
+++++++++++++++++++++++++
+++++++++++++++++++++++++
+++++++++++++++++++++++++
+++++++++++++++++++++++++
+++++++++++++++++++++++++

+++++++++++++++++++++++++
+++++++++++++++++++++++++
+++++++++++++++++++++++++
++++XX+X+++++++++++++++++
++++XXXXXXXXX++++++++++++
XXXXX+X+XXXXX+X++++++++++
XXXX+XX+XXXX+XX++++++++++
XX+++X+XXXXXXXX++++++++++
XX+++X+XXXXXXXX++++++++++
XXXX+XX+XXXX+XX++++++++++
XXXXX+X+XXXXX+X++++++++++
++++XXXXXXXXX++++++++++++
++++XX+X+++++++++++++++++
+++++++++++++++++++++++++
+++++++++++++++++++++++++
+++++++++++++++++++++++++
+++++++++++++++++++++++++
+++++++++++++++++++++++++
+++++++++++++++++++++++++
+++++++++++++++++++++++++
+++++++++++++++++++++++++
+++++++++++++++++++++++++
+++++++++++++++++++++++++
+++++++++++++++++++++++++
+++++++++++++++++++++++++

+++++++++++++++++++++++++
+++++++++++++++++++++++++
+++++++++++++++++++++++++
++++++X++++++++++++++++++
++++++X++X+++++++++++++++
+XXXX+X+X+++XX+++++++++++
XXXX++XX+XXXXXX++++++++++
XX+++++X+XXXXXX++++++++++
XX+++++X+XXXXXX++++++++++
XXXX++XX+XXXXXX++++++++++
+XXXX+X+X+++XX+++++++++++
++++++X++X+++++++++++++++
++++++X++++++++++++++++++
+++++++++++++++++++++++++
+++++++++++++++++++++++++
+++++++++++++++++++++++++
+++++++++++++++++++++++++
+++++++++++++++++++++++++
+++++++++++++++++++++++++
+++++++++++++++++++++++++
+++++++++++++++++++++++++
+++++++++++++++++++++++++
+++++++++++++++++++++++++
+++++++++++++++++++++++++
+++++++++++++++++++++++++

+++++++++++++++++++++++++
+++++++++++++++++++++++++
+++++++++++++++++++++++++
+++++++++++++++++++++++++
+++++XX+XX+++++++++++++++
+++XXXXXXXX+X++++++++++++
+++X++XX+X++X++++++++++++
++X+++++X++X+++++++++++++
++X+++++X++X+++++++++++++
+++X++XX+X++X++++++++++++
+++XXXXXXXX+X++++++++++++
+++++XX+XX+++++++++++++++
+++++++++++++++++++++++++
+++++++++++++++++++++++++
+++++++++++++++++++++++++
+++++++++++++++++++++++++
+++++++++++++++++++++++++
+++++++++++++++++++++++++
+++++++++++++++++++++++++
+++++++++++++++++++++++++
+++++++++++++++++++++++++
+++++++++++++++++++++++++
+++++++++++++++++++++++++
+++++++++++++++++++++++++
+++++++++++++++++++++++++

+++++++++++++++++++++++++
+++++++++++++++++++++++++
+++++++++++++++++++++++++
+++++++++++++++++++++++++
+++++XXXXXX++++++++++++++
+++XXXXXXXX+X++++++++++++
++XX+XXXXX+XXX+++++++++++
XXX+++++X++X+XX++++++++++
XXX+++++X++X+XX++++++++++
++XX+XXXXX+XXX+++++++++++
+++XXXXXXXX+X++++++++++++
+++++XXXXXX++++++++++++++
+++++++++++++++++++++++++
+++++++++++++++++++++++++
+++++++++++++++++++++++++
+++++++++++++++++++++++++
+++++++++++++++++++++++++
+++++++++++++++++++++++++
+++++++++++++++++++++++++
+++++++++++++++++++++++++
+++++++++++++++++++++++++
+++++++++++++++++++++++++
+++++++++++++++++++++++++
+++++++++++++++++++++++++
+++++++++++++++++++++++++

+++++++++++++++++++++++++
+++++++++++++++++++++++++
+++++++++++++++++++++++++
++++++XX++X++++++++++++++
++++XXXXXXX++++++++++++++
++XXXXXXXXX+X++++++++++++
X+XX+XXXXX+XXX+++++++++++
XXX+X+X+X++X+XXX+++++++++
XXX+X+X+X++X+XXX+++++++++
X+XX+XXXXX+XXX+++++++++++
++XXXXXXXXX+X++++++++++++
++++XXXXXXX++++++++++++++
++++++XX++X++++++++++++++
+++++++++++++++++++++++++
+++++++++++++++++++++++++
+++++++++++++++++++++++++
+++++++++++++++++++++++++
+++++++++++++++++++++++++
+++++++++++++++++++++++++
+++++++++++++++++++++++++
+++++++++++++++++++++++++
+++++++++++++++++++++++++
+++++++++++++++++++++++++
+++++++++++++++++++++++++
+++++++++++++++++++++++++

+++++++++++++++++++++++++
+++++++++++++++++++++++++
+++++++++++++++++++++++++
++++++++XX+++++++++++++++
++++++X+XX+X+++++++++++++
+++XX+XXXXX++X+++++++++++
++++X+XXXX+XXXX++++++++++
+XX++++++XX++XX++++++++++
+XX++++++XX++XX++++++++++
++++X+XXXX+XXXX++++++++++
+++XX+XXXXX++X+++++++++++
++++++X+XX+X+++++++++++++
++++++++XX+++++++++++++++
+++++++++++++++++++++++++
+++++++++++++++++++++++++
+++++++++++++++++++++++++
+++++++++++++++++++++++++
+++++++++++++++++++++++++
+++++++++++++++++++++++++
+++++++++++++++++++++++++
+++++++++++++++++++++++++
+++++++++++++++++++++++++
+++++++++++++++++++++++++
+++++++++++++++++++++++++
+++++++++++++++++++++++++

+++++++++++++++++++++++++
+++++++++++++++++++++++++
+++++++++++++++++++++++++
+++++++++++++++++++++++++
+++++X++XX+++++++++++++++
+++XXX++X++XX++++++++++++
+XXX++XX+XXX+++++++++++++
++XX+++++X+X+X+++++++++++
++XX+++++X+X+X+++++++++++
+XXX++XX+XXX+++++++++++++
+++XXX++X++XX++++++++++++
+++++X++XX+++++++++++++++
+++++++++++++++++++++++++
+++++++++++++++++++++++++
+++++++++++++++++++++++++
+++++++++++++++++++++++++
+++++++++++++++++++++++++
+++++++++++++++++++++++++
+++++++++++++++++++++++++
+++++++++++++++++++++++++
+++++++++++++++++++++++++
+++++++++++++++++++++++++
+++++++++++++++++++++++++
+++++++++++++++++++++++++
+++++++++++++++++++++++++

+++++++++++++++++++++++++
+++++++++++++++++++++++++
+++++++++++++++++++++++++
+++++++++++++++++++++++++
+++++XX+XX+X+++++++++++++
+XXXXXXXXXXXX++++++++++++
+XXX++XX+XXXXX+++++++++++
+XXXX++XXX+X+XX++++++++++
+XXXX++XXX+X+XX++++++++++
+XXX++XX+XXXXX+++++++++++
+XXXXXXXXXXXX++++++++++++
+++++XX+XX+X+++++++++++++
+++++++++++++++++++++++++
+++++++++++++++++++++++++
+++++++++++++++++++++++++
+++++++++++++++++++++++++
+++++++++++++++++++++++++
+++++++++++++++++++++++++
+++++++++++++++++++++++++
+++++++++++++++++++++++++
+++++++++++++++++++++++++
+++++++++++++++++++++++++
+++++++++++++++++++++++++
+++++++++++++++++++++++++
+++++++++++++++++++++++++

+++++++++++++++++++++++++
+++++++++++++++++++++++++
+++++++++++++++++++++++++
+++++++++++++++++++++++++
+++++XXXXXX++++++++++++++
+++XXXXXXX+X+++++++++++++
+X+X++X++XXXX++++++++++++
++X+++++XX+++++++++++++++
++X+++++XX+++++++++++++++
+X+X++X++XXXX++++++++++++
+++XXXXXXX+X+++++++++++++
+++++XXXXXX++++++++++++++
+++++++++++++++++++++++++
+++++++++++++++++++++++++
+++++++++++++++++++++++++
+++++++++++++++++++++++++
+++++++++++++++++++++++++
+++++++++++++++++++++++++
+++++++++++++++++++++++++
+++++++++++++++++++++++++
+++++++++++++++++++++++++
+++++++++++++++++++++++++
+++++++++++++++++++++++++
+++++++++++++++++++++++++
+++++++++++++++++++++++++

